


02/07/14-11:29:33	            RtgsAck-1496-001506 	 1
_______________________________________________________________________________
	---------------------  Instance Type and Transmission --------------	
       Notification (Transmission) of Original sent to SWIFT (ACK)
       Network Delivery Status   : Network Ack 
       Priority/Delivery         : Normal
       Message Input Reference   : 1126 140702NAMENGLAAXXX3297416869
	--------------------------- Message Header -------------------------	
       Swift Input                   : FIN 103 Single Customer Credt Transfer
       Sender   : NAMENGLAXXX 
                  STERLING BANK PLC
                  LAGOS NG
       Receiver : FIDTNGLAXXX
                  FIDELITY BANK PLC
                  LAGOS NG
       FIN Copy Service : NGR
	--------------------------- Message Text ---------------------------	
        20: Sender's Reference
            SRS220147501577
       23B: Bank Operation Code
            CRED
       23E: Instruction Code
            SDVA
       26T: Transaction Type Code
            001
       32A: Val Dte/Curr/Interbnk Settld Amt
            Date           : 02 July 2014
            Currency       : NGN (NAIRA)
            Amount         :            #14,135,307.00#
       50K: Ordering Customer-Name & Address
            /0003298601
            CISCON NIG.LIMITED
       53A: Sender's Correspondent - FI BIC
            /D/3000025911
            NAMENGLA
            STERLING BANK PLC
            LAGOS  NG
       57A: Account With Institution - FI BIC
            /3000024646
            FIDTNGLA
            FIDELITY BANK PLC
            LAGOS  NG
        59: Beneficiary Customer-Name & Addr
            /4010367202
            OLYMPIC BOND INDUSTRIES LIMITED
       71A: Details of Charges
            OUR
        72: Sender to Receiver Information
            /CODTYPTR/001
            /BNF/FUNDS TFR TO OLYMPIC BOND INDU
            //STRIES- FIDELITY
	--------------------------- Message Trailer ------------------------	
       {CHK:ECDA19EF6EE2}
       PKI Signature: MAC & PAC-Equivalent
