


04/09/14-12:17:10	            RtgsAck-8396-002695 	 1
_______________________________________________________________________________
	---------------------  Instance Type and Transmission --------------	
       Notification (Transmission) of Original sent to SWIFT (ACK)
       Network Delivery Status   : Network Ack 
       Priority/Delivery         : Normal
       Message Input Reference   : 1214 140904NAMENGLAAXXX3310431590
	--------------------------- Message Header -------------------------	
       Swift Input                   : FIN 103 Single Customer Credt Transfer
       Sender   : NAMENGLAXXX 
                  STERLING BANK PLC
                  LAGOS NG
       Receiver : UNAFNGLAXXX
                  UNITED BANK FOR AFRICA PLC
                  LAGOS NG
       FIN Copy Service : NGR
	--------------------------- Message Text ---------------------------	
        20: Sender's Reference
            SRS42014936752
       23B: Bank Operation Code
            CRED
       23E: Instruction Code
            SDVA
       26T: Transaction Type Code
            001
       32A: Val Dte/Curr/Interbnk Settld Amt
            Date           : 04 September 2014
            Currency       : NGN (NAIRA)
            Amount         :           #300,000,000.00#
       50K: Ordering Customer-Name & Address
            /0024104196
            F.G.SALES OF GOVT HOUSES RECOV
       53A: Sender's Correspondent - FI BIC
            /D/3000025911
            NAMENGLA
            STERLING BANK PLC
            LAGOS  NG
       57A: Account With Institution - FI BIC
            /3000026413
            UNAFNGLA
            UNITED BANK FOR AFRICA PLC
            LAGOS  NG
        59: Beneficiary Customer-Name & Addr
            /1004594434
            DIRECTORATE OF ROAD TRAFFIC SERVICE
            S OVERHEAD A/C
       71A: Details of Charges
            OUR
        72: Sender to Receiver Information
            /CODTYPTR/001
            /BNF/TRF TO UBA IFO DIRECTORATE OF 
            //ROAD TRAFFIC SERVICES BII F.G SAL
            //ES OF GOVT HOUSES
	--------------------------- Message Trailer ------------------------	
       {CHK:A3BF02357943}
       PKI Signature: MAC & PAC-Equivalent
