


15/08/14-12:00:34	            RtgsAck-8045-002344 	 1
_______________________________________________________________________________
	---------------------  Instance Type and Transmission --------------	
       Notification (Transmission) of Original sent to SWIFT (ACK)
       Network Delivery Status   : Network Ack 
       Priority/Delivery         : Normal
       Message Input Reference   : 1157 140815NAMENGLAAXXX3307427004
	--------------------------- Message Header -------------------------	
       Swift Input                   : FIN 103 Single Customer Credt Transfer
       Sender   : NAMENGLAXXX 
                  STERLING BANK PLC
                  LAGOS NG
       Receiver : GTBINGLAXXX
                  GUARANTY TRUST BANK PLC
                  LAGOS NG
       FIN Copy Service : NGR
	--------------------------- Message Text ---------------------------	
        20: Sender's Reference
            SRS1520148502277
       23B: Bank Operation Code
            CRED
       23E: Instruction Code
            SDVA
       26T: Transaction Type Code
            001
       32A: Val Dte/Curr/Interbnk Settld Amt
            Date           : 15 August 2014
            Currency       : NGN (NAIRA)
            Amount         :            #60,000,000.00#
       50K: Ordering Customer-Name & Address
            /0008353015
            ANATOLIA INTERNATIONAL LTD
       53A: Sender's Correspondent - FI BIC
            /D/3000025911
            NAMENGLA
            STERLING BANK PLC
            LAGOS  NG
       57A: Account With Institution - FI BIC
            /3000024921
            GTBINGLA
            GUARANTY TRUST BANK PLC
            LAGOS  NG
        59: Beneficiary Customer-Name & Addr
            /0123305694
            OLINDA PROPERTY MGT. LTD.
       71A: Details of Charges
            OUR
        72: Sender to Receiver Information
            /CODTYPTR/001
            /BNF/TRF IFO OLINDA PROPERTY MGT LT
            //D B/O ANATOLIA INTL LTD
	--------------------------- Message Trailer ------------------------	
       {CHK:4B6D56D8E7A2}
       PKI Signature: MAC & PAC-Equivalent
