


09/06/14-11:44:49	            RtgsAck-1055-001065 	 1
_______________________________________________________________________________
	---------------------  Instance Type and Transmission --------------	
       Notification (Transmission) of Original sent to SWIFT (ACK)
       Network Delivery Status   : Network Ack 
       Priority/Delivery         : Normal
       Message Input Reference   : 1141 140609NAMENGLAAXXX3295411208
	--------------------------- Message Header -------------------------	
       Swift Input                   : FIN 103 Single Customer Credt Transfer
       Sender   : NAMENGLAXXX 
                  STERLING BANK PLC
                  LAGOS NG
       Receiver : ECOCNGLAXXX
                  ECOBANK NIGERIA PLC
                  LAGOS NG
       FIN Copy Service : NGR
	--------------------------- Message Text ---------------------------	
        20: Sender's Reference
            SRS62014624331
       23B: Bank Operation Code
            CRED
       23E: Instruction Code
            SDVA
       26T: Transaction Type Code
            001
       32A: Val Dte/Curr/Interbnk Settld Amt
            Date           : 06 June 2014
            Currency       : NGN (NAIRA)
            Amount         :            #15,390,192.51#
       50K: Ordering Customer-Name & Address
            /0005641658
            MUTUAL BENEFITS HOMES AND PPT
       53A: Sender's Correspondent - FI BIC
            /D/3000025911
            NAMENGLA
            STERLING BANK PLC
            LAGOS  NG
       57A: Account With Institution - FI BIC
            /3000024495
            ECOCNGLA
            ECOBANK NIGERIA PLC
            LAGOS  NG
        59: Beneficiary Customer-Name & Addr
            /0042006779
            PORTLAND PAINTS AND PRO DECORATIVE
       71A: Details of Charges
            OUR
        72: Sender to Receiver Information
            /CODTYPTR/001
            /BNF/RTGS TO ECO  IFO PORTLAND  PAI
            //NTS - PRODUCT NIG PLC  B/O MUTUAL
            // BENEFIT HOMES AND PRO
	--------------------------- Message Trailer ------------------------	
       {CHK:927E2B8D8E76}
       PKI Signature: MAC & PAC-Equivalent
