


03/06/14-12:20:43	            RtgsAck-0935-000945 	 1
_______________________________________________________________________________
	---------------------  Instance Type and Transmission --------------	
       Notification (Transmission) of Original sent to SWIFT (ACK)
       Network Delivery Status   : Network Ack 
       Priority/Delivery         : Normal
       Message Input Reference   : 1216 140603NAMENGLAAXXX3294409639
	--------------------------- Message Header -------------------------	
       Swift Input                   : FIN 103 Single Customer Credt Transfer
       Sender   : NAMENGLAXXX 
                  STERLING BANK PLC
                  LAGOS NG
       Receiver : FIDTNGLAXXX
                  FIDELITY BANK PLC
                  LAGOS NG
       FIN Copy Service : NGR
	--------------------------- Message Text ---------------------------	
        20: Sender's Reference
            SRS320146215865
       23B: Bank Operation Code
            CRED
       23E: Instruction Code
            SDVA
       26T: Transaction Type Code
            001
       32A: Val Dte/Curr/Interbnk Settld Amt
            Date           : 03 June 2014
            Currency       : NGN (NAIRA)
            Amount         :            #14,000,000.00#
       50K: Ordering Customer-Name & Address
            /0010992589
            METROTECH GLOBAL PROJECT LTD
       53A: Sender's Correspondent - FI BIC
            /D/3000025911
            NAMENGLA
            STERLING BANK PLC
            LAGOS  NG
       57A: Account With Institution - FI BIC
            /3000024646
            FIDTNGLA
            FIDELITY BANK PLC
            LAGOS  NG
        59: Beneficiary Customer-Name & Addr
            /4010554523
            JAZZAF GLOBAL RESOURCES LIMITED
       71A: Details of Charges
            OUR
        72: Sender to Receiver Information
            /CODTYPTR/001
            /BNF/RTGS TRF TO FIDELITY IFO JAZZA
            //F GLOBAL RESOURCES BOO METROTECH 
            //GLOBAL PROJECT
	--------------------------- Message Trailer ------------------------	
       {CHK:6708B93790A3}
       PKI Signature: MAC & PAC-Equivalent
