


22/05/14-11:45:25	            RtgsAck-0696-000706 	 1
_______________________________________________________________________________
	---------------------  Instance Type and Transmission --------------	
       Notification (Transmission) of Original sent to SWIFT (ACK)
       Network Delivery Status   : Network Ack 
       Priority/Delivery         : Normal
       Message Input Reference   : 1141 140522NAMENGLAAXXX3292406701
	--------------------------- Message Header -------------------------	
       Swift Input                   : FIN 103 Single Customer Credt Transfer
       Sender   : NAMENGLAXXX 
                  STERLING BANK PLC
                  LAGOS NG
       Receiver : ZEIBNGLAXXX
                  ZENITH BANK PLC
                  LAGOS NG
       FIN Copy Service : NGR
	--------------------------- Message Text ---------------------------	
        20: Sender's Reference
            SRS222014541821
       23B: Bank Operation Code
            CRED
       23E: Instruction Code
            SDVA
       26T: Transaction Type Code
            001
       32A: Val Dte/Curr/Interbnk Settld Amt
            Date           : 22 May 2014
            Currency       : NGN (NAIRA)
            Amount         :            #18,742,662.19#
       50K: Ordering Customer-Name & Address
            /0017519273
            LOCAL GOVT EXCESS CRUDE OIL
       53A: Sender's Correspondent - FI BIC
            /D/3000025911
            NAMENGLA
            STERLING BANK PLC
            LAGOS  NG
       57A: Account With Institution - FI BIC
            /3000026523
            ZEIBNGLA
            ZENITH BANK PLC
            LAGOS  NG
        59: Beneficiary Customer-Name & Addr
            /1012082954
            RASAKAT INT AND APOSL INVESTMENT C
            OY LTD
       71A: Details of Charges
            OUR
        72: Sender to Receiver Information
            /CODTYPTR/001
            /BNF/THIRD PYMT ON THE CONSTRUCTION
            // OF 10KM ROAD IN IFE-NORTH LG
	--------------------------- Message Trailer ------------------------	
       {CHK:DB0C20DDB5F7}
       PKI Signature: MAC & PAC-Equivalent
