


07/07/14-16:55:21	            RtgsAck-1640-001650 	 1
_______________________________________________________________________________
	---------------------  Instance Type and Transmission --------------	
       Notification (Transmission) of Original sent to SWIFT (ACK)
       Network Delivery Status   : Network Ack 
       Priority/Delivery         : Normal
       Message Input Reference   : 1652 140707NAMENGLAAXXX3297417974
	--------------------------- Message Header -------------------------	
       Swift Input                   : FIN 103 Single Customer Credt Transfer
       Sender   : NAMENGLAXXX 
                  STERLING BANK PLC
                  LAGOS NG
       Receiver : PRDTNGLAXXX
                  SKYE BANK PLC
                  LAGOS NG
       FIN Copy Service : NGR
	--------------------------- Message Text ---------------------------	
        20: Sender's Reference
            SRS720147412021
       23B: Bank Operation Code
            CRED
       23E: Instruction Code
            SDVA
       26T: Transaction Type Code
            001
       32A: Val Dte/Curr/Interbnk Settld Amt
            Date           : 07 July 2014
            Currency       : NGN (NAIRA)
            Amount         :            #99,900,000.00#
       50K: Ordering Customer-Name & Address
            /0004048834
            IFEOMA ADEYALE
       53A: Sender's Correspondent - FI BIC
            /D/3000025911
            NAMENGLA
            STERLING BANK PLC
            LAGOS  NG
       57A: Account With Institution - FI BIC
            /3000025698
            PRDTNGLA
            SKYE BANK PLC
            LAGOS  NG
        59: Beneficiary Customer-Name & Addr
            /1770021939
            YARO VENTURES  AND AMP TRUST NIGER
            IA LIMITED
       71A: Details of Charges
            OUR
        72: Sender to Receiver Information
            /CODTYPTR/001
            /BNF/RTGS TRF IFO YARO VENTURES - T
            //RUST NIG LTD BOO IFEOMA ADEYALE
	--------------------------- Message Trailer ------------------------	
       {CHK:614AB821B560}
       PKI Signature: MAC & PAC-Equivalent
	---------------------------- Interventions -------------------------	
       Category      : Network Report
       Creation Time : 07/07/14 16:55:04
       Application   : SWIFT Interface
       Operator      : SYSTEM
       Text
       {1:F21NAMENGLAAXXX3297417974}{4:{177:1407071652}{451:0}}
