


14/04/14-16:16:05	            RtgsAck-0154-000155 	 1
_______________________________________________________________________________
	---------------------  Instance Type and Transmission --------------	
       Notification (Transmission) of Original sent to SWIFT (ACK)
       Network Delivery Status   : Network Ack 
       Priority/Delivery         : Normal
       Message Input Reference   : 1630 140414NAMENGLAAXXX3280396976
	--------------------------- Message Header -------------------------	
       Swift Input                   : FIN 103 Single Customer Credt Transfer
       Sender   : NAMENGLAXXX 
                  STERLING BANK PLC
                  LAGOS NG
       Receiver : FBNINGLAXXX
                  FIRST BANK OF NIGERIA PLC
                  LAGOS NG
       FIN Copy Service : NGR
	--------------------------- Message Text ---------------------------	
        20: Sender's Reference
            SRS142014455537
       23B: Bank Operation Code
            CRED
       23E: Instruction Code
            SDVA
       26T: Transaction Type Code
            001
       32A: Val Dte/Curr/Interbnk Settld Amt
            Date           : 14 April 2014
            Currency       : NGN (NAIRA)
            Amount         :           #100,976,712.33#
       50K: Ordering Customer-Name & Address
            /0019542901
            FBN MICROFINANCE BANK
       53A: Sender's Correspondent - FI BIC
            /D/3000025911
            NAMENGLA
            STERLING BANK PLC
            LAGOS  NG
       57A: Account With Institution - FI BIC
            /3000024749
            FBNINGLA
            FIRST BANK OF NIGERIA PLC
            LAGOS  NG
        59: Beneficiary Customer-Name & Addr
            /2013355348
            FBN MICROFINANCE BANK LTD. TRADING 
            ACCOUNT
       71A: Details of Charges
            OUR
        72: Sender to Receiver Information
            /CODTYPTR/001
            /BNF/TRANSFER
	--------------------------- Message Trailer ------------------------	
       {CHK:D38E0586B3F5}
       PKI Signature: MAC & PAC-Equivalent
	---------------------------- Interventions -------------------------	
       Category      : Network Report
       Creation Time : 14/04/14 16:15:50
       Application   : SWIFT Interface
       Operator      : SYSTEM
       Text
       {1:F21NAMENGLAAXXX3280396976}{4:{177:1404141630}{451:0}}
