


14/07/14-10:43:51	            RtgsAck-1732-001742 	 1
_______________________________________________________________________________
	---------------------  Instance Type and Transmission --------------	
       Notification (Transmission) of Original sent to SWIFT (ACK)
       Network Delivery Status   : Network Ack 
       Priority/Delivery         : Normal
       Message Input Reference   : 1041 140714NAMENGLAAXXX3298419577
	--------------------------- Message Header -------------------------	
       Swift Input                   : FIN 103 Single Customer Credt Transfer
       Sender   : NAMENGLAXXX 
                  STERLING BANK PLC
                  LAGOS NG
       Receiver : FBNINGLAXXX
                  FIRST BANK OF NIGERIA PLC
                  LAGOS NG
       FIN Copy Service : NGR
	--------------------------- Message Text ---------------------------	
        20: Sender's Reference
            SRS1420147262334
       23B: Bank Operation Code
            CRED
       23E: Instruction Code
            SDVA
       26T: Transaction Type Code
            001
       32A: Val Dte/Curr/Interbnk Settld Amt
            Date           : 14 July 2014
            Currency       : NGN (NAIRA)
            Amount         :            #15,500,000.00#
       50K: Ordering Customer-Name & Address
            /0021106326
            KOGI STATE SUB TREAS. PROJ.
       53A: Sender's Correspondent - FI BIC
            /D/3000025911
            NAMENGLA
            STERLING BANK PLC
            LAGOS  NG
       57A: Account With Institution - FI BIC
            /3000024749
            FBNINGLA
            FIRST BANK OF NIGERIA PLC
            LAGOS  NG
        59: Beneficiary Customer-Name & Addr
            /2019562610
            MINISTRY OF LAND ,HOUSING AND URBAN
             DEVELOPMENT
       71A: Details of Charges
            OUR
        72: Sender to Receiver Information
            /CODTYPTR/001
            /BNF/RENOVATION OF GANAJA PRIMARY S
            //CHOOL LOKOJA
	--------------------------- Message Trailer ------------------------	
       {CHK:3F39C5C808E3}
       PKI Signature: MAC & PAC-Equivalent
