


07/05/14-15:54:53	            RtgsAck-0506-000516 	 1
_______________________________________________________________________________
	---------------------  Instance Type and Transmission --------------	
       Notification (Transmission) of Original sent to SWIFT (ACK)
       Network Delivery Status   : Network Ack 
       Priority/Delivery         : Normal
       Message Input Reference   : 1610 140507NAMENGLAAXXX3285402426
	--------------------------- Message Header -------------------------	
       Swift Input                   : FIN 103 Single Customer Credt Transfer
       Sender   : NAMENGLAXXX 
                  STERLING BANK PLC
                  LAGOS NG
       Receiver : GTBINGLAXXX
                  GUARANTY TRUST BANK PLC
                  LAGOS NG
       FIN Copy Service : NGR
	--------------------------- Message Text ---------------------------	
        20: Sender's Reference
            SRS720145175858
       23B: Bank Operation Code
            CRED
       23E: Instruction Code
            SDVA
       26T: Transaction Type Code
            001
       32A: Val Dte/Curr/Interbnk Settld Amt
            Date           : 07 May 2014
            Currency       : NGN (NAIRA)
            Amount         :            #10,458,555.55#
       50K: Ordering Customer-Name & Address
            /0002639302
            NORTHERN NIG. FLOUR MILLS PLC
       53A: Sender's Correspondent - FI BIC
            /D/3000025911
            NAMENGLA
            STERLING BANK PLC
            LAGOS  NG
       57A: Account With Institution - FI BIC
            /3000024921
            GTBINGLA
            GUARANTY TRUST BANK PLC
            LAGOS  NG
        59: Beneficiary Customer-Name & Addr
            /0004186093
            FLOUR MILLS OF NIGERIA PLC.
       71A: Details of Charges
            OUR
        72: Sender to Receiver Information
            /CODTYPTR/001
            /BNF/TRF BOO NORTHERN NIG FLOUR MIL
            //LS
	--------------------------- Message Trailer ------------------------	
       {CHK:79BCAB330AF8}
       PKI Signature: MAC & PAC-Equivalent
	---------------------------- Interventions -------------------------	
       Category      : Network Report
       Creation Time : 07/05/14 15:54:35
       Application   : SWIFT Interface
       Operator      : SYSTEM
       Text
       {1:F21NAMENGLAAXXX3285402426}{4:{177:1405071610}{451:0}}
