


01/07/14-15:07:20	            RtgsAck-1480-001490 	 1
_______________________________________________________________________________
	---------------------  Instance Type and Transmission --------------	
       Notification (Transmission) of Original sent to SWIFT (ACK)
       Network Delivery Status   : Network Ack 
       Priority/Delivery         : Normal
       Message Input Reference   : 1504 140701NAMENGLAAXXX3297416627
	--------------------------- Message Header -------------------------	
       Swift Input                   : FIN 103 Single Customer Credt Transfer
       Sender   : NAMENGLAXXX 
                  STERLING BANK PLC
                  LAGOS NG
       Receiver : PRDTNGLAXXX
                  SKYE BANK PLC
                  LAGOS NG
       FIN Copy Service : NGR
	--------------------------- Message Text ---------------------------	
        20: Sender's Reference
            SRS120147144613
       23B: Bank Operation Code
            CRED
       23E: Instruction Code
            SDVA
       26T: Transaction Type Code
            001
       32A: Val Dte/Curr/Interbnk Settld Amt
            Date           : 01 July 2014
            Currency       : NGN (NAIRA)
            Amount         :            #18,174,385.09#
       50K: Ordering Customer-Name & Address
            /0018708849
            UBEC 2012 MATCHING GRANTS FUND
       53A: Sender's Correspondent - FI BIC
            /D/3000025911
            NAMENGLA
            STERLING BANK PLC
            LAGOS  NG
       57A: Account With Institution - FI BIC
            /3000025698
            PRDTNGLA
            SKYE BANK PLC
            LAGOS  NG
        59: Beneficiary Customer-Name & Addr
            /1771332458
            REGAL ENERGY  AND AMP ENGINEERING 
            SERVICES LTD
       71A: Details of Charges
            OUR
        72: Sender to Receiver Information
            /CODTYPTR/001
            /BNF/TRF IFO REGAL ENERGY ENGR SERV
            // LTD
	--------------------------- Message Trailer ------------------------	
       {CHK:8794713CB773}
       PKI Signature: MAC & PAC-Equivalent
