


20/08/14-11:06:08	            RtgsAck-8113-002412 	 1
_______________________________________________________________________________
	---------------------  Instance Type and Transmission --------------	
       Notification (Transmission) of Original sent to SWIFT (ACK)
       Network Delivery Status   : Network Ack 
       Priority/Delivery         : Normal
       Message Input Reference   : 1103 140820NAMENGLAAXXX3308428102
	--------------------------- Message Header -------------------------	
       Swift Input                   : FIN 103 Single Customer Credt Transfer
       Sender   : NAMENGLAXXX 
                  STERLING BANK PLC
                  LAGOS NG
       Receiver : FCMBNGLAXXX
                  FIRST CITY MONUMENT BANK
                  LAGOS NG
       FIN Copy Service : NGR
	--------------------------- Message Text ---------------------------	
        20: Sender's Reference
            SRS202014862978
       23B: Bank Operation Code
            CRED
       23E: Instruction Code
            SDVA
       26T: Transaction Type Code
            001
       32A: Val Dte/Curr/Interbnk Settld Amt
            Date           : 20 August 2014
            Currency       : NGN (NAIRA)
            Amount         :           #760,177,697.74#
       50K: Ordering Customer-Name & Address
            /0017862735
            AZARE-JERE IRR SCH PHASE1
       53A: Sender's Correspondent - FI BIC
            /D/3000025911
            NAMENGLA
            STERLING BANK PLC
            LAGOS  NG
       57A: Account With Institution - FI BIC
            /3000024763
            FCMBNGLA
            FIRST CITY MONUMENT BANK
            LAGOS  NG
        59: Beneficiary Customer-Name & Addr
            /0589663017
            INFIOUEST INTERNATIONAL LIMITED
       71A: Details of Charges
            OUR
        72: Sender to Receiver Information
            /CODTYPTR/001
            /BNF/TRF TO FCMB IFO INFIOUEST INT
            //L LTD BOO FED MIN OF WATER RESOUR
            //CES
	--------------------------- Message Trailer ------------------------	
       {CHK:6FBE813FA020}
       PKI Signature: MAC & PAC-Equivalent
