


22/05/14-12:20:19	            RtgsAck-0703-000713 	 1
_______________________________________________________________________________
	---------------------  Instance Type and Transmission --------------	
       Notification (Transmission) of Original sent to SWIFT (ACK)
       Network Delivery Status   : Network Ack 
       Priority/Delivery         : Normal
       Message Input Reference   : 1216 140522NAMENGLAAXXX3292406712
	--------------------------- Message Header -------------------------	
       Swift Input                   : FIN 103 Single Customer Credt Transfer
       Sender   : NAMENGLAXXX 
                  STERLING BANK PLC
                  LAGOS NG
       Receiver : FIDTNGLAXXX
                  FIDELITY BANK PLC
                  LAGOS NG
       FIN Copy Service : NGR
	--------------------------- Message Text ---------------------------	
        20: Sender's Reference
            SRS2220145364552
       23B: Bank Operation Code
            CRED
       23E: Instruction Code
            SDVA
       26T: Transaction Type Code
            001
       32A: Val Dte/Curr/Interbnk Settld Amt
            Date           : 22 May 2014
            Currency       : NGN (NAIRA)
            Amount         :            #12,600,000.00#
       50K: Ordering Customer-Name & Address
            /0025045645
            PHILLY AND MOOLS AUTOMOBILE LTD
       53A: Sender's Correspondent - FI BIC
            /D/3000025911
            NAMENGLA
            STERLING BANK PLC
            LAGOS  NG
       57A: Account With Institution - FI BIC
            /3000024646
            FIDTNGLA
            FIDELITY BANK PLC
            LAGOS  NG
        59: Beneficiary Customer-Name & Addr
            /5610008564
            STRATHMORE TRADING
       71A: Details of Charges
            OUR
        72: Sender to Receiver Information
            /CODTYPTR/001
            /BNF/TRANSFER IFO STRATHMORE TRADIN
            //D B/O PHILLY - MOOLS AUTOMOBILE L
            //TD
	--------------------------- Message Trailer ------------------------	
       {CHK:66E1FB392A2A}
       PKI Signature: MAC & PAC-Equivalent
