


09/06/14-15:03:50	            RtgsAck-1082-001092 	 1
_______________________________________________________________________________
	---------------------  Instance Type and Transmission --------------	
       Notification (Transmission) of Original sent to SWIFT (ACK)
       Network Delivery Status   : Network Ack 
       Priority/Delivery         : Normal
       Message Input Reference   : 1500 140609NAMENGLAAXXX3295411363
	--------------------------- Message Header -------------------------	
       Swift Input                   : FIN 103 Single Customer Credt Transfer
       Sender   : NAMENGLAXXX 
                  STERLING BANK PLC
                  LAGOS NG
       Receiver : FBNINGLAXXX
                  FIRST BANK OF NIGERIA PLC
                  LAGOS NG
       FIN Copy Service : NGR
	--------------------------- Message Text ---------------------------	
        20: Sender's Reference
            SRS920146165416
       23B: Bank Operation Code
            CRED
       23E: Instruction Code
            SDVA
       26T: Transaction Type Code
            001
       32A: Val Dte/Curr/Interbnk Settld Amt
            Date           : 09 June 2014
            Currency       : NGN (NAIRA)
            Amount         :            #80,000,000.00#
       50K: Ordering Customer-Name & Address
            /0009676054
            DIGITAL CONVERGENCE LTD
       53A: Sender's Correspondent - FI BIC
            /D/3000025911
            NAMENGLA
            STERLING BANK PLC
            LAGOS  NG
       57A: Account With Institution - FI BIC
            /3000024749
            FBNINGLA
            FIRST BANK OF NIGERIA PLC
            LAGOS  NG
        59: Beneficiary Customer-Name & Addr
            /2012934788
            NIGERDOCK NIGERIA PLC -FZE
       71A: Details of Charges
            OUR
        72: Sender to Receiver Information
            /CODTYPTR/001
            /BNF/TO FBN/NIGERDOCK NIG PLC-FZE B
            ///O DIGITAL CONVERGENCE(0009676054
            //)
	--------------------------- Message Trailer ------------------------	
       {CHK:AF177257257B}
       PKI Signature: MAC & PAC-Equivalent
