


05/09/14-10:20:35	            RtgsAck-8414-002713 	 1
_______________________________________________________________________________
	---------------------  Instance Type and Transmission --------------	
       Notification (Transmission) of Original sent to SWIFT (ACK)
       Network Delivery Status   : Network Ack 
       Priority/Delivery         : Normal
       Message Input Reference   : 1018 140905NAMENGLAAXXX3310431930
	--------------------------- Message Header -------------------------	
       Swift Input                   : FIN 103 Single Customer Credt Transfer
       Sender   : NAMENGLAXXX 
                  STERLING BANK PLC
                  LAGOS NG
       Receiver : FCMBNGLAXXX
                  FIRST CITY MONUMENT BANK
                  LAGOS NG
       FIN Copy Service : NGR
	--------------------------- Message Text ---------------------------	
        20: Sender's Reference
            SRS520149272376
       23B: Bank Operation Code
            CRED
       23E: Instruction Code
            SDVA
       26T: Transaction Type Code
            001
       32A: Val Dte/Curr/Interbnk Settld Amt
            Date           : 05 September 2014
            Currency       : NGN (NAIRA)
            Amount         :            #37,914,120.00#
       50K: Ordering Customer-Name & Address
            /0022845765
            KOGI STATE STATUTORY REV. ACCT
       53A: Sender's Correspondent - FI BIC
            /D/3000025911
            NAMENGLA
            STERLING BANK PLC
            LAGOS  NG
       57A: Account With Institution - FI BIC
            /3000024763
            FCMBNGLA
            FIRST CITY MONUMENT BANK
            LAGOS  NG
        59: Beneficiary Customer-Name & Addr
            /1201835029
            AYEGBA HOLDINGS
       71A: Details of Charges
            OUR
        72: Sender to Receiver Information
            /CODTYPTR/001
            /BNF/SUPPLY OF 3NOS TOYOTA PRADO TO
            // THE STATE GOVERNMENT
	--------------------------- Message Trailer ------------------------	
       {CHK:252F6124BA8C}
       PKI Signature: MAC & PAC-Equivalent
