


24/07/14-14:09:48	            RtgsAck-1915-001926 	 1
_______________________________________________________________________________
	---------------------  Instance Type and Transmission --------------	
       Notification (Transmission) of Original sent to SWIFT (ACK)
       Network Delivery Status   : Network Ack 
       Priority/Delivery         : Normal
       Message Input Reference   : 1406 140724NAMENGLAAXXX3299422029
	--------------------------- Message Header -------------------------	
       Swift Input                   : FIN 103 Single Customer Credt Transfer
       Sender   : NAMENGLAXXX 
                  STERLING BANK PLC
                  LAGOS NG
       Receiver : UNAFNGLAXXX
                  UNITED BANK FOR AFRICA PLC
                  LAGOS NG
       FIN Copy Service : NGR
	--------------------------- Message Text ---------------------------	
        20: Sender's Reference
            SRS2420147212665
       23B: Bank Operation Code
            CRED
       23E: Instruction Code
            SDVA
       26T: Transaction Type Code
            001
       32A: Val Dte/Curr/Interbnk Settld Amt
            Date           : 24 July 2014
            Currency       : NGN (NAIRA)
            Amount         :            #39,000,000.00#
       50K: Ordering Customer-Name & Address
            /0015166343
            BYSG RECURRENT EXPENDITURE ACC
       53A: Sender's Correspondent - FI BIC
            /D/3000025911
            NAMENGLA
            STERLING BANK PLC
            LAGOS  NG
       57A: Account With Institution - FI BIC
            /3000026413
            UNAFNGLA
            UNITED BANK FOR AFRICA PLC
            LAGOS  NG
        59: Beneficiary Customer-Name & Addr
            /1016169640
            SSG (PERM SEC GENERAL SERVICES)
       71A: Details of Charges
            OUR
        72: Sender to Receiver Information
            /CODTYPTR/001
            /BNF/PERM SEC GENERAL SERVICES/UBA/
            //PAYMENT IRO MONTHLY LOGISTICS SUP
            //PORT FOR IZON DELEGATES TO THE NA
            //TIONAL CONFERENCE - BACK-UP SECRE
            //TARIAT
	--------------------------- Message Trailer ------------------------	
       {CHK:E9867CFF5E45}
       PKI Signature: MAC & PAC-Equivalent
