


24/07/14-15:23:07	            RtgsAck-1925-001936 	 1
_______________________________________________________________________________
	---------------------  Instance Type and Transmission --------------	
       Notification (Transmission) of Original sent to SWIFT (ACK)
       Network Delivery Status   : Network Ack 
       Priority/Delivery         : Normal
       Message Input Reference   : 1519 140724NAMENGLAAXXX3299422058
	--------------------------- Message Header -------------------------	
       Swift Input                   : FIN 103 Single Customer Credt Transfer
       Sender   : NAMENGLAXXX 
                  STERLING BANK PLC
                  LAGOS NG
       Receiver : GTBINGLAXXX
                  GUARANTY TRUST BANK PLC
                  LAGOS NG
       FIN Copy Service : NGR
	--------------------------- Message Text ---------------------------	
        20: Sender's Reference
            SRS2420147343449
       23B: Bank Operation Code
            CRED
       23E: Instruction Code
            SDVA
       26T: Transaction Type Code
            001
       32A: Val Dte/Curr/Interbnk Settld Amt
            Date           : 24 July 2014
            Currency       : NGN (NAIRA)
            Amount         :            #62,012,910.00#
       50K: Ordering Customer-Name & Address
            /0019776920
            BLACK LIGHT ENERGY LIMITED
       53A: Sender's Correspondent - FI BIC
            /D/3000025911
            NAMENGLA
            STERLING BANK PLC
            LAGOS  NG
       57A: Account With Institution - FI BIC
            /3000024921
            GTBINGLA
            GUARANTY TRUST BANK PLC
            LAGOS  NG
        59: Beneficiary Customer-Name & Addr
            /0023266202
            PET. EQUA FUND(MGT) BOARD A/C
       71A: Details of Charges
            OUR
        72: Sender to Receiver Information
            /CODTYPTR/001
            /BNF/RTGS TRF IFO PEF(MGT)BOARD BOO
            // BLACK LIGHT ENERGY LIMITED
	--------------------------- Message Trailer ------------------------	
       {CHK:6AB3672FCEA1}
       PKI Signature: MAC & PAC-Equivalent
