


03/09/14-15:42:23	            RtgsAck-8376-002675 	 1
_______________________________________________________________________________
	---------------------  Instance Type and Transmission --------------	
       Notification (Transmission) of Original sent to SWIFT (ACK)
       Network Delivery Status   : Network Ack 
       Priority/Delivery         : Normal
       Message Input Reference   : 1539 140903NAMENGLAAXXX3310431341
	--------------------------- Message Header -------------------------	
       Swift Input                   : FIN 103 Single Customer Credt Transfer
       Sender   : NAMENGLAXXX 
                  STERLING BANK PLC
                  LAGOS NG
       Receiver : GTBINGLAXXX
                  GUARANTY TRUST BANK PLC
                  LAGOS NG
       FIN Copy Service : NGR
	--------------------------- Message Text ---------------------------	
        20: Sender's Reference
            SRS32014934833
       23B: Bank Operation Code
            CRED
       23E: Instruction Code
            SDVA
       26T: Transaction Type Code
            001
       32A: Val Dte/Curr/Interbnk Settld Amt
            Date           : 03 September 2014
            Currency       : NGN (NAIRA)
            Amount         :            #50,000,000.00#
       50K: Ordering Customer-Name & Address
            /0009251613
            BLACK LIGHT ENERGY LIMITED
       53A: Sender's Correspondent - FI BIC
            /D/3000025911
            NAMENGLA
            STERLING BANK PLC
            LAGOS  NG
       57A: Account With Institution - FI BIC
            /3000024921
            GTBINGLA
            GUARANTY TRUST BANK PLC
            LAGOS  NG
        59: Beneficiary Customer-Name & Addr
            /0157247771
            NIG. FOUNDATION FOR THE SUPP. OF VI
            CTIMS OF TERRORISM LTD/GT
       71A: Details of Charges
            OUR
        72: Sender to Receiver Information
            /CODTYPTR/001
            /BNF/FT TO GTB IFO NIGERIA FOUNDATI
            //ONFOT THE SUPPORT OF VICTIMS OF T
            //ERRORISM LTD/GTE B/O BLACKLIGHT E
            //NERGY LTD A/C NO 0157247771 REF: 
            //BLACKLIGHT ENERGY CONTRIBUTION
	--------------------------- Message Trailer ------------------------	
       {CHK:62F41D3A8321}
       PKI Signature: MAC & PAC-Equivalent
