


18/06/14-12:19:16	            RtgsAck-1229-001239 	 1
_______________________________________________________________________________
	---------------------  Instance Type and Transmission --------------	
       Notification (Transmission) of Original sent to SWIFT (ACK)
       Network Delivery Status   : Network Ack 
       Priority/Delivery         : Normal
       Message Input Reference   : 1215 140618NAMENGLAAXXX3296413669
	--------------------------- Message Header -------------------------	
       Swift Input                   : FIN 103 Single Customer Credt Transfer
       Sender   : NAMENGLAXXX 
                  STERLING BANK PLC
                  LAGOS NG
       Receiver : SCBLNGLAXXX
                  STANDARD CHARTERED BANK NIGERIA LIMITED
                  LAGOS NG
       FIN Copy Service : NGR
	--------------------------- Message Text ---------------------------	
        20: Sender's Reference
            SRS182014649036
       23B: Bank Operation Code
            CRED
       23E: Instruction Code
            SDVA
       26T: Transaction Type Code
            001
       32A: Val Dte/Curr/Interbnk Settld Amt
            Date           : 18 June 2014
            Currency       : NGN (NAIRA)
            Amount         :           #600,000,000.00#
       50K: Ordering Customer-Name & Address
            /0016520081
            HUAWEI TECHNOLOGIES COY(NIG)LT
       53A: Sender's Correspondent - FI BIC
            /D/3000025911
            NAMENGLA
            STERLING BANK PLC
            LAGOS  NG
       57A: Account With Institution - FI BIC
            /3000026248
            SCBLNGLA
            STANDARD CHARTERED BANK NIGERIA LIMITED
            LAGOS  NG
        59: Beneficiary Customer-Name & Addr
            /0000238818
            HUAWEI TECHNOLOGIES NIG.
       71A: Details of Charges
            OUR
        72: Sender to Receiver Information
            /CODTYPTR/001
            /BNF/RTGS TRF IFO HUAWEI TECHNOLOGI
            //ES COY(NIG)LTD BOO HUAWEI TECHNOL
            //OGIES COY(NIG)LTD
	--------------------------- Message Trailer ------------------------	
       {CHK:6D2D4546BEAB}
       PKI Signature: MAC & PAC-Equivalent
