


25/07/14-15:42:04	            RtgsAck-2015-002026 	 1
_______________________________________________________________________________
	---------------------  Instance Type and Transmission --------------	
       Notification (Transmission) of Original sent to SWIFT (ACK)
       Network Delivery Status   : Network Ack 
       Priority/Delivery         : Normal
       Message Input Reference   : 1538 140725NAMENGLAAXXX3299422508
	--------------------------- Message Header -------------------------	
       Swift Input                   : FIN 103 Single Customer Credt Transfer
       Sender   : NAMENGLAXXX 
                  STERLING BANK PLC
                  LAGOS NG
       Receiver : AFRNNGLAXXX
                  MAINSTREET BANK LIMITED
                  LAGOS NG
       FIN Copy Service : NGR
	--------------------------- Message Text ---------------------------	
        20: Sender's Reference
            SRS2520147204823
       23B: Bank Operation Code
            CRED
       23E: Instruction Code
            SDVA
       26T: Transaction Type Code
            001
       32A: Val Dte/Curr/Interbnk Settld Amt
            Date           : 25 July 2014
            Currency       : NGN (NAIRA)
            Amount         :           #362,940,445.29#
       50K: Ordering Customer-Name & Address
            /0009433530
            ONDO ST TRUSTEES(SINKING FUND)
       53A: Sender's Correspondent - FI BIC
            /D/3000025911
            NAMENGLA
            STERLING BANK PLC
            LAGOS  NG
       57A: Account With Institution - FI BIC
            /3000023553
            AFRNNGLA
            MAINSTREET BANK LIMITED
            LAGOS  NG
        59: Beneficiary Customer-Name & Addr
            /6500677080
            MB TRUSTEES ONDO ST GOV REV BOND
       71A: Details of Charges
            OUR
        72: Sender to Receiver Information
            /CODTYPTR/001
            /BNF/BNG TRSF IFO AFRIBANK TRUSTEES
            // 7 ASSET MANAGEMENT CO LTD BY ORD
            //ER OF ONDO STATE GOVT REVENUE BON
            //D
	--------------------------- Message Trailer ------------------------	
       {CHK:43F9538FAD5F}
       PKI Signature: MAC & PAC-Equivalent
