


02/06/14-12:50:10	            RtgsAck-0909-000919 	 1
_______________________________________________________________________________
	---------------------  Instance Type and Transmission --------------	
       Notification (Transmission) of Original sent to SWIFT (ACK)
       Network Delivery Status   : Network Ack 
       Priority/Delivery         : Normal
       Message Input Reference   : 1246 140602NAMENGLAAXXX3294409270
	--------------------------- Message Header -------------------------	
       Swift Input                   : FIN 103 Single Customer Credt Transfer
       Sender   : NAMENGLAXXX 
                  STERLING BANK PLC
                  LAGOS NG
       Receiver : FIDTNGLAXXX
                  FIDELITY BANK PLC
                  LAGOS NG
       FIN Copy Service : NGR
	--------------------------- Message Text ---------------------------	
        20: Sender's Reference
            SRS220146402759
       23B: Bank Operation Code
            CRED
       23E: Instruction Code
            SDVA
       26T: Transaction Type Code
            001
       32A: Val Dte/Curr/Interbnk Settld Amt
            Date           : 02 June 2014
            Currency       : NGN (NAIRA)
            Amount         :            #10,828,229.61#
       50K: Ordering Customer-Name & Address
            /0006771398
            ARIAN CAPITAL MANAGEMENT
       53A: Sender's Correspondent - FI BIC
            /D/3000025911
            NAMENGLA
            STERLING BANK PLC
            LAGOS  NG
       57A: Account With Institution - FI BIC
            /3000024646
            FIDTNGLA
            FIDELITY BANK PLC
            LAGOS  NG
        59: Beneficiary Customer-Name & Addr
            /4010813170
            ASARAH GLOBAL RESOURCES
       71A: Details of Charges
            OUR
        72: Sender to Receiver Information
            /CODTYPTR/001
            /BNF/RTGS TRANSFER IFO ASARAH GLOBA
            //L RESOURCES IFO ARIAN CAPITAL MAN
            //AGEMENT LTD
	--------------------------- Message Trailer ------------------------	
       {CHK:6F39965934F2}
       PKI Signature: MAC & PAC-Equivalent
