


25/06/14-16:31:18	            RtgsAck-1344-001354 	 1
_______________________________________________________________________________
	---------------------  Instance Type and Transmission --------------	
       Notification (Transmission) of Original sent to SWIFT (ACK)
       Network Delivery Status   : Network Ack 
       Priority/Delivery         : Normal
       Message Input Reference   : 1628 140625NAMENGLAAXXX3297415383
	--------------------------- Message Header -------------------------	
       Swift Input                   : FIN 103 Single Customer Credt Transfer
       Sender   : NAMENGLAXXX 
                  STERLING BANK PLC
                  LAGOS NG
       Receiver : FBNINGLAXXX
                  FIRST BANK OF NIGERIA PLC
                  LAGOS NG
       FIN Copy Service : NGR
	--------------------------- Message Text ---------------------------	
        20: Sender's Reference
            SRS252014628638
       23B: Bank Operation Code
            CRED
       23E: Instruction Code
            SDVA
       26T: Transaction Type Code
            001
       32A: Val Dte/Curr/Interbnk Settld Amt
            Date           : 25 June 2014
            Currency       : NGN (NAIRA)
            Amount         :            #10,000,000.00#
       50K: Ordering Customer-Name & Address
            /0009960755
            MANUFACTURERS ASS. OF NIGERIA
       53A: Sender's Correspondent - FI BIC
            /D/3000025911
            NAMENGLA
            STERLING BANK PLC
            LAGOS  NG
       57A: Account With Institution - FI BIC
            /3000024749
            FBNINGLA
            FIRST BANK OF NIGERIA PLC
            LAGOS  NG
        59: Beneficiary Customer-Name & Addr
            /2000921239
            MANUFACTURERS ASSOCIATION OF N
       71A: Details of Charges
            OUR
        72: Sender to Receiver Information
            /CODTYPTR/001
            /BNF/BNG TRF B/O MAUFACTURES ASSOCI
            //ATION OF NIGERIA
	--------------------------- Message Trailer ------------------------	
       {CHK:82320B68029C}
       PKI Signature: MAC & PAC-Equivalent
