


02/09/14-09:10:34	            RtgsAck-8337-002636 	 1
_______________________________________________________________________________
	---------------------  Instance Type and Transmission --------------	
       Notification (Transmission) of Original sent to SWIFT (ACK)
       Network Delivery Status   : Network Ack 
       Priority/Delivery         : Normal
       Message Input Reference   : 0907 140902NAMENGLAAXXX3310430882
	--------------------------- Message Header -------------------------	
       Swift Input                   : FIN 103 Single Customer Credt Transfer
       Sender   : NAMENGLAXXX 
                  STERLING BANK PLC
                  LAGOS NG
       Receiver : FBNINGLAXXX
                  FIRST BANK OF NIGERIA PLC
                  LAGOS NG
       FIN Copy Service : NGR
	--------------------------- Message Text ---------------------------	
        20: Sender's Reference
            SRS22014911529
       23B: Bank Operation Code
            CRED
       23E: Instruction Code
            SDVA
       26T: Transaction Type Code
            001
       32A: Val Dte/Curr/Interbnk Settld Amt
            Date           : 02 September 2014
            Currency       : NGN (NAIRA)
            Amount         :            #41,547,406.80#
       50K: Ordering Customer-Name & Address
            /0000836705
            FORTRESS CAPITAL LTD-CLIENTS
       53A: Sender's Correspondent - FI BIC
            /D/3000025911
            NAMENGLA
            STERLING BANK PLC
            LAGOS  NG
       57A: Account With Institution - FI BIC
            /3000024749
            FBNINGLA
            FIRST BANK OF NIGERIA PLC
            LAGOS  NG
        59: Beneficiary Customer-Name & Addr
            /2025168327
            DIAMOND ISSUE PROCEED ACCOUNT
       71A: Details of Charges
            OUR
        72: Sender to Receiver Information
            /CODTYPTR/001
            /BNF/TRFR TO FBN DIAMOND BANK RIGHT
            //S BO FORTRESS CAPITAL LIMITED (20
            //25168327)
	--------------------------- Message Trailer ------------------------	
       {CHK:1C25D4565C32}
       PKI Signature: MAC & PAC-Equivalent
