


03/09/14-14:11:51	            RtgsAck-8369-002668 	 1
_______________________________________________________________________________
	---------------------  Instance Type and Transmission --------------	
       Notification (Transmission) of Original sent to SWIFT (ACK)
       Network Delivery Status   : Network Ack 
       Priority/Delivery         : Normal
       Message Input Reference   : 1409 140903NAMENGLAAXXX3310431307
	--------------------------- Message Header -------------------------	
       Swift Input                   : FIN 103 Single Customer Credt Transfer
       Sender   : NAMENGLAXXX 
                  STERLING BANK PLC
                  LAGOS NG
       Receiver : SBICNGLXXXX
                  STANBIC IBTC BANK PLC
                  (HEAD OFFICE)
                  LAGOS NG
       FIN Copy Service : NGR
	--------------------------- Message Text ---------------------------	
        20: Sender's Reference
            SRS320149283538
       23B: Bank Operation Code
            CRED
       23E: Instruction Code
            SDVA
       26T: Transaction Type Code
            001
       32A: Val Dte/Curr/Interbnk Settld Amt
            Date           : 03 September 2014
            Currency       : NGN (NAIRA)
            Amount         :            #48,057,366.60#
       50K: Ordering Customer-Name & Address
            /0027039334
            NIGER STATE ACCOUNTANT GENERAL
       53A: Sender's Correspondent - FI BIC
            /D/3000025911
            NAMENGLA
            STERLING BANK PLC
            LAGOS  NG
       57A: Account With Institution - FI BIC
            /3000025296
            SBICNGLX
            STANBIC IBTC BANK PLC
            (HEAD OFFICE)
            LAGOS  NG
        59: Beneficiary Customer-Name & Addr
            /9201745179
            NIGER STATE BOARD OF INTERNAL REVEN
            UE, U
       71A: Details of Charges
            OUR
        72: Sender to Receiver Information
            /CODTYPTR/001
            /BNF/TRF BOO NIGER ST ACCOUNT GEN I
            //FO BIR
	--------------------------- Message Trailer ------------------------	
       {CHK:67031374787F}
       PKI Signature: MAC & PAC-Equivalent
