


18/07/14-13:23:40	            RtgsAck-1822-001832 	 1
_______________________________________________________________________________
	---------------------  Instance Type and Transmission --------------	
       Notification (Transmission) of Original sent to SWIFT (ACK)
       Network Delivery Status   : Network Ack 
       Priority/Delivery         : Normal
       Message Input Reference   : 1320 140718NAMENGLAAXXX3298420819
	--------------------------- Message Header -------------------------	
       Swift Input                   : FIN 103 Single Customer Credt Transfer
       Sender   : NAMENGLAXXX 
                  STERLING BANK PLC
                  LAGOS NG
       Receiver : ZEIBNGLAXXX
                  ZENITH BANK PLC
                  LAGOS NG
       FIN Copy Service : NGR
	--------------------------- Message Text ---------------------------	
        20: Sender's Reference
            SRS1820147362852
       23B: Bank Operation Code
            CRED
       23E: Instruction Code
            SDVA
       26T: Transaction Type Code
            001
       32A: Val Dte/Curr/Interbnk Settld Amt
            Date           : 18 July 2014
            Currency       : NGN (NAIRA)
            Amount         :            #39,563,593.34#
       50K: Ordering Customer-Name & Address
            /0008527939
            PARALLEX MICROFINANCE BANK LTD
       53A: Sender's Correspondent - FI BIC
            /D/3000025911
            NAMENGLA
            STERLING BANK PLC
            LAGOS  NG
       57A: Account With Institution - FI BIC
            /3000026523
            ZEIBNGLA
            ZENITH BANK PLC
            LAGOS  NG
        59: Beneficiary Customer-Name & Addr
            /1012800903
            SOUGHT-AFTER INT AND APOSL SYNERGY
             LIMITED
       71A: Details of Charges
            OUR
        72: Sender to Receiver Information
            /CODTYPTR/001
            /BNF/IFO SOUGHT AFTER INTERNATIONAL
            // SYNERGY
	--------------------------- Message Trailer ------------------------	
       {CHK:34C285551AB6}
       PKI Signature: MAC & PAC-Equivalent
