


10/09/14-10:50:42	            RtgsAck-8472-002771 	 1
_______________________________________________________________________________
	---------------------  Instance Type and Transmission --------------	
       Notification (Transmission) of Original sent to SWIFT (ACK)
       Network Delivery Status   : Network Ack 
       Priority/Delivery         : Normal
       Message Input Reference   : 1048 140910NAMENGLAAXXX3311433031
	--------------------------- Message Header -------------------------	
       Swift Input                   : FIN 103 Single Customer Credt Transfer
       Sender   : NAMENGLAXXX 
                  STERLING BANK PLC
                  LAGOS NG
       Receiver : ABNGNGLAXXX
                  ACCESS BANK PLC
                  LAGOS NG
       FIN Copy Service : NGR
	--------------------------- Message Text ---------------------------	
        20: Sender's Reference
            SRS1020149521081
       23B: Bank Operation Code
            CRED
       23E: Instruction Code
            SDVA
       26T: Transaction Type Code
            001
       32A: Val Dte/Curr/Interbnk Settld Amt
            Date           : 10 September 2014
            Currency       : NGN (NAIRA)
            Amount         :            #30,150,000.00#
       50K: Ordering Customer-Name & Address
            /0011095236
            GLOBAL MANPOWER LIMITED
       53A: Sender's Correspondent - FI BIC
            /D/3000025911
            NAMENGLA
            STERLING BANK PLC
            LAGOS  NG
       57A: Account With Institution - FI BIC
            /3000023539
            ABNGNGLA
            ACCESS BANK PLC
            LAGOS  NG
        59: Beneficiary Customer-Name & Addr
            /0059683058
            OCEAN PARADE LIMITED
       71A: Details of Charges
            OUR
        72: Sender to Receiver Information
            /CODTYPTR/001
            /BNF/BNG TRF IFO OCEAN PARADE LTD B
            //Y ORDER OF GLOBAL MANPOWER LIMITE
            //D
	--------------------------- Message Trailer ------------------------	
       {CHK:38220ED361C3}
       PKI Signature: MAC & PAC-Equivalent
