


05/08/14-13:12:35	            RtgsAck-2152-002164 	 1
_______________________________________________________________________________
	---------------------  Instance Type and Transmission --------------	
       Notification (Transmission) of Original sent to SWIFT (ACK)
       Network Delivery Status   : Network Ack 
       Priority/Delivery         : Normal
       Message Input Reference   : 1309 140805NAMENGLAAXXX3301424040
	--------------------------- Message Header -------------------------	
       Swift Input                   : FIN 103 Single Customer Credt Transfer
       Sender   : NAMENGLAXXX 
                  STERLING BANK PLC
                  LAGOS NG
       Receiver : UNAFNGLAXXX
                  UNITED BANK FOR AFRICA PLC
                  LAGOS NG
       FIN Copy Service : NGR
	--------------------------- Message Text ---------------------------	
        20: Sender's Reference
            SRS520148105986
       23B: Bank Operation Code
            CRED
       23E: Instruction Code
            SDVA
       26T: Transaction Type Code
            001
       32A: Val Dte/Curr/Interbnk Settld Amt
            Date           : 05 August 2014
            Currency       : NGN (NAIRA)
            Amount         :            #25,000,000.00#
       50K: Ordering Customer-Name & Address
            /0010023487
            IHUOMA CELESTINE (CHIEF)
       53A: Sender's Correspondent - FI BIC
            /D/3000025911
            NAMENGLA
            STERLING BANK PLC
            LAGOS  NG
       57A: Account With Institution - FI BIC
            /3000026413
            UNAFNGLA
            UNITED BANK FOR AFRICA PLC
            LAGOS  NG
        59: Beneficiary Customer-Name & Addr
            /2012310300
            CELESTINE  IHUOMA C.
       71A: Details of Charges
            OUR
        72: Sender to Receiver Information
            /CODTYPTR/001
            /BNF/RTGS OUTFLOWUBA PLCIFO IHUOMA 
            //CELESTINE C.B/O IHUOMA CELESTINE 
            //(CHIEF)ACCT NO 503/86970/1/5051/0
	--------------------------- Message Trailer ------------------------	
       {CHK:072558C8A352}
       PKI Signature: MAC & PAC-Equivalent
