


05/08/14-12:14:18	            RtgsAck-2140-002152 	 1
_______________________________________________________________________________
	---------------------  Instance Type and Transmission --------------	
       Notification (Transmission) of Original sent to SWIFT (ACK)
       Network Delivery Status   : Network Ack 
       Priority/Delivery         : Normal
       Message Input Reference   : 1211 140805NAMENGLAAXXX3301423991
	--------------------------- Message Header -------------------------	
       Swift Input                   : FIN 103 Single Customer Credt Transfer
       Sender   : NAMENGLAXXX 
                  STERLING BANK PLC
                  LAGOS NG
       Receiver : DBLNNGLAXXX
                  DIAMOND BANK PLC
                  LAGOS NG
       FIN Copy Service : NGR
	--------------------------- Message Text ---------------------------	
        20: Sender's Reference
            SRS520148104886
       23B: Bank Operation Code
            CRED
       23E: Instruction Code
            SDVA
       26T: Transaction Type Code
            001
       32A: Val Dte/Curr/Interbnk Settld Amt
            Date           : 05 August 2014
            Currency       : NGN (NAIRA)
            Amount         :            #10,357,620.00#
       50K: Ordering Customer-Name & Address
            /0021595197
            RIDDLE CONSTRUCTION CO. LTD
       53A: Sender's Correspondent - FI BIC
            /D/3000025911
            NAMENGLA
            STERLING BANK PLC
            LAGOS  NG
       57A: Account With Institution - FI BIC
            /3000024426
            DBLNNGLA
            DIAMOND BANK PLC
            LAGOS  NG
        59: Beneficiary Customer-Name & Addr
            /0018798772
            MUTUAL ASPIRATIONS NIG LTD
       71A: Details of Charges
            OUR
        72: Sender to Receiver Information
            /CODTYPTR/001
            /BNF/TRF TO MUTUAL ASPIRATIONS NIG 
            //LTD BOO RIDDLE CONSTR CO LTD IRO 
            //80 ADVICE PAYMENT FOR INDUSTRIAL 
            //STEEL TANK
	--------------------------- Message Trailer ------------------------	
       {CHK:CF93FDCD1FB0}
       PKI Signature: MAC & PAC-Equivalent
