


22/07/14-12:49:36	            RtgsAck-1858-001869 	 1
_______________________________________________________________________________
	---------------------  Instance Type and Transmission --------------	
       Notification (Transmission) of Original sent to SWIFT (ACK)
       Network Delivery Status   : Network Ack 
       Priority/Delivery         : Normal
       Message Input Reference   : 1246 140722NAMENGLAAXXX3299421426
	--------------------------- Message Header -------------------------	
       Swift Input                   : FIN 103 Single Customer Credt Transfer
       Sender   : NAMENGLAXXX 
                  STERLING BANK PLC
                  LAGOS NG
       Receiver : FBNINGLAXXX
                  FIRST BANK OF NIGERIA PLC
                  LAGOS NG
       FIN Copy Service : NGR
	--------------------------- Message Text ---------------------------	
        20: Sender's Reference
            SRS2220147114347
       23B: Bank Operation Code
            CRED
       23E: Instruction Code
            SDVA
       26T: Transaction Type Code
            001
       32A: Val Dte/Curr/Interbnk Settld Amt
            Date           : 22 July 2014
            Currency       : NGN (NAIRA)
            Amount         :            #17,000,000.00#
       50K: Ordering Customer-Name & Address
            /0004979035
            HARMONY STEEL AND CONS. COY LTD
       53A: Sender's Correspondent - FI BIC
            /D/3000025911
            NAMENGLA
            STERLING BANK PLC
            LAGOS  NG
       57A: Account With Institution - FI BIC
            /3000024749
            FBNINGLA
            FIRST BANK OF NIGERIA PLC
            LAGOS  NG
        59: Beneficiary Customer-Name & Addr
            /2014064432
            EASTERN VIEW BUREAU DE CHANGE LIMIT
            ED
       71A: Details of Charges
            OUR
        72: Sender to Receiver Information
            /CODTYPTR/001
            /BNF/RTGS OUTFLOWFIRST BANK PLCIFO 
            //EASTERN VIEW BDC LTDB/O HARMONY S
            //TEEL AND CONSTR COY LTDACCT NO 00
            //04979035
	--------------------------- Message Trailer ------------------------	
       {CHK:06E2D08368BC}
       PKI Signature: MAC & PAC-Equivalent
