


09/04/14-12:29:23	            RtgsAck-0104-000105 	 1
_______________________________________________________________________________
	---------------------  Instance Type and Transmission --------------	
       Notification (Transmission) of Original sent to SWIFT (ACK)
       Network Delivery Status   : Network Ack 
       Priority/Delivery         : Normal
       Message Input Reference   : 1244 140409NAMENGLAAXXX3277395572
	--------------------------- Message Header -------------------------	
       Swift Input                   : FIN 103 Single Customer Credt Transfer
       Sender   : NAMENGLAXXX 
                  STERLING BANK PLC
                  LAGOS NG
       Receiver : FIDTNGLAXXX
                  FIDELITY BANK PLC
                  LAGOS NG
       FIN Copy Service : NGR
	--------------------------- Message Text ---------------------------	
        20: Sender's Reference
            SRS92014463478
       23B: Bank Operation Code
            CRED
       23E: Instruction Code
            SDVA
       26T: Transaction Type Code
            001
       32A: Val Dte/Curr/Interbnk Settld Amt
            Date           : 09 April 2014
            Currency       : NGN (NAIRA)
            Amount         :           #213,233,485.99#
       50K: Ordering Customer-Name & Address
            /0017394515
            MARKET OPERATIONS CLEARNG ACCT
       53A: Sender's Correspondent - FI BIC
            /D/3000025911
            NAMENGLA
            STERLING BANK PLC
            LAGOS  NG
       57A: Account With Institution - FI BIC
            /3000024646
            FIDTNGLA
            FIDELITY BANK PLC
            LAGOS  NG
        59: Beneficiary Customer-Name & Addr
            /5030040562
            BENIN GENERATION COMPANY LIMITED
       71A: Details of Charges
            OUR
        72: Sender to Receiver Information
            /CODTYPTR/001
            /BNF/TRF IFO BENIN GEN.CO.LTDFID 50
            //30040562 BOO MARKT OPS CLRG ACCT
	--------------------------- Message Trailer ------------------------	
       {CHK:04F891F87D83}
       PKI Signature: MAC & PAC-Equivalent
	---------------------------- Interventions -------------------------	
       Category      : Network Report
       Creation Time : 09/04/14 12:29:02
       Application   : SWIFT Interface
       Operator      : SYSTEM
       Text
       {1:F21NAMENGLAAXXX3277395572}{4:{177:1404091244}{451:0}}
