


27/05/14-17:51:20	            RtgsAck-0833-000843 	 1
_______________________________________________________________________________
	---------------------  Instance Type and Transmission --------------	
       Notification (Transmission) of Original sent to SWIFT (ACK)
       Network Delivery Status   : Network Ack 
       Priority/Delivery         : Normal
       Message Input Reference   : 1747 140527NAMENGLAAXXX3293408197
	--------------------------- Message Header -------------------------	
       Swift Input                   : FIN 103 Single Customer Credt Transfer
       Sender   : NAMENGLAXXX 
                  STERLING BANK PLC
                  LAGOS NG
       Receiver : PLNINGLAXXX
                  KEYSTONE BANK LIMITED
                  LAGOS NG
       FIN Copy Service : NGR
	--------------------------- Message Text ---------------------------	
        20: Sender's Reference
            SRS2720145263834
       23B: Bank Operation Code
            CRED
       23E: Instruction Code
            SDVA
       26T: Transaction Type Code
            001
       32A: Val Dte/Curr/Interbnk Settld Amt
            Date           : 27 May 2014
            Currency       : NGN (NAIRA)
            Amount         :            #11,014,347.17#
       50K: Ordering Customer-Name & Address
            /0019797495
            BYSG SALARY
       53A: Sender's Correspondent - FI BIC
            /D/3000025911
            NAMENGLA
            STERLING BANK PLC
            LAGOS  NG
       57A: Account With Institution - FI BIC
            /3000026729
            PLNINGLA
            KEYSTONE BANK LIMITED
            LAGOS  NG
        59: Beneficiary Customer-Name & Addr
            /1002820942
            OGBOIN SOUTHTARAKIRI LGA
       71A: Details of Charges
            OUR
        72: Sender to Receiver Information
            /CODTYPTR/001
            /BNF/MAY SAL/OGBOIN SOUTH TARAKIRI 
            ///KEYSTONE BO BYSG
	--------------------------- Message Trailer ------------------------	
       {CHK:72572CFF78D7}
       PKI Signature: MAC & PAC-Equivalent
