


27/08/14-11:56:15	            RtgsAck-8207-002506 	 1
_______________________________________________________________________________
	---------------------  Instance Type and Transmission --------------	
       Notification (Transmission) of Original sent to SWIFT (ACK)
       Network Delivery Status   : Network Ack 
       Priority/Delivery         : Normal
       Message Input Reference   : 1153 140827NAMENGLAAXXX3309429661
	--------------------------- Message Header -------------------------	
       Swift Input                   : FIN 103 Single Customer Credt Transfer
       Sender   : NAMENGLAXXX 
                  STERLING BANK PLC
                  LAGOS NG
       Receiver : GTBINGLAXXX
                  GUARANTY TRUST BANK PLC
                  LAGOS NG
       FIN Copy Service : NGR
	--------------------------- Message Text ---------------------------	
        20: Sender's Reference
            SRS2720148401859
       23B: Bank Operation Code
            CRED
       23E: Instruction Code
            SDVA
       26T: Transaction Type Code
            001
       32A: Val Dte/Curr/Interbnk Settld Amt
            Date           : 27 August 2014
            Currency       : NGN (NAIRA)
            Amount         :            #10,437,172.11#
       50K: Ordering Customer-Name & Address
            /0026259667
            NSL/CLIENTS CURRENT ACCOUNT
       53A: Sender's Correspondent - FI BIC
            /D/3000025911
            NAMENGLA
            STERLING BANK PLC
            LAGOS  NG
       57A: Account With Institution - FI BIC
            /3000024921
            GTBINGLA
            GUARANTY TRUST BANK PLC
            LAGOS  NG
        59: Beneficiary Customer-Name & Addr
            /0004445750
            IMPERIAL HOMES MBL-OP AC
       71A: Details of Charges
            OUR
        72: Sender to Receiver Information
            /CODTYPTR/001
            /BNF/RTGS TRF IFO IMPERIAL HOMES MO
            //RTGAGE BANK LTD BOO NSL/CLIENTS 
            //CURRENT ACCOUNT
	--------------------------- Message Trailer ------------------------	
       {CHK:31B88A35EDA1}
       PKI Signature: MAC & PAC-Equivalent
