


19/06/14-11:04:34	            RtgsAck-1245-001255 	 1
_______________________________________________________________________________
	---------------------  Instance Type and Transmission --------------	
       Notification (Transmission) of Original sent to SWIFT (ACK)
       Network Delivery Status   : Network Ack 
       Priority/Delivery         : Normal
       Message Input Reference   : 1101 140619NAMENGLAAXXX3296413956
	--------------------------- Message Header -------------------------	
       Swift Input                   : FIN 103 Single Customer Credt Transfer
       Sender   : NAMENGLAXXX 
                  STERLING BANK PLC
                  LAGOS NG
       Receiver : HBCLNGLAXXX
                  Heritage Banking Company Limited 
                   NG
       FIN Copy Service : NGR
	--------------------------- Message Text ---------------------------	
        20: Sender's Reference
            SRS192014644767
       23B: Bank Operation Code
            CRED
       23E: Instruction Code
            SDVA
       26T: Transaction Type Code
            001
       32A: Val Dte/Curr/Interbnk Settld Amt
            Date           : 19 June 2014
            Currency       : NGN (NAIRA)
            Amount         :           #150,000,000.00#
       50K: Ordering Customer-Name & Address
            /0008672932
            OSMOSERVE GLOBAL LTD
       53A: Sender's Correspondent - FI BIC
            /D/3000025911
            NAMENGLA
            STERLING BANK PLC
            LAGOS  NG
       57A: Account With Institution - FI BIC
            /3000026066
            HBCLNGLA
            Heritage Banking Company Limited 
              NG
        59: Beneficiary Customer-Name & Addr
            /5100126226
            ROM-FLEX NETWORKS LIMITED
       71A: Details of Charges
            OUR
        72: Sender to Receiver Information
            /CODTYPTR/001
            /BNF/RTGS IFO ROM-FLEX NETWORKS LIM
            //ITED BO OSMOSERVE GLOBAL LIMITED
	--------------------------- Message Trailer ------------------------	
       {CHK:22BBAB7E7510}
       PKI Signature: MAC & PAC-Equivalent
