


22/05/14-14:06:05	            RtgsAck-0704-000714 	 1
_______________________________________________________________________________
	---------------------  Instance Type and Transmission --------------	
       Notification (Transmission) of Original sent to SWIFT (ACK)
       Network Delivery Status   : Network Ack 
       Priority/Delivery         : Normal
       Message Input Reference   : 1401 140522NAMENGLAAXXX3292406761
	--------------------------- Message Header -------------------------	
       Swift Input                   : FIN 103 Single Customer Credt Transfer
       Sender   : NAMENGLAXXX 
                  STERLING BANK PLC
                  LAGOS NG
       Receiver : UNAFNGLAXXX
                  UNITED BANK FOR AFRICA PLC
                  LAGOS NG
       FIN Copy Service : NGR
	--------------------------- Message Text ---------------------------	
        20: Sender's Reference
            SRS2220145311683
       23B: Bank Operation Code
            CRED
       23E: Instruction Code
            SDVA
       26T: Transaction Type Code
            001
       32A: Val Dte/Curr/Interbnk Settld Amt
            Date           : 22 May 2014
            Currency       : NGN (NAIRA)
            Amount         :            #18,275,544.00#
       50K: Ordering Customer-Name & Address
            /0025389451
            SUBEB SCHEME
       53A: Sender's Correspondent - FI BIC
            /D/3000025911
            NAMENGLA
            STERLING BANK PLC
            LAGOS  NG
       57A: Account With Institution - FI BIC
            /3000026413
            UNAFNGLA
            UNITED BANK FOR AFRICA PLC
            LAGOS  NG
        59: Beneficiary Customer-Name & Addr
            /1001757683
            SUPERCOR INDUSTRIES LTD
       71A: Details of Charges
            OUR
        72: Sender to Receiver Information
            /CODTYPTR/001
            /BNF/TRANSFER TO SUPERCOR INDUSTRIE
            //S LTD. FOR SUPPLY OF CEILING BOAR
            //D-ADD PAYMENT
	--------------------------- Message Trailer ------------------------	
       {CHK:8F1B48B980D3}
       PKI Signature: MAC & PAC-Equivalent
