


23/06/14-12:09:48	            RtgsAck-1287-001297 	 1
_______________________________________________________________________________
	---------------------  Instance Type and Transmission --------------	
       Notification (Transmission) of Original sent to SWIFT (ACK)
       Network Delivery Status   : Network Ack 
       Priority/Delivery         : Normal
       Message Input Reference   : 1206 140623NAMENGLAAXXX3297414634
	--------------------------- Message Header -------------------------	
       Swift Input                   : FIN 103 Single Customer Credt Transfer
       Sender   : NAMENGLAXXX 
                  STERLING BANK PLC
                  LAGOS NG
       Receiver : ZEIBNGLAXXX
                  ZENITH BANK PLC
                  LAGOS NG
       FIN Copy Service : NGR
	--------------------------- Message Text ---------------------------	
        20: Sender's Reference
            SRS2320146495236
       23B: Bank Operation Code
            CRED
       23E: Instruction Code
            SDVA
       26T: Transaction Type Code
            001
       32A: Val Dte/Curr/Interbnk Settld Amt
            Date           : 23 June 2014
            Currency       : NGN (NAIRA)
            Amount         :            #41,854,468.13#
       50K: Ordering Customer-Name & Address
            /0009990275
            SUB-TREASURER RETENTION
       53A: Sender's Correspondent - FI BIC
            /D/3000025911
            NAMENGLA
            STERLING BANK PLC
            LAGOS  NG
       57A: Account With Institution - FI BIC
            /3000026523
            ZEIBNGLA
            ZENITH BANK PLC
            LAGOS  NG
        59: Beneficiary Customer-Name & Addr
            /1010545044
            MOTHERCAT LTD FEDERAL PROJECT - MAI
            N
       71A: Details of Charges
            OUR
        72: Sender to Receiver Information
            /CODTYPTR/001
            /BNF/TRANSFER BO KATSINA SUBTREASUR
            //Y IFO MOTHERCAT LTD
	--------------------------- Message Trailer ------------------------	
       {CHK:0CE9360FEB54}
       PKI Signature: MAC & PAC-Equivalent
