


23/07/14-10:30:01	            RtgsAck-1878-001889 	 1
_______________________________________________________________________________
	---------------------  Instance Type and Transmission --------------	
       Notification (Transmission) of Original sent to SWIFT (ACK)
       Network Delivery Status   : Network Ack 
       Priority/Delivery         : Normal
       Message Input Reference   : 1026 140723NAMENGLAAXXX3299421685
	--------------------------- Message Header -------------------------	
       Swift Input                   : FIN 103 Single Customer Credt Transfer
       Sender   : NAMENGLAXXX 
                  STERLING BANK PLC
                  LAGOS NG
       Receiver : SPRGNGLAXXX
                  ENTERPRISE BANK LIMITED
                  LAGOS NG
       FIN Copy Service : NGR
	--------------------------- Message Text ---------------------------	
        20: Sender's Reference
            SRS2320147164816
       23B: Bank Operation Code
            CRED
       23E: Instruction Code
            SDVA
       26T: Transaction Type Code
            001
       32A: Val Dte/Curr/Interbnk Settld Amt
            Date           : 23 July 2014
            Currency       : NGN (NAIRA)
            Amount         :         #1,865,240,083.19#
       50K: Ordering Customer-Name & Address
            /0010049665
            KD.ST.LGC JOINT STATUTORY ACC
       53A: Sender's Correspondent - FI BIC
            /D/3000025911
            NAMENGLA
            STERLING BANK PLC
            LAGOS  NG
       57A: Account With Institution - FI BIC
            /3000024945
            SPRGNGLA
            ENTERPRISE BANK LIMITED
            LAGOS  NG
        59: Beneficiary Customer-Name & Addr
            /1400009358
            KADUNA ST UNIVERSAL BASIC EDU BOARD
       71A: Details of Charges
            OUR
        72: Sender to Receiver Information
            /CODTYPTR/001
            /BNF/TRF IFO KDS SUBEB-ENTERPRISE B
            //ANK PLC-BOO MINISTRY OF FINANCE, 
            //KADUNA STATE
	--------------------------- Message Trailer ------------------------	
       {CHK:A21085B99F69}
       PKI Signature: MAC & PAC-Equivalent
