


18/07/14-12:26:01	            RtgsAck-1820-001830 	 1
_______________________________________________________________________________
	---------------------  Instance Type and Transmission --------------	
       Notification (Transmission) of Original sent to SWIFT (ACK)
       Network Delivery Status   : Network Ack 
       Priority/Delivery         : Normal
       Message Input Reference   : 1222 140718NAMENGLAAXXX3298420808
	--------------------------- Message Header -------------------------	
       Swift Input                   : FIN 103 Single Customer Credt Transfer
       Sender   : NAMENGLAXXX 
                  STERLING BANK PLC
                  LAGOS NG
       Receiver : ZEIBNGLAXXX
                  ZENITH BANK PLC
                  LAGOS NG
       FIN Copy Service : NGR
	--------------------------- Message Text ---------------------------	
        20: Sender's Reference
            SRS1820147564188
       23B: Bank Operation Code
            CRED
       23E: Instruction Code
            SDVA
       26T: Transaction Type Code
            001
       32A: Val Dte/Curr/Interbnk Settld Amt
            Date           : 18 July 2014
            Currency       : NGN (NAIRA)
            Amount         :           #120,000,000.00#
       50K: Ordering Customer-Name & Address
            /0026917745
            AVALON INTERCONT NIG LTD
       53A: Sender's Correspondent - FI BIC
            /D/3000025911
            NAMENGLA
            STERLING BANK PLC
            LAGOS  NG
       57A: Account With Institution - FI BIC
            /3000026523
            ZEIBNGLA
            ZENITH BANK PLC
            LAGOS  NG
        59: Beneficiary Customer-Name & Addr
            /1011645147
            A.I.G GLOBAL SOLUTIONS LTD
       71A: Details of Charges
            OUR
        72: Sender to Receiver Information
            /CODTYPTR/001
            /BNF/TRSF IFO A.I.G. GLOBAL SOLUTIO
            //N LIMITED B/O AVALON INTERCONT NI
            //G.LTD
	--------------------------- Message Trailer ------------------------	
       {CHK:E9280D20369A}
       PKI Signature: MAC & PAC-Equivalent
