


25/04/14-17:36:11	            RtgsAck-0278-000279 	 1
_______________________________________________________________________________
	---------------------  Instance Type and Transmission --------------	
       Notification (Transmission) of Original sent to SWIFT (ACK)
       Network Delivery Status   : Network Ack 
       Priority/Delivery         : Normal
       Message Input Reference   : 1750 140425NAMENGLAAXXX3282399657
	--------------------------- Message Header -------------------------	
       Swift Input                   : FIN 103 Single Customer Credt Transfer
       Sender   : NAMENGLAXXX 
                  STERLING BANK PLC
                  LAGOS NG
       Receiver : ABNGNGLAXXX
                  ACCESS BANK PLC
                  LAGOS NG
       FIN Copy Service : NGR
	--------------------------- Message Text ---------------------------	
        20: Sender's Reference
            SRS2520144555246
       23B: Bank Operation Code
            CRED
       23E: Instruction Code
            SDVA
       26T: Transaction Type Code
            001
       32A: Val Dte/Curr/Interbnk Settld Amt
            Date           : 25 April 2014
            Currency       : NGN (NAIRA)
            Amount         :            #21,261,418.15#
       50K: Ordering Customer-Name & Address
            /0013818112
            DELTA STATE GOVERNMENT(TCO)ACC
       53A: Sender's Correspondent - FI BIC
            /D/3000025911
            NAMENGLA
            STERLING BANK PLC
            LAGOS  NG
       57A: Account With Institution - FI BIC
            /3000023539
            ABNGNGLA
            ACCESS BANK PLC
            LAGOS  NG
        59: Beneficiary Customer-Name & Addr
            /0003010273
            FMBN(ASABA)NHF REMIT
       71A: Details of Charges
            OUR
        72: Sender to Receiver Information
            /CODTYPTR/001
            /BNF/RTGS TRF BOO DSTG TCO IFO SEC,
            // NHF
	--------------------------- Message Trailer ------------------------	
       {CHK:0CF42E47379E}
       PKI Signature: MAC & PAC-Equivalent
	---------------------------- Interventions -------------------------	
       Category      : Network Report
       Creation Time : 25/04/14 17:35:53
       Application   : SWIFT Interface
       Operator      : SYSTEM
       Text
       {1:F21NAMENGLAAXXX3282399657}{4:{177:1404251750}{451:0}}
