


04/04/14-12:56:41	            RtgsAck-0046-000047 	 1
_______________________________________________________________________________
	---------------------  Instance Type and Transmission --------------	
       Notification (Transmission) of Original sent to SWIFT (ACK)
       Network Delivery Status   : Network Ack 
       Priority/Delivery         : Normal
       Message Input Reference   : 1311 140404NAMENGLAAXXX3273394415
	--------------------------- Message Header -------------------------	
       Swift Input                   : FIN 103 Single Customer Credt Transfer
       Sender   : NAMENGLAXXX 
                  STERLING BANK PLC
                  LAGOS NG
       Receiver : DBLNNGLAXXX
                  DIAMOND BANK PLC
                  LAGOS NG
       FIN Copy Service : NGR
	--------------------------- Message Text ---------------------------	
        20: Sender's Reference
            SRS42014451037
       23B: Bank Operation Code
            CRED
       23E: Instruction Code
            SDVA
       26T: Transaction Type Code
            001
       32A: Val Dte/Curr/Interbnk Settld Amt
            Date           : 04 April 2014
            Currency       : NGN (NAIRA)
            Amount         :           #168,010,721.26#
       50K: Ordering Customer-Name & Address
            /0017394515
            MARKET OPERATIONS CLEARNG ACCT
       53A: Sender's Correspondent - FI BIC
            /D/3000025911
            NAMENGLA
            STERLING BANK PLC
            LAGOS  NG
       57A: Account With Institution - FI BIC
            /3000024426
            DBLNNGLA
            DIAMOND BANK PLC
            LAGOS  NG
        59: Beneficiary Customer-Name & Addr
            /0038725123
            OMOTOSHO ELECTRIC ENERGY COMPANY LT
            D
       71A: Details of Charges
            OUR
        72: Sender to Receiver Information
            /CODTYPTR/001
            /BNF/TRF IFO OMOTOSHO ELECTRIC ENER
            //GY CO.LTDDIA 0038725123 BOO MARKE
            //T OPS
	--------------------------- Message Trailer ------------------------	
       {CHK:A57AA564876B}
       PKI Signature: MAC & PAC-Equivalent
	---------------------------- Interventions -------------------------	
       Category      : Network Report
       Creation Time : 04/04/14 12:56:20
       Application   : SWIFT Interface
       Operator      : SYSTEM
       Text
       {1:F21NAMENGLAAXXX3273394415}{4:{177:1404041311}{451:0}}
