


11/07/14-16:33:58	            RtgsAck-1725-001735 	 1
_______________________________________________________________________________
	---------------------  Instance Type and Transmission --------------	
       Notification (Transmission) of Original sent to SWIFT (ACK)
       Network Delivery Status   : Network Ack 
       Priority/Delivery         : Normal
       Message Input Reference   : 1631 140711NAMENGLAAXXX3297419359
	--------------------------- Message Header -------------------------	
       Swift Input                   : FIN 103 Single Customer Credt Transfer
       Sender   : NAMENGLAXXX 
                  STERLING BANK PLC
                  LAGOS NG
       Receiver : ZEIBNGLAXXX
                  ZENITH BANK PLC
                  LAGOS NG
       FIN Copy Service : NGR
	--------------------------- Message Text ---------------------------	
        20: Sender's Reference
            SRS112014743775
       23B: Bank Operation Code
            CRED
       23E: Instruction Code
            SDVA
       26T: Transaction Type Code
            001
       32A: Val Dte/Curr/Interbnk Settld Amt
            Date           : 11 July 2014
            Currency       : NGN (NAIRA)
            Amount         :           #109,626,835.63#
       50K: Ordering Customer-Name & Address
            /0010999643
            GLOMOBILE OPERATIONAL A/C
       53A: Sender's Correspondent - FI BIC
            /D/3000025911
            NAMENGLA
            STERLING BANK PLC
            LAGOS  NG
       57A: Account With Institution - FI BIC
            /3000026523
            ZEIBNGLA
            ZENITH BANK PLC
            LAGOS  NG
        59: Beneficiary Customer-Name & Addr
            /6010154805
            ZPC/SIPML  PENSIONS
       71A: Details of Charges
            OUR
        72: Sender to Receiver Information
            /CODTYPTR/001
            /BNF/BGN RTGS TRF TO ZIB IFO ZPC/IB
            //TC PENSIONS BOO GLOBACOM LTD- JUN
            //E 2014 REMITTANCE
	--------------------------- Message Trailer ------------------------	
       {CHK:972C63CC3933}
       PKI Signature: MAC & PAC-Equivalent
