


19/06/14-14:55:22	            RtgsAck-1258-001268 	 1
_______________________________________________________________________________
	---------------------  Instance Type and Transmission --------------	
       Notification (Transmission) of Original sent to SWIFT (ACK)
       Network Delivery Status   : Network Ack 
       Priority/Delivery         : Normal
       Message Input Reference   : 1452 140619NAMENGLAAXXX3296414041
	--------------------------- Message Header -------------------------	
       Swift Input                   : FIN 103 Single Customer Credt Transfer
       Sender   : NAMENGLAXXX 
                  STERLING BANK PLC
                  LAGOS NG
       Receiver : GTBINGLAXXX
                  GUARANTY TRUST BANK PLC
                  LAGOS NG
       FIN Copy Service : NGR
	--------------------------- Message Text ---------------------------	
        20: Sender's Reference
            SRS1920146255872
       23B: Bank Operation Code
            CRED
       23E: Instruction Code
            SDVA
       26T: Transaction Type Code
            001
       32A: Val Dte/Curr/Interbnk Settld Amt
            Date           : 19 June 2014
            Currency       : NGN (NAIRA)
            Amount         :            #11,900,000.00#
       50K: Ordering Customer-Name & Address
            /0010514482
            GRAND PRODUCTS CO LTD
       53A: Sender's Correspondent - FI BIC
            /D/3000025911
            NAMENGLA
            STERLING BANK PLC
            LAGOS  NG
       57A: Account With Institution - FI BIC
            /3000024921
            GTBINGLA
            GUARANTY TRUST BANK PLC
            LAGOS  NG
        59: Beneficiary Customer-Name & Addr
            /0010125244
            GRAND PROD.CO. LTD (OPERATIONS
       71A: Details of Charges
            OUR
        72: Sender to Receiver Information
            /CODTYPTR/001
            /BNF/TO GTB IFO GRAND PRODUCTS CO L
            //TD B/O GRAND PRODUCTS CO(00105144
            //82)
	--------------------------- Message Trailer ------------------------	
       {CHK:D5AD7E6D24A1}
       PKI Signature: MAC & PAC-Equivalent
