


07/07/14-13:54:05	            RtgsAck-1621-001631 	 1
_______________________________________________________________________________
	---------------------  Instance Type and Transmission --------------	
       Notification (Transmission) of Original sent to SWIFT (ACK)
       Network Delivery Status   : Network Ack 
       Priority/Delivery         : Normal
       Message Input Reference   : 1351 140707NAMENGLAAXXX3297417851
	--------------------------- Message Header -------------------------	
       Swift Input                   : FIN 103 Single Customer Credt Transfer
       Sender   : NAMENGLAXXX 
                  STERLING BANK PLC
                  LAGOS NG
       Receiver : ECOCNGLAXXX
                  ECOBANK NIGERIA PLC
                  LAGOS NG
       FIN Copy Service : NGR
	--------------------------- Message Text ---------------------------	
        20: Sender's Reference
            SRS72014731733
       23B: Bank Operation Code
            CRED
       23E: Instruction Code
            SDVA
       26T: Transaction Type Code
            001
       32A: Val Dte/Curr/Interbnk Settld Amt
            Date           : 07 July 2014
            Currency       : NGN (NAIRA)
            Amount         :           #497,500,000.00#
       50K: Ordering Customer-Name & Address
            /0008612260
            SEINA MARINE LIMITED
       53A: Sender's Correspondent - FI BIC
            /D/3000025911
            NAMENGLA
            STERLING BANK PLC
            LAGOS  NG
       57A: Account With Institution - FI BIC
            /3000024495
            ECOCNGLA
            ECOBANK NIGERIA PLC
            LAGOS  NG
        59: Beneficiary Customer-Name & Addr
            /1383004862
            MAMU MU AH BUREAU DE CHANGE LIMITED
       71A: Details of Charges
            OUR
        72: Sender to Receiver Information
            /CODTYPTR/001
            /BNF/RTGS BO SEINA MARINE IFO MAMU 
            //MUAH BDC
	--------------------------- Message Trailer ------------------------	
       {CHK:595BB3811FDE}
       PKI Signature: MAC & PAC-Equivalent
