


05/06/14-14:25:02	            RtgsAck-1004-001014 	 1
_______________________________________________________________________________
	---------------------  Instance Type and Transmission --------------	
       Notification (Transmission) of Original sent to SWIFT (ACK)
       Network Delivery Status   : Network Ack 
       Priority/Delivery         : Normal
       Message Input Reference   : 1421 140605NAMENGLAAXXX3295410457
	--------------------------- Message Header -------------------------	
       Swift Input                   : FIN 103 Single Customer Credt Transfer
       Sender   : NAMENGLAXXX 
                  STERLING BANK PLC
                  LAGOS NG
       Receiver : ECOCNGLAXXX
                  ECOBANK NIGERIA PLC
                  LAGOS NG
       FIN Copy Service : NGR
	--------------------------- Message Text ---------------------------	
        20: Sender's Reference
            SRS520146593153
       23B: Bank Operation Code
            CRED
       23E: Instruction Code
            SDVA
       26T: Transaction Type Code
            001
       32A: Val Dte/Curr/Interbnk Settld Amt
            Date           : 05 June 2014
            Currency       : NGN (NAIRA)
            Amount         :            #40,863,614.12#
       50K: Ordering Customer-Name & Address
            /0013818112
            DELTA STATE GOVERNMENT(TCO)ACC
       53A: Sender's Correspondent - FI BIC
            /D/3000025911
            NAMENGLA
            STERLING BANK PLC
            LAGOS  NG
       57A: Account With Institution - FI BIC
            /3000024495
            ECOCNGLA
            ECOBANK NIGERIA PLC
            LAGOS  NG
        59: Beneficiary Customer-Name & Addr
            /2152055111
            DTSG TAX RESERVE ACCOUNT
       71A: Details of Charges
            OUR
        72: Sender to Receiver Information
            /CODTYPTR/001
            /BNF/RTGS TRF BOO DSTG TCO IFO CHAI
            //RMAN, BOARD OF INTERNAL REVENUE
	--------------------------- Message Trailer ------------------------	
       {CHK:197BF25AC6F1}
       PKI Signature: MAC & PAC-Equivalent
