


01/08/14-16:38:15	            RtgsAck-2094-002105 	 1
_______________________________________________________________________________
	---------------------  Instance Type and Transmission --------------	
       Notification (Transmission) of Original sent to SWIFT (ACK)
       Network Delivery Status   : Network Ack 
       Priority/Delivery         : Normal
       Message Input Reference   : 1635 140801NAMENGLAAXXX3300423556
	--------------------------- Message Header -------------------------	
       Swift Input                   : FIN 103 Single Customer Credt Transfer
       Sender   : NAMENGLAXXX 
                  STERLING BANK PLC
                  LAGOS NG
       Receiver : ZEIBNGLAXXX
                  ZENITH BANK PLC
                  LAGOS NG
       FIN Copy Service : NGR
	--------------------------- Message Text ---------------------------	
        20: Sender's Reference
            SRS120148592353
       23B: Bank Operation Code
            CRED
       23E: Instruction Code
            SDVA
       26T: Transaction Type Code
            001
       32A: Val Dte/Curr/Interbnk Settld Amt
            Date           : 01 August 2014
            Currency       : NGN (NAIRA)
            Amount         :            #37,026,000.00#
       50K: Ordering Customer-Name & Address
            /0010992589
            METROTECH GLOBAL PROJECT LTD
       53A: Sender's Correspondent - FI BIC
            /D/3000025911
            NAMENGLA
            STERLING BANK PLC
            LAGOS  NG
       57A: Account With Institution - FI BIC
            /3000026523
            ZEIBNGLA
            ZENITH BANK PLC
            LAGOS  NG
        59: Beneficiary Customer-Name & Addr
            /1011242821
            WALEOLA GOLDEN VENTURES (NIG) LTD.
       71A: Details of Charges
            OUR
        72: Sender to Receiver Information
            /CODTYPTR/001
            /BNF/RTGS TRF TO ZENITH IFO WALEOLA
            // GOLDEN VENTURES NIG LTD BOO METR
            //OTECH GLOBAL PROJECT LIMITED
	--------------------------- Message Trailer ------------------------	
       {CHK:003ECAFDCEFB}
       PKI Signature: MAC & PAC-Equivalent
