


26/08/14-13:11:30	            RtgsAck-8196-002495 	 1
_______________________________________________________________________________
	---------------------  Instance Type and Transmission --------------	
       Notification (Transmission) of Original sent to SWIFT (ACK)
       Network Delivery Status   : Network Ack 
       Priority/Delivery         : Normal
       Message Input Reference   : 1308 140826NAMENGLAAXXX3309429292
	--------------------------- Message Header -------------------------	
       Swift Input                   : FIN 103 Single Customer Credt Transfer
       Sender   : NAMENGLAXXX 
                  STERLING BANK PLC
                  LAGOS NG
       Receiver : PRDTNGLAXXX
                  SKYE BANK PLC
                  LAGOS NG
       FIN Copy Service : NGR
	--------------------------- Message Text ---------------------------	
        20: Sender's Reference
            SRS2620148354210
       23B: Bank Operation Code
            CRED
       23E: Instruction Code
            SDVA
       26T: Transaction Type Code
            001
       32A: Val Dte/Curr/Interbnk Settld Amt
            Date           : 26 August 2014
            Currency       : NGN (NAIRA)
            Amount         :         #1,497,784,794.45#
       50K: Ordering Customer-Name & Address
            /0023223900
            NAT.INV.PROTECTION FUND
       53A: Sender's Correspondent - FI BIC
            /D/3000025911
            NAMENGLA
            STERLING BANK PLC
            LAGOS  NG
       57A: Account With Institution - FI BIC
            /3000025698
            PRDTNGLA
            SKYE BANK PLC
            LAGOS  NG
        59: Beneficiary Customer-Name & Addr
            /1790057754
            SUNDRY DEPOSIT NEW
       71A: Details of Charges
            OUR
        72: Sender to Receiver Information
            /CODTYPTR/001
            /BNF/PRINCIPAL+INTEREST ON MATURED 
            //FIXED DEPOSIT
	--------------------------- Message Trailer ------------------------	
       {CHK:F37ADA7D519D}
       PKI Signature: MAC & PAC-Equivalent
