


26/08/14-11:08:39	            RtgsAck-8195-002494 	 1
_______________________________________________________________________________
	---------------------  Instance Type and Transmission --------------	
       Notification (Transmission) of Original sent to SWIFT (ACK)
       Network Delivery Status   : Network Ack 
       Priority/Delivery         : Normal
       Message Input Reference   : 1105 140826NAMENGLAAXXX3309429249
	--------------------------- Message Header -------------------------	
       Swift Input                   : FIN 103 Single Customer Credt Transfer
       Sender   : NAMENGLAXXX 
                  STERLING BANK PLC
                  LAGOS NG
       Receiver : ZEIBNGLAXXX
                  ZENITH BANK PLC
                  LAGOS NG
       FIN Copy Service : NGR
	--------------------------- Message Text ---------------------------	
        20: Sender's Reference
            SRS262014814629
       23B: Bank Operation Code
            CRED
       23E: Instruction Code
            SDVA
       26T: Transaction Type Code
            001
       32A: Val Dte/Curr/Interbnk Settld Amt
            Date           : 26 August 2014
            Currency       : NGN (NAIRA)
            Amount         :            #27,613,950.00#
       50K: Ordering Customer-Name & Address
            /0007322955
            CRUSADER STERLING PENSIONS LTD
       53A: Sender's Correspondent - FI BIC
            /D/3000025911
            NAMENGLA
            STERLING BANK PLC
            LAGOS  NG
       57A: Account With Institution - FI BIC
            /3000026523
            ZEIBNGLA
            ZENITH BANK PLC
            LAGOS  NG
        59: Beneficiary Customer-Name & Addr
            /1013842067
            MULTICHOICE NIG. LTD-DSTV MEDIA SAL
            ES
       71A: Details of Charges
            OUR
        72: Sender to Receiver Information
            /CODTYPTR/001
            /BNF/BNG RTGS TO ZENITH BANK IFO MU
            //LTICHOICE NIG LTD-DSTV MEDIA SALE
            //S B/O CRUSADER STERLING PENSIONS
	--------------------------- Message Trailer ------------------------	
       {CHK:59A7E38D5E57}
       PKI Signature: MAC & PAC-Equivalent
