


17/06/14-16:12:54	            RtgsAck-1218-001228 	 1
_______________________________________________________________________________
	---------------------  Instance Type and Transmission --------------	
       Notification (Transmission) of Original sent to SWIFT (ACK)
       Network Delivery Status   : Network Ack 
       Priority/Delivery         : Normal
       Message Input Reference   : 1609 140617NAMENGLAAXXX3296413493
	--------------------------- Message Header -------------------------	
       Swift Input                   : FIN 103 Single Customer Credt Transfer
       Sender   : NAMENGLAXXX 
                  STERLING BANK PLC
                  LAGOS NG
       Receiver : UNAFNGLAXXX
                  UNITED BANK FOR AFRICA PLC
                  LAGOS NG
       FIN Copy Service : NGR
	--------------------------- Message Text ---------------------------	
        20: Sender's Reference
            SRS1720146233169
       23B: Bank Operation Code
            CRED
       23E: Instruction Code
            SDVA
       26T: Transaction Type Code
            001
       32A: Val Dte/Curr/Interbnk Settld Amt
            Date           : 17 June 2014
            Currency       : NGN (NAIRA)
            Amount         :            #95,000,000.00#
       50K: Ordering Customer-Name & Address
            /0025747994
            DOYLE AND DUBLIN LIMITED
       53A: Sender's Correspondent - FI BIC
            /D/3000025911
            NAMENGLA
            STERLING BANK PLC
            LAGOS  NG
       57A: Account With Institution - FI BIC
            /3000026413
            UNAFNGLA
            UNITED BANK FOR AFRICA PLC
            LAGOS  NG
        59: Beneficiary Customer-Name & Addr
            /1005792189
            RILWAN BALA MUSA
       71A: Details of Charges
            OUR
        72: Sender to Receiver Information
            /CODTYPTR/001
            /BNF/TRSF TO UBA IFO RILWAN BALA MU
            //SA(1005792189)BOO DOYLE AND DUBLI
            //N LTD(0025747994)
	--------------------------- Message Trailer ------------------------	
       {CHK:3FCD97A903B1}
       PKI Signature: MAC & PAC-Equivalent
