


15/07/14-16:41:07	            RtgsAck-1778-001788 	 1
_______________________________________________________________________________
	---------------------  Instance Type and Transmission --------------	
       Notification (Transmission) of Original sent to SWIFT (ACK)
       Network Delivery Status   : Network Ack 
       Priority/Delivery         : Normal
       Message Input Reference   : 1637 140715NAMENGLAAXXX3298420111
	--------------------------- Message Header -------------------------	
       Swift Input                   : FIN 103 Single Customer Credt Transfer
       Sender   : NAMENGLAXXX 
                  STERLING BANK PLC
                  LAGOS NG
       Receiver : ZEIBNGLAXXX
                  ZENITH BANK PLC
                  LAGOS NG
       FIN Copy Service : NGR
	--------------------------- Message Text ---------------------------	
        20: Sender's Reference
            SRS152014712789
       23B: Bank Operation Code
            CRED
       23E: Instruction Code
            SDVA
       26T: Transaction Type Code
            001
       32A: Val Dte/Curr/Interbnk Settld Amt
            Date           : 15 July 2014
            Currency       : NGN (NAIRA)
            Amount         :            #11,000,000.00#
       50K: Ordering Customer-Name & Address
            /0012674591
            M.O. UDOYE AND SONS W.A LTD.
       53A: Sender's Correspondent - FI BIC
            /D/3000025911
            NAMENGLA
            STERLING BANK PLC
            LAGOS  NG
       57A: Account With Institution - FI BIC
            /3000026523
            ZEIBNGLA
            ZENITH BANK PLC
            LAGOS  NG
        59: Beneficiary Customer-Name & Addr
            /1011186408
            TUKUR SULEIMAN R/DORUWA MOTORS NIG 
            ENT
       71A: Details of Charges
            OUR
        72: Sender to Receiver Information
            /CODTYPTR/001
            /BNF/TRSF BO CHIEF UDOYE IFO TUKUR 
            //SULEIMAN R/DORUWA MOTORS NIG.
	--------------------------- Message Trailer ------------------------	
       {CHK:D8B9484F9E13}
       PKI Signature: MAC & PAC-Equivalent
