


02/06/14-12:55:06	            RtgsAck-0912-000922 	 1
_______________________________________________________________________________
	---------------------  Instance Type and Transmission --------------	
       Notification (Transmission) of Original sent to SWIFT (ACK)
       Network Delivery Status   : Network Ack 
       Priority/Delivery         : Normal
       Message Input Reference   : 1251 140602NAMENGLAAXXX3294409273
	--------------------------- Message Header -------------------------	
       Swift Input                   : FIN 103 Single Customer Credt Transfer
       Sender   : NAMENGLAXXX 
                  STERLING BANK PLC
                  LAGOS NG
       Receiver : WEMANGLAXXX
                  WEMA BANK PLC
                  LAGOS NG
       FIN Copy Service : NGR
	--------------------------- Message Text ---------------------------	
        20: Sender's Reference
            SRS22014664078
       23B: Bank Operation Code
            CRED
       23E: Instruction Code
            SDVA
       26T: Transaction Type Code
            001
       32A: Val Dte/Curr/Interbnk Settld Amt
            Date           : 02 June 2014
            Currency       : NGN (NAIRA)
            Amount         :           #137,116,450.45#
       50K: Ordering Customer-Name & Address
            /0013818112
            DELTA STATE GOVERNMENT(TCO)ACC
       53A: Sender's Correspondent - FI BIC
            /D/3000025911
            NAMENGLA
            STERLING BANK PLC
            LAGOS  NG
       57A: Account With Institution - FI BIC
            /3000026499
            WEMANGLA
            WEMA BANK PLC
            LAGOS  NG
        59: Beneficiary Customer-Name & Addr
            /0122013261
            DELTA STATE GOVT  IGR COL  ACCT
       71A: Details of Charges
            OUR
        72: Sender to Receiver Information
            /CODTYPTR/001
            /BNF/RTGS TRF BOO DSTG TCO IFO CHAI
            //RMAN, BIR
	--------------------------- Message Trailer ------------------------	
       {CHK:9BF58C1AE52C}
       PKI Signature: MAC & PAC-Equivalent
