


04/06/14-11:34:35	            RtgsAck-0956-000966 	 1
_______________________________________________________________________________
	---------------------  Instance Type and Transmission --------------	
       Notification (Transmission) of Original sent to SWIFT (ACK)
       Network Delivery Status   : Network Ack 
       Priority/Delivery         : Normal
       Message Input Reference   : 1130 140604NAMENGLAAXXX3294410006
	--------------------------- Message Header -------------------------	
       Swift Input                   : FIN 103 Single Customer Credt Transfer
       Sender   : NAMENGLAXXX 
                  STERLING BANK PLC
                  LAGOS NG
       Receiver : ZEIBNGLAXXX
                  ZENITH BANK PLC
                  LAGOS NG
       FIN Copy Service : NGR
	--------------------------- Message Text ---------------------------	
        20: Sender's Reference
            SRS42014695944
       23B: Bank Operation Code
            CRED
       23E: Instruction Code
            SDVA
       26T: Transaction Type Code
            001
       32A: Val Dte/Curr/Interbnk Settld Amt
            Date           : 04 June 2014
            Currency       : NGN (NAIRA)
            Amount         :            #10,875,733.50#
       50K: Ordering Customer-Name & Address
            /0013377662
            SLABMARK NIG LTD
       53A: Sender's Correspondent - FI BIC
            /D/3000025911
            NAMENGLA
            STERLING BANK PLC
            LAGOS  NG
       57A: Account With Institution - FI BIC
            /3000026523
            ZEIBNGLA
            ZENITH BANK PLC
            LAGOS  NG
        59: Beneficiary Customer-Name & Addr
            /1002203875
            LUKUMAN A.  AND AMP RAFIU A. ODUWO
            YE
       71A: Details of Charges
            OUR
        72: Sender to Receiver Information
            /CODTYPTR/001
            /BNF/TRF ZENITH B/O SLABMARK NIG LT
            //D IFO LUKUMAN RAFIU ODUWOYE
	--------------------------- Message Trailer ------------------------	
       {CHK:63CA599D07F1}
       PKI Signature: MAC & PAC-Equivalent
