


23/07/14-13:44:05	            RtgsAck-1885-001896 	 1
_______________________________________________________________________________
	---------------------  Instance Type and Transmission --------------	
       Notification (Transmission) of Original sent to SWIFT (ACK)
       Network Delivery Status   : Network Ack 
       Priority/Delivery         : Normal
       Message Input Reference   : 1340 140723NAMENGLAAXXX3299421766
	--------------------------- Message Header -------------------------	
       Swift Input                   : FIN 103 Single Customer Credt Transfer
       Sender   : NAMENGLAXXX 
                  STERLING BANK PLC
                  LAGOS NG
       Receiver : FIDTNGLAXXX
                  FIDELITY BANK PLC
                  LAGOS NG
       FIN Copy Service : NGR
	--------------------------- Message Text ---------------------------	
        20: Sender's Reference
            SRS2320147295080
       23B: Bank Operation Code
            CRED
       23E: Instruction Code
            SDVA
       26T: Transaction Type Code
            001
       32A: Val Dte/Curr/Interbnk Settld Amt
            Date           : 23 July 2014
            Currency       : NGN (NAIRA)
            Amount         :           #117,000,000.00#
       50K: Ordering Customer-Name & Address
            /0000825244
            HORIZON STOCKBROKERS (CLIENTS)
       53A: Sender's Correspondent - FI BIC
            /D/3000025911
            NAMENGLA
            STERLING BANK PLC
            LAGOS  NG
       57A: Account With Institution - FI BIC
            /3000024646
            FIDTNGLA
            FIDELITY BANK PLC
            LAGOS  NG
        59: Beneficiary Customer-Name & Addr
            /4010700887
            FIRST CAPITAL INFRASTRUCTURE DEVELO
            PMENT LTD
       71A: Details of Charges
            OUR
        72: Sender to Receiver Information
            /CODTYPTR/001
            /BNF/TRFR TO FIDELITY BNK FIRST CAP
            //ITAL INFRASTRUCTURE DEVELOPMENT L
            //TD BO HORIZON STOCKBROKERS LTD (4
            //010700887)
	--------------------------- Message Trailer ------------------------	
       {CHK:3DC7FEA9B3BE}
       PKI Signature: MAC & PAC-Equivalent
