


25/08/14-14:56:54	            RtgsAck-8188-002487 	 1
_______________________________________________________________________________
	---------------------  Instance Type and Transmission --------------	
       Notification (Transmission) of Original sent to SWIFT (ACK)
       Network Delivery Status   : Network Ack 
       Priority/Delivery         : Normal
       Message Input Reference   : 1454 140825NAMENGLAAXXX3309429062
	--------------------------- Message Header -------------------------	
       Swift Input                   : FIN 103 Single Customer Credt Transfer
       Sender   : NAMENGLAXXX 
                  STERLING BANK PLC
                  LAGOS NG
       Receiver : GTBINGLAXXX
                  GUARANTY TRUST BANK PLC
                  LAGOS NG
       FIN Copy Service : NGR
	--------------------------- Message Text ---------------------------	
        20: Sender's Reference
            SRS2520148292380
       23B: Bank Operation Code
            CRED
       23E: Instruction Code
            SDVA
       26T: Transaction Type Code
            001
       32A: Val Dte/Curr/Interbnk Settld Amt
            Date           : 25 August 2014
            Currency       : NGN (NAIRA)
            Amount         :            #31,150,000.00#
       50K: Ordering Customer-Name & Address
            /0009486196
            LAG.STATE WASTE MGT.AUTHORITY
       53A: Sender's Correspondent - FI BIC
            /D/3000025911
            NAMENGLA
            STERLING BANK PLC
            LAGOS  NG
       57A: Account With Institution - FI BIC
            /3000024921
            GTBINGLA
            GUARANTY TRUST BANK PLC
            LAGOS  NG
        59: Beneficiary Customer-Name & Addr
            /0002555419
            GREENFIELD ENVIRON SERV. LTD
       71A: Details of Charges
            OUR
        72: Sender to Receiver Information
            /CODTYPTR/001
            /BNF/TRANSFER IFO GREENFIELD ENVIRO
            //NMENTAL SSERVICES LTD B/O LAWMA
	--------------------------- Message Trailer ------------------------	
       {CHK:21C9F1EC8131}
       PKI Signature: MAC & PAC-Equivalent
