


04/08/14-15:40:34	            RtgsAck-2131-002143 	 1
_______________________________________________________________________________
	---------------------  Instance Type and Transmission --------------	
       Notification (Transmission) of Original sent to SWIFT (ACK)
       Network Delivery Status   : Network Ack 
       Priority/Delivery         : Normal
       Message Input Reference   : 1537 140804NAMENGLAAXXX3301423832
	--------------------------- Message Header -------------------------	
       Swift Input                   : FIN 103 Single Customer Credt Transfer
       Sender   : NAMENGLAXXX 
                  STERLING BANK PLC
                  LAGOS NG
       Receiver : GTBINGLAXXX
                  GUARANTY TRUST BANK PLC
                  LAGOS NG
       FIN Copy Service : NGR
	--------------------------- Message Text ---------------------------	
        20: Sender's Reference
            SRS42014811929
       23B: Bank Operation Code
            CRED
       23E: Instruction Code
            SDVA
       26T: Transaction Type Code
            001
       32A: Val Dte/Curr/Interbnk Settld Amt
            Date           : 04 August 2014
            Currency       : NGN (NAIRA)
            Amount         :            #10,190,310.82#
       50K: Ordering Customer-Name & Address
            /0025040169
            LEVERAGE INS.BROKERS LTD PROJ
       53A: Sender's Correspondent - FI BIC
            /D/3000025911
            NAMENGLA
            STERLING BANK PLC
            LAGOS  NG
       57A: Account With Institution - FI BIC
            /3000024921
            GTBINGLA
            GUARANTY TRUST BANK PLC
            LAGOS  NG
        59: Beneficiary Customer-Name & Addr
            /0154219584
            LADEJOLA GLOBAL INVEST.LTD
       71A: Details of Charges
            OUR
        72: Sender to Receiver Information
            /CODTYPTR/001
            /BNF/TRANSFER
	--------------------------- Message Trailer ------------------------	
       {CHK:A2E6A6DC52E1}
       PKI Signature: MAC & PAC-Equivalent
