


21/07/14-14:51:51	            RtgsAck-1842-001852 	 1
_______________________________________________________________________________
	---------------------  Instance Type and Transmission --------------	
       Notification (Transmission) of Original sent to SWIFT (ACK)
       Network Delivery Status   : Network Ack 
       Priority/Delivery         : Normal
       Message Input Reference   : 1448 140721NAMENGLAAXXX3299421204
	--------------------------- Message Header -------------------------	
       Swift Input                   : FIN 103 Single Customer Credt Transfer
       Sender   : NAMENGLAXXX 
                  STERLING BANK PLC
                  LAGOS NG
       Receiver : PLNINGLAXXX
                  KEYSTONE BANK LIMITED
                  LAGOS NG
       FIN Copy Service : NGR
	--------------------------- Message Text ---------------------------	
        20: Sender's Reference
            SRS2120147495736
       23B: Bank Operation Code
            CRED
       23E: Instruction Code
            SDVA
       26T: Transaction Type Code
            001
       32A: Val Dte/Curr/Interbnk Settld Amt
            Date           : 21 July 2014
            Currency       : NGN (NAIRA)
            Amount         :            #11,200,000.00#
       50K: Ordering Customer-Name & Address
            /0011035344
            MARTIN SEABREEZE SCHOOLS LTD
       53A: Sender's Correspondent - FI BIC
            /D/3000025911
            NAMENGLA
            STERLING BANK PLC
            LAGOS  NG
       57A: Account With Institution - FI BIC
            /3000026729
            PLNINGLA
            KEYSTONE BANK LIMITED
            LAGOS  NG
        59: Beneficiary Customer-Name & Addr
            /1002743700
            DISTINCT INTEGRATED SERVICES LTD
       71A: Details of Charges
            OUR
        72: Sender to Receiver Information
            /CODTYPTR/001
            /BNF/BGN RTGS TRF TO KEYSTONE BANK 
            //IFO DISTINCT INTEGRATED SERVICES 
            //LTD BOO MARTIN SEABREEZ SCHOOLS L
            //TD
	--------------------------- Message Trailer ------------------------	
       {CHK:6B9AA0976C9C}
       PKI Signature: MAC & PAC-Equivalent
