


05/05/14-14:46:22	            RtgsAck-0453-000463 	 1
_______________________________________________________________________________
	---------------------  Instance Type and Transmission --------------	
       Notification (Transmission) of Original sent to SWIFT (ACK)
       Network Delivery Status   : Network Ack 
       Priority/Delivery         : Normal
       Message Input Reference   : 1501 140505NAMENGLAAXXX3285401490
	--------------------------- Message Header -------------------------	
       Swift Input                   : FIN 103 Single Customer Credt Transfer
       Sender   : NAMENGLAXXX 
                  STERLING BANK PLC
                  LAGOS NG
       Receiver : ECOCNGLAXXX
                  ECOBANK NIGERIA PLC
                  LAGOS NG
       FIN Copy Service : NGR
	--------------------------- Message Text ---------------------------	
        20: Sender's Reference
            SRS520145213165
       23B: Bank Operation Code
            CRED
       23E: Instruction Code
            SDVA
       26T: Transaction Type Code
            001
       32A: Val Dte/Curr/Interbnk Settld Amt
            Date           : 05 May 2014
            Currency       : NGN (NAIRA)
            Amount         :            #33,300,280.00#
       50K: Ordering Customer-Name & Address
            /0021959333
            CGS OGBIA LGA SPEC.PROJECT A/C
       53A: Sender's Correspondent - FI BIC
            /D/3000025911
            NAMENGLA
            STERLING BANK PLC
            LAGOS  NG
       57A: Account With Institution - FI BIC
            /3000024495
            ECOCNGLA
            ECOBANK NIGERIA PLC
            LAGOS  NG
        59: Beneficiary Customer-Name & Addr
            /2572054505
            AYA MARINE SERVICES
       71A: Details of Charges
            OUR
        72: Sender to Receiver Information
            /CODTYPTR/001
            /BNF/TRANSFER IFO AYA MARINE BEING 
            //80 MOB PAYNMNT FOR SUPPLY OF FUNI
            //TURE ND EDU MATERIAL TO SCHOOL IN
            // OGBIA
	--------------------------- Message Trailer ------------------------	
       {CHK:AD28F521E865}
       PKI Signature: MAC & PAC-Equivalent
	---------------------------- Interventions -------------------------	
       Category      : Network Report
       Creation Time : 05/05/14 14:46:02
       Application   : SWIFT Interface
       Operator      : SYSTEM
       Text
       {1:F21NAMENGLAAXXX3285401490}{4:{177:1405051501}{451:0}}
