


20/08/14-11:16:56	            RtgsAck-8114-002413 	 1
_______________________________________________________________________________
	---------------------  Instance Type and Transmission --------------	
       Notification (Transmission) of Original sent to SWIFT (ACK)
       Network Delivery Status   : Network Ack 
       Priority/Delivery         : Normal
       Message Input Reference   : 1113 140820NAMENGLAAXXX3308428103
	--------------------------- Message Header -------------------------	
       Swift Input                   : FIN 103 Single Customer Credt Transfer
       Sender   : NAMENGLAXXX 
                  STERLING BANK PLC
                  LAGOS NG
       Receiver : WEMANGLAXXX
                  WEMA BANK PLC
                  LAGOS NG
       FIN Copy Service : NGR
	--------------------------- Message Text ---------------------------	
        20: Sender's Reference
            SRS202014892244
       23B: Bank Operation Code
            CRED
       23E: Instruction Code
            SDVA
       26T: Transaction Type Code
            001
       32A: Val Dte/Curr/Interbnk Settld Amt
            Date           : 20 August 2014
            Currency       : NGN (NAIRA)
            Amount         :            #12,215,338.40#
       50K: Ordering Customer-Name & Address
            /0011095171
            PURIFICATION TECH
       53A: Sender's Correspondent - FI BIC
            /D/3000025911
            NAMENGLA
            STERLING BANK PLC
            LAGOS  NG
       57A: Account With Institution - FI BIC
            /3000026499
            WEMANGLA
            WEMA BANK PLC
            LAGOS  NG
        59: Beneficiary Customer-Name & Addr
            /0121510062
            ULTRA VIOLET BRILLIANT ENGR LIMITED
       71A: Details of Charges
            OUR
        72: Sender to Receiver Information
            /CODTYPTR/001
            /BNF/BNG RTGS TO WEMA IFO ULTRAVIOL
            //ET ENGINEERING LIMITED BOO PURIFI
            //CATION TECHN.LTD(REF: 80 ADVANCE 
            //PAYMENT)
	--------------------------- Message Trailer ------------------------	
       {CHK:90CEA12742C9}
       PKI Signature: MAC & PAC-Equivalent
