


30/06/14-13:02:55	            RtgsAck-1404-001414 	 1
_______________________________________________________________________________
	---------------------  Instance Type and Transmission --------------	
       Notification (Transmission) of Original sent to SWIFT (ACK)
       Network Delivery Status   : Network Ack 
       Priority/Delivery         : Normal
       Message Input Reference   : 1259 140630NAMENGLAAXXX3297416238
	--------------------------- Message Header -------------------------	
       Swift Input                   : FIN 103 Single Customer Credt Transfer
       Sender   : NAMENGLAXXX 
                  STERLING BANK PLC
                  LAGOS NG
       Receiver : SBICNGLXXXX
                  STANBIC IBTC BANK PLC
                  (HEAD OFFICE)
                  LAGOS NG
       FIN Copy Service : NGR
	--------------------------- Message Text ---------------------------	
        20: Sender's Reference
            SRS302014615655
       23B: Bank Operation Code
            CRED
       23E: Instruction Code
            SDVA
       26T: Transaction Type Code
            001
       32A: Val Dte/Curr/Interbnk Settld Amt
            Date           : 30 June 2014
            Currency       : NGN (NAIRA)
            Amount         :            #36,074,790.00#
       50K: Ordering Customer-Name & Address
            /0008667349
            INVESTORS AND TRUST-CLIENTS A/C
       53A: Sender's Correspondent - FI BIC
            /D/3000025911
            NAMENGLA
            STERLING BANK PLC
            LAGOS  NG
       57A: Account With Institution - FI BIC
            /3000025296
            SBICNGLX
            STANBIC IBTC BANK PLC
            (HEAD OFFICE)
            LAGOS  NG
        59: Beneficiary Customer-Name & Addr
            /0008374841
            PROCUREMENT METHODS - PROMETH NIGEI
            RA LIMITED
       71A: Details of Charges
            OUR
        72: Sender to Receiver Information
            /CODTYPTR/001
            /BNF/TRFR TO STANBIC IBTC PROCUREME
            //NT METHODS-PROMETH NIG LTD BO INV
            //ESTORS - TRUST CO. LTD (000837484
            //1)
	--------------------------- Message Trailer ------------------------	
       {CHK:3BA59A2D7380}
       PKI Signature: MAC & PAC-Equivalent
