


18/08/14-15:33:39	            RtgsAck-8074-002373 	 1
_______________________________________________________________________________
	---------------------  Instance Type and Transmission --------------	
       Notification (Transmission) of Original sent to SWIFT (ACK)
       Network Delivery Status   : Network Ack 
       Priority/Delivery         : Normal
       Message Input Reference   : 1530 140818NAMENGLAAXXX3308427527
	--------------------------- Message Header -------------------------	
       Swift Input                   : FIN 103 Single Customer Credt Transfer
       Sender   : NAMENGLAXXX 
                  STERLING BANK PLC
                  LAGOS NG
       Receiver : SPRGNGLAXXX
                  ENTERPRISE BANK LIMITED
                  LAGOS NG
       FIN Copy Service : NGR
	--------------------------- Message Text ---------------------------	
        20: Sender's Reference
            SRS182014810386
       23B: Bank Operation Code
            CRED
       23E: Instruction Code
            SDVA
       26T: Transaction Type Code
            001
       32A: Val Dte/Curr/Interbnk Settld Amt
            Date           : 18 August 2014
            Currency       : NGN (NAIRA)
            Amount         :            #25,000,000.00#
       50K: Ordering Customer-Name & Address
            /0018723109
            RIVERBROOK ENERGY LTD.
       53A: Sender's Correspondent - FI BIC
            /D/3000025911
            NAMENGLA
            STERLING BANK PLC
            LAGOS  NG
       57A: Account With Institution - FI BIC
            /3000024945
            SPRGNGLA
            ENTERPRISE BANK LIMITED
            LAGOS  NG
        59: Beneficiary Customer-Name & Addr
            /1200834998
            ZONEAL GLOBAL SERVICES LIMITED
       71A: Details of Charges
            OUR
        72: Sender to Receiver Information
            /CODTYPTR/001
            /BNF/TRF IRO ZONEAL GLOBAL SERVICES
	--------------------------- Message Trailer ------------------------	
       {CHK:8B77C97A8A7C}
       PKI Signature: MAC & PAC-Equivalent
