


01/09/14-14:03:42	            RtgsAck-8290-002589 	 1
_______________________________________________________________________________
	---------------------  Instance Type and Transmission --------------	
       Notification (Transmission) of Original sent to SWIFT (ACK)
       Network Delivery Status   : Network Ack 
       Priority/Delivery         : Normal
       Message Input Reference   : 1401 140901NAMENGLAAXXX3310430665
	--------------------------- Message Header -------------------------	
       Swift Input                   : FIN 103 Single Customer Credt Transfer
       Sender   : NAMENGLAXXX 
                  STERLING BANK PLC
                  LAGOS NG
       Receiver : GTBINGLAXXX
                  GUARANTY TRUST BANK PLC
                  LAGOS NG
       FIN Copy Service : NGR
	--------------------------- Message Text ---------------------------	
        20: Sender's Reference
            SRS120149454328
       23B: Bank Operation Code
            CRED
       23E: Instruction Code
            SDVA
       26T: Transaction Type Code
            001
       32A: Val Dte/Curr/Interbnk Settld Amt
            Date           : 01 September 2014
            Currency       : NGN (NAIRA)
            Amount         :            #16,600,491.83#
       50K: Ordering Customer-Name & Address
            /0016938158
            DIR.OF SPECIAL INFRASTURE
       53A: Sender's Correspondent - FI BIC
            /D/3000025911
            NAMENGLA
            STERLING BANK PLC
            LAGOS  NG
       57A: Account With Institution - FI BIC
            /3000024921
            GTBINGLA
            GUARANTY TRUST BANK PLC
            LAGOS  NG
        59: Beneficiary Customer-Name & Addr
            /0012606617
            THEROCK CONSTRUCT LTD
       71A: Details of Charges
            OUR
        72: Sender to Receiver Information
            /CODTYPTR/001
            /BNF/RTGS TRF BOO DIR OF SPECIAL IN
            //FRASTRUCTURE IFO THEROCK CONSTRUC
            //T LTD
	--------------------------- Message Trailer ------------------------	
       {CHK:6482EFB6C317}
       PKI Signature: MAC & PAC-Equivalent
