


13/08/14-15:33:38	            RtgsAck-8002-002301 	 1
_______________________________________________________________________________
	---------------------  Instance Type and Transmission --------------	
       Notification (Transmission) of Original sent to SWIFT (ACK)
       Network Delivery Status   : Network Ack 
       Priority/Delivery         : Normal
       Message Input Reference   : 1530 140813NAMENGLAAXXX3307426315
	--------------------------- Message Header -------------------------	
       Swift Input                   : FIN 103 Single Customer Credt Transfer
       Sender   : NAMENGLAXXX 
                  STERLING BANK PLC
                  LAGOS NG
       Receiver : AFRNNGLAXXX
                  MAINSTREET BANK LIMITED
                  LAGOS NG
       FIN Copy Service : NGR
	--------------------------- Message Text ---------------------------	
        20: Sender's Reference
            SRS132014810986
       23B: Bank Operation Code
            CRED
       23E: Instruction Code
            SDVA
       26T: Transaction Type Code
            001
       32A: Val Dte/Curr/Interbnk Settld Amt
            Date           : 13 August 2014
            Currency       : NGN (NAIRA)
            Amount         :            #20,800,000.00#
       50K: Ordering Customer-Name & Address
            /0010011060
            NECA  GRATUITY ACCOUNT
       53A: Sender's Correspondent - FI BIC
            /D/3000025911
            NAMENGLA
            STERLING BANK PLC
            LAGOS  NG
       57A: Account With Institution - FI BIC
            /3000023553
            AFRNNGLA
            MAINSTREET BANK LIMITED
            LAGOS  NG
        59: Beneficiary Customer-Name & Addr
            /6500649643
            NIG.EMPLOYERS AND APOS CONSULTATIV
            E ASSOC.
       71A: Details of Charges
            OUR
        72: Sender to Receiver Information
            /CODTYPTR/001
            /BNF/TRSF IFO NIG EMPLOYEE CONSULT 
            //ASS.
	--------------------------- Message Trailer ------------------------	
       {CHK:6B9AD42FD20A}
       PKI Signature: MAC & PAC-Equivalent
