


26/05/14-16:40:57	            RtgsAck-0772-000782 	 1
_______________________________________________________________________________
	---------------------  Instance Type and Transmission --------------	
       Notification (Transmission) of Original sent to SWIFT (ACK)
       Network Delivery Status   : Network Ack 
       Priority/Delivery         : Normal
       Message Input Reference   : 1636 140526NAMENGLAAXXX3293407705
	--------------------------- Message Header -------------------------	
       Swift Input                   : FIN 103 Single Customer Credt Transfer
       Sender   : NAMENGLAXXX 
                  STERLING BANK PLC
                  LAGOS NG
       Receiver : DBLNNGLAXXX
                  DIAMOND BANK PLC
                  LAGOS NG
       FIN Copy Service : NGR
	--------------------------- Message Text ---------------------------	
        20: Sender's Reference
            SRS2620145503677
       23B: Bank Operation Code
            CRED
       23E: Instruction Code
            SDVA
       26T: Transaction Type Code
            001
       32A: Val Dte/Curr/Interbnk Settld Amt
            Date           : 26 May 2014
            Currency       : NGN (NAIRA)
            Amount         :            #85,933,838.91#
       50K: Ordering Customer-Name & Address
            /0009578763
            ACCOUNTANT GENERAL (KDSG)
       53A: Sender's Correspondent - FI BIC
            /D/3000025911
            NAMENGLA
            STERLING BANK PLC
            LAGOS  NG
       57A: Account With Institution - FI BIC
            /3000024426
            DBLNNGLA
            DIAMOND BANK PLC
            LAGOS  NG
        59: Beneficiary Customer-Name & Addr
            /0028872745
            TIGER CAT COMPANY LIMITED
       71A: Details of Charges
            OUR
        72: Sender to Receiver Information
            /CODTYPTR/001
            /BNF/TRF IFO T.C.C NIG LTD NIG LTD-
            //DBP PLC-BOO MIN OF FINANCE
	--------------------------- Message Trailer ------------------------	
       {CHK:DA028CDFA8E6}
       PKI Signature: MAC & PAC-Equivalent
