


12/08/14-13:18:57	            RtgsAck-7964-002263 	 1
_______________________________________________________________________________
	---------------------  Instance Type and Transmission --------------	
       Notification (Transmission) of Original sent to SWIFT (ACK)
       Network Delivery Status   : Network Ack 
       Priority/Delivery         : Normal
       Message Input Reference   : 1315 140812NAMENGLAAXXX3306425913
	--------------------------- Message Header -------------------------	
       Swift Input                   : FIN 103 Single Customer Credt Transfer
       Sender   : NAMENGLAXXX 
                  STERLING BANK PLC
                  LAGOS NG
       Receiver : PRDTNGLAXXX
                  SKYE BANK PLC
                  LAGOS NG
       FIN Copy Service : NGR
	--------------------------- Message Text ---------------------------	
        20: Sender's Reference
            SRS1220148394618
       23B: Bank Operation Code
            CRED
       23E: Instruction Code
            SDVA
       26T: Transaction Type Code
            001
       32A: Val Dte/Curr/Interbnk Settld Amt
            Date           : 12 August 2014
            Currency       : NGN (NAIRA)
            Amount         :            #70,000,000.00#
       50K: Ordering Customer-Name & Address
            /0009995988
            QUANTUM TRAVELS NIG.LTD
       53A: Sender's Correspondent - FI BIC
            /D/3000025911
            NAMENGLA
            STERLING BANK PLC
            LAGOS  NG
       57A: Account With Institution - FI BIC
            /3000025698
            PRDTNGLA
            SKYE BANK PLC
            LAGOS  NG
        59: Beneficiary Customer-Name & Addr
            /1770019110
            QUANTUM TRAVELS LIMITED
       71A: Details of Charges
            OUR
        72: Sender to Receiver Information
            /CODTYPTR/001
            /BNF/RTGS-SKYE-IFO- QUANTUM TRAVELS
            // LIMITED BY ORDER OF QUATUM TRAVE
            //LS NIG LTD
	--------------------------- Message Trailer ------------------------	
       {CHK:7C2DFEB8BDF1}
       PKI Signature: MAC & PAC-Equivalent
