


02/07/14-15:20:23	            RtgsAck-1548-001558 	 1
_______________________________________________________________________________
	---------------------  Instance Type and Transmission --------------	
       Notification (Transmission) of Original sent to SWIFT (ACK)
       Network Delivery Status   : Network Ack 
       Priority/Delivery         : Normal
       Message Input Reference   : 1517 140702NAMENGLAAXXX3297417031
	--------------------------- Message Header -------------------------	
       Swift Input                   : FIN 103 Single Customer Credt Transfer
       Sender   : NAMENGLAXXX 
                  STERLING BANK PLC
                  LAGOS NG
       Receiver : FBNINGLAXXX
                  FIRST BANK OF NIGERIA PLC
                  LAGOS NG
       FIN Copy Service : NGR
	--------------------------- Message Text ---------------------------	
        20: Sender's Reference
            SRS220147375914
       23B: Bank Operation Code
            CRED
       23E: Instruction Code
            SDVA
       26T: Transaction Type Code
            001
       32A: Val Dte/Curr/Interbnk Settld Amt
            Date           : 02 July 2014
            Currency       : NGN (NAIRA)
            Amount         :           #129,269,618.20#
       50K: Ordering Customer-Name & Address
            /0000860278
            LASG JOINT LOCAL GOVT A/C (SRA
       53A: Sender's Correspondent - FI BIC
            /D/3000025911
            NAMENGLA
            STERLING BANK PLC
            LAGOS  NG
       57A: Account With Institution - FI BIC
            /3000024749
            FBNINGLA
            FIRST BANK OF NIGERIA PLC
            LAGOS  NG
        59: Beneficiary Customer-Name & Addr
            /2004744906
            AJEROMI LOCAL GOVERNMENT
       71A: Details of Charges
            OUR
        72: Sender to Receiver Information
            /CODTYPTR/001
            /BNF/TSFR IFO AJEROMI LOCAL GOVTFBN
            // 2004744906
	--------------------------- Message Trailer ------------------------	
       {CHK:A6035416F54C}
       PKI Signature: MAC & PAC-Equivalent
