


11/08/14-15:11:25	            RtgsAck-7950-002249 	 1
_______________________________________________________________________________
	---------------------  Instance Type and Transmission --------------	
       Notification (Transmission) of Original sent to SWIFT (ACK)
       Network Delivery Status   : Network Ack 
       Priority/Delivery         : Normal
       Message Input Reference   : 1508 140811NAMENGLAAXXX3306425604
	--------------------------- Message Header -------------------------	
       Swift Input                   : FIN 103 Single Customer Credt Transfer
       Sender   : NAMENGLAXXX 
                  STERLING BANK PLC
                  LAGOS NG
       Receiver : ZEIBNGLAXXX
                  ZENITH BANK PLC
                  LAGOS NG
       FIN Copy Service : NGR
	--------------------------- Message Text ---------------------------	
        20: Sender's Reference
            SRS1120148495236
       23B: Bank Operation Code
            CRED
       23E: Instruction Code
            SDVA
       26T: Transaction Type Code
            001
       32A: Val Dte/Curr/Interbnk Settld Amt
            Date           : 11 August 2014
            Currency       : NGN (NAIRA)
            Amount         :           #100,000,000.00#
       50K: Ordering Customer-Name & Address
            /0014737010
            O.C. AND SONS
       53A: Sender's Correspondent - FI BIC
            /D/3000025911
            NAMENGLA
            STERLING BANK PLC
            LAGOS  NG
       57A: Account With Institution - FI BIC
            /3000026523
            ZEIBNGLA
            ZENITH BANK PLC
            LAGOS  NG
        59: Beneficiary Customer-Name & Addr
            /1013587061
            ROYAL IVORY REAL ESTATE VENTURES
       71A: Details of Charges
            OUR
        72: Sender to Receiver Information
            /CODTYPTR/001
            /BNF/TRANSFER IFO ROYAL IVORY REAL 
            //ESTATE VENTURE
	--------------------------- Message Trailer ------------------------	
       {CHK:8684D9915EB3}
       PKI Signature: MAC & PAC-Equivalent
