


18/08/14-11:38:16	            RtgsAck-8062-002361 	 1
_______________________________________________________________________________
	---------------------  Instance Type and Transmission --------------	
       Notification (Transmission) of Original sent to SWIFT (ACK)
       Network Delivery Status   : Network Ack 
       Priority/Delivery         : Normal
       Message Input Reference   : 1135 140818NAMENGLAAXXX3308427423
	--------------------------- Message Header -------------------------	
       Swift Input                   : FIN 103 Single Customer Credt Transfer
       Sender   : NAMENGLAXXX 
                  STERLING BANK PLC
                  LAGOS NG
       Receiver : ECOCNGLAXXX
                  ECOBANK NIGERIA PLC
                  LAGOS NG
       FIN Copy Service : NGR
	--------------------------- Message Text ---------------------------	
        20: Sender's Reference
            SRS182014817158
       23B: Bank Operation Code
            CRED
       23E: Instruction Code
            SDVA
       26T: Transaction Type Code
            001
       32A: Val Dte/Curr/Interbnk Settld Amt
            Date           : 18 August 2014
            Currency       : NGN (NAIRA)
            Amount         :           #165,409,150.69#
       50K: Ordering Customer-Name & Address
            /0015166350
            BYSG CAPITAL DEVELOPMENT FUND
       53A: Sender's Correspondent - FI BIC
            /D/3000025911
            NAMENGLA
            STERLING BANK PLC
            LAGOS  NG
       57A: Account With Institution - FI BIC
            /3000024495
            ECOCNGLA
            ECOBANK NIGERIA PLC
            LAGOS  NG
        59: Beneficiary Customer-Name & Addr
            /4802036987
            BAYELSA ELECTRICITY CO LTD  DSRA  A
             C
       71A: Details of Charges
            OUR
        72: Sender to Receiver Information
            /CODTYPTR/001
            /BNF/GM BAYELSA STATE ELECTRICITY C
            //OMPANY LTD/PAYMENT IRO MONTHLY RE
            //PAYMENT - INTEREST
	--------------------------- Message Trailer ------------------------	
       {CHK:C17E89695380}
       PKI Signature: MAC & PAC-Equivalent
