


07/07/14-15:59:03	            RtgsAck-1637-001647 	 1
_______________________________________________________________________________
	---------------------  Instance Type and Transmission --------------	
       Notification (Transmission) of Original sent to SWIFT (ACK)
       Network Delivery Status   : Network Ack 
       Priority/Delivery         : Normal
       Message Input Reference   : 1556 140707NAMENGLAAXXX3297417923
	--------------------------- Message Header -------------------------	
       Swift Input                   : FIN 103 Single Customer Credt Transfer
       Sender   : NAMENGLAXXX 
                  STERLING BANK PLC
                  LAGOS NG
       Receiver : WEMANGLAXXX
                  WEMA BANK PLC
                  LAGOS NG
       FIN Copy Service : NGR
	--------------------------- Message Text ---------------------------	
        20: Sender's Reference
            SRS72014771240
       23B: Bank Operation Code
            CRED
       23E: Instruction Code
            SDVA
       26T: Transaction Type Code
            001
       32A: Val Dte/Curr/Interbnk Settld Amt
            Date           : 07 July 2014
            Currency       : NGN (NAIRA)
            Amount         :            #82,000,000.00#
       50K: Ordering Customer-Name & Address
            /0023170884
            LUCKYWAY BDC LTD
       53A: Sender's Correspondent - FI BIC
            /D/3000025911
            NAMENGLA
            STERLING BANK PLC
            LAGOS  NG
       57A: Account With Institution - FI BIC
            /3000026499
            WEMANGLA
            WEMA BANK PLC
            LAGOS  NG
        59: Beneficiary Customer-Name & Addr
            /0122285284
            GOLDEN SHELL BUREAU DE CHANGE LIMIT
            ED
       71A: Details of Charges
            OUR
        72: Sender to Receiver Information
            /CODTYPTR/001
            /BNF/TRF IFO GOLDEN SHELL BDC  BOO 
            //LUCKYWAY BDC LTD
	--------------------------- Message Trailer ------------------------	
       {CHK:F8D2F7D974A3}
       PKI Signature: MAC & PAC-Equivalent
