


04/07/14-10:10:05	            RtgsAck-1596-001606 	 1
_______________________________________________________________________________
	---------------------  Instance Type and Transmission --------------	
       Notification (Transmission) of Original sent to SWIFT (ACK)
       Network Delivery Status   : Network Ack 
       Priority/Delivery         : Normal
       Message Input Reference   : 1007 140704NAMENGLAAXXX3297417513
	--------------------------- Message Header -------------------------	
       Swift Input                   : FIN 103 Single Customer Credt Transfer
       Sender   : NAMENGLAXXX 
                  STERLING BANK PLC
                  LAGOS NG
       Receiver : DBLNNGLAXXX
                  DIAMOND BANK PLC
                  LAGOS NG
       FIN Copy Service : NGR
	--------------------------- Message Text ---------------------------	
        20: Sender's Reference
            SRS420147222527
       23B: Bank Operation Code
            CRED
       23E: Instruction Code
            SDVA
       26T: Transaction Type Code
            001
       32A: Val Dte/Curr/Interbnk Settld Amt
            Date           : 04 July 2014
            Currency       : NGN (NAIRA)
            Amount         :            #29,207,750.00#
       50K: Ordering Customer-Name & Address
            /0010470108
            BALOGUN ADEGBOYEGA ISHOLA
       53A: Sender's Correspondent - FI BIC
            /D/3000025911
            NAMENGLA
            STERLING BANK PLC
            LAGOS  NG
       57A: Account With Institution - FI BIC
            /3000024426
            DBLNNGLA
            DIAMOND BANK PLC
            LAGOS  NG
        59: Beneficiary Customer-Name & Addr
            /0015424074
            JUSTIN GREG ENTERPRISES LIMITED
       71A: Details of Charges
            OUR
        72: Sender to Receiver Information
            /CODTYPTR/001
            /BNF/RTGS TRF TO JUSTIN GREG ENTERP
            //RISE LTD BOO ADEGBOYEGA ISHOLA BA
            //LOGUN
	--------------------------- Message Trailer ------------------------	
       {CHK:21A569DBCBB1}
       PKI Signature: MAC & PAC-Equivalent
