


15/08/14-11:50:35	            RtgsAck-8042-002341 	 1
_______________________________________________________________________________
	---------------------  Instance Type and Transmission --------------	
       Notification (Transmission) of Original sent to SWIFT (ACK)
       Network Delivery Status   : Network Ack 
       Priority/Delivery         : Normal
       Message Input Reference   : 1147 140815NAMENGLAAXXX3307426999
	--------------------------- Message Header -------------------------	
       Swift Input                   : FIN 103 Single Customer Credt Transfer
       Sender   : NAMENGLAXXX 
                  STERLING BANK PLC
                  LAGOS NG
       Receiver : FBNINGLAXXX
                  FIRST BANK OF NIGERIA PLC
                  LAGOS NG
       FIN Copy Service : NGR
	--------------------------- Message Text ---------------------------	
        20: Sender's Reference
            SRS1520148405659
       23B: Bank Operation Code
            CRED
       23E: Instruction Code
            SDVA
       26T: Transaction Type Code
            001
       32A: Val Dte/Curr/Interbnk Settld Amt
            Date           : 15 August 2014
            Currency       : NGN (NAIRA)
            Amount         :            #19,000,000.00#
       50K: Ordering Customer-Name & Address
            /0026761292
            GEOVILLE CONSULTING LIMITED
       53A: Sender's Correspondent - FI BIC
            /D/3000025911
            NAMENGLA
            STERLING BANK PLC
            LAGOS  NG
       57A: Account With Institution - FI BIC
            /3000024749
            FBNINGLA
            FIRST BANK OF NIGERIA PLC
            LAGOS  NG
        59: Beneficiary Customer-Name & Addr
            /2025333736
            JONEZ PETROLEUM NIGERIA LIMITED
       71A: Details of Charges
            OUR
        72: Sender to Receiver Information
            /CODTYPTR/001
            /BNF/FUNDS TRANSFERRED TO JONEZ PET
            //ROLEUM NIG.LTD BOO GEOVILLE CONSU
            //LTING LIMITED
	--------------------------- Message Trailer ------------------------	
       {CHK:A3D33052DF45}
       PKI Signature: MAC & PAC-Equivalent
