


07/05/14-10:31:06	            RtgsAck-0481-000491 	 1
_______________________________________________________________________________
	---------------------  Instance Type and Transmission --------------	
       Notification (Transmission) of Original sent to SWIFT (ACK)
       Network Delivery Status   : Network Ack 
       Priority/Delivery         : Normal
       Message Input Reference   : 1046 140507NAMENGLAAXXX3285402235
	--------------------------- Message Header -------------------------	
       Swift Input                   : FIN 103 Single Customer Credt Transfer
       Sender   : NAMENGLAXXX 
                  STERLING BANK PLC
                  LAGOS NG
       Receiver : ICITNGLAXXX
                  UNITY BANK PLC
                  LAGOS NG
       FIN Copy Service : NGR
	--------------------------- Message Text ---------------------------	
        20: Sender's Reference
            SRS720145273076
       23B: Bank Operation Code
            CRED
       23E: Instruction Code
            SDVA
       26T: Transaction Type Code
            001
       32A: Val Dte/Curr/Interbnk Settld Amt
            Date           : 07 May 2014
            Currency       : NGN (NAIRA)
            Amount         :            #24,895,325.70#
       50K: Ordering Customer-Name & Address
            /0025389451
            SUBEB SCHEME
       53A: Sender's Correspondent - FI BIC
            /D/3000025911
            NAMENGLA
            STERLING BANK PLC
            LAGOS  NG
       57A: Account With Institution - FI BIC
            /3000025241
            ICITNGLA
            UNITY BANK PLC
            LAGOS  NG
        59: Beneficiary Customer-Name & Addr
            /0013660134
            ASBAMA AND SONS
       71A: Details of Charges
            OUR
        72: Sender to Receiver Information
            /CODTYPTR/001
            /BNF/TRF TO ABSAMA - SONS FOR CONST
            //RUCTION OF JSS C/ROOM-ADD PAYMENT
	--------------------------- Message Trailer ------------------------	
       {CHK:52B7D405CBE4}
       PKI Signature: MAC & PAC-Equivalent
	---------------------------- Interventions -------------------------	
       Category      : Network Report
       Creation Time : 07/05/14 10:30:50
       Application   : SWIFT Interface
       Operator      : SYSTEM
       Text
       {1:F21NAMENGLAAXXX3285402235}{4:{177:1405071046}{451:0}}
