


16/07/14-14:19:14	            RtgsAck-1787-001797 	 1
_______________________________________________________________________________
	---------------------  Instance Type and Transmission --------------	
       Notification (Transmission) of Original sent to SWIFT (ACK)
       Network Delivery Status   : Network Ack 
       Priority/Delivery         : Normal
       Message Input Reference   : 1415 140716NAMENGLAAXXX3298420287
	--------------------------- Message Header -------------------------	
       Swift Input                   : FIN 103 Single Customer Credt Transfer
       Sender   : NAMENGLAXXX 
                  STERLING BANK PLC
                  LAGOS NG
       Receiver : HBCLNGLAXXX
                  Heritage Banking Company Limited 
                   NG
       FIN Copy Service : NGR
	--------------------------- Message Text ---------------------------	
        20: Sender's Reference
            SRS1620147392818
       23B: Bank Operation Code
            CRED
       23E: Instruction Code
            SDVA
       26T: Transaction Type Code
            001
       32A: Val Dte/Curr/Interbnk Settld Amt
            Date           : 16 July 2014
            Currency       : NGN (NAIRA)
            Amount         :           #116,900,000.00#
       50K: Ordering Customer-Name & Address
            /0025274236
            GRACE FOTRESS CONCEPT
       53A: Sender's Correspondent - FI BIC
            /D/3000025911
            NAMENGLA
            STERLING BANK PLC
            LAGOS  NG
       57A: Account With Institution - FI BIC
            /3000026066
            HBCLNGLA
            Heritage Banking Company Limited 
              NG
        59: Beneficiary Customer-Name & Addr
            /5100016556
            GRACE FOTRESS CONCEPT
       71A: Details of Charges
            OUR
        72: Sender to Receiver Information
            /CODTYPTR/001
            /BNF/RTGS TRF IFO GRACE FOTRESS CON
            //CEPT
	--------------------------- Message Trailer ------------------------	
       {CHK:ED3CF3E40775}
       PKI Signature: MAC & PAC-Equivalent
