


23/07/14-14:50:09	            RtgsAck-1893-001904 	 1
_______________________________________________________________________________
	---------------------  Instance Type and Transmission --------------	
       Notification (Transmission) of Original sent to SWIFT (ACK)
       Network Delivery Status   : Network Ack 
       Priority/Delivery         : Normal
       Message Input Reference   : 1446 140723NAMENGLAAXXX3299421787
	--------------------------- Message Header -------------------------	
       Swift Input                   : FIN 103 Single Customer Credt Transfer
       Sender   : NAMENGLAXXX 
                  STERLING BANK PLC
                  LAGOS NG
       Receiver : FBNINGLAXXX
                  FIRST BANK OF NIGERIA PLC
                  LAGOS NG
       FIN Copy Service : NGR
	--------------------------- Message Text ---------------------------	
        20: Sender's Reference
            SRS2320147155755
       23B: Bank Operation Code
            CRED
       23E: Instruction Code
            SDVA
       26T: Transaction Type Code
            001
       32A: Val Dte/Curr/Interbnk Settld Amt
            Date           : 23 July 2014
            Currency       : NGN (NAIRA)
            Amount         :            #25,000,000.00#
       50K: Ordering Customer-Name & Address
            /0026424674
            HITECH CONSTRUCTION CO. LTD
       53A: Sender's Correspondent - FI BIC
            /D/3000025911
            NAMENGLA
            STERLING BANK PLC
            LAGOS  NG
       57A: Account With Institution - FI BIC
            /3000024749
            FBNINGLA
            FIRST BANK OF NIGERIA PLC
            LAGOS  NG
        59: Beneficiary Customer-Name & Addr
            /2004323398
            HITECH CASH MAIN ACCOUNT
       71A: Details of Charges
            OUR
        72: Sender to Receiver Information
            /CODTYPTR/001
            /BNF/BNG TRSF IFO HITECH CONSTRUCTI
            //ON CO. LTD/FBN BY ORDER OF HITECH
            // CONSTRUCTION CO. LTD
	--------------------------- Message Trailer ------------------------	
       {CHK:0092B30BB0C9}
       PKI Signature: MAC & PAC-Equivalent
