


02/09/14-13:52:43	            RtgsAck-8351-002650 	 1
_______________________________________________________________________________
	---------------------  Instance Type and Transmission --------------	
       Notification (Transmission) of Original sent to SWIFT (ACK)
       Network Delivery Status   : Network Ack 
       Priority/Delivery         : Normal
       Message Input Reference   : 1350 140902NAMENGLAAXXX3310431007
	--------------------------- Message Header -------------------------	
       Swift Input                   : FIN 103 Single Customer Credt Transfer
       Sender   : NAMENGLAXXX 
                  STERLING BANK PLC
                  LAGOS NG
       Receiver : FBNINGLAXXX
                  FIRST BANK OF NIGERIA PLC
                  LAGOS NG
       FIN Copy Service : NGR
	--------------------------- Message Text ---------------------------	
        20: Sender's Reference
            SRS220149161416
       23B: Bank Operation Code
            CRED
       23E: Instruction Code
            SDVA
       26T: Transaction Type Code
            001
       32A: Val Dte/Curr/Interbnk Settld Amt
            Date           : 02 September 2014
            Currency       : NGN (NAIRA)
            Amount         :           #700,000,000.00#
       50K: Ordering Customer-Name & Address
            /0024097685
            LASG PAY AS YOU EARN (PAYE)
       53A: Sender's Correspondent - FI BIC
            /D/3000025911
            NAMENGLA
            STERLING BANK PLC
            LAGOS  NG
       57A: Account With Institution - FI BIC
            /3000024749
            FBNINGLA
            FIRST BANK OF NIGERIA PLC
            LAGOS  NG
        59: Beneficiary Customer-Name & Addr
            /2018121070
            LASG CONSOLIDATED DEBT SERVICE ACCO
            UNT
       71A: Details of Charges
            OUR
        72: Sender to Receiver Information
            /CODTYPTR/001
            /BNF/RTGS TRF IFO LASG CONSOLIDATED
            // DEBT SERVICE ACCOUNT
	--------------------------- Message Trailer ------------------------	
       {CHK:6A215D0B7F71}
       PKI Signature: MAC & PAC-Equivalent
