


03/06/14-12:29:55	            RtgsAck-0942-000952 	 1
_______________________________________________________________________________
	---------------------  Instance Type and Transmission --------------	
       Notification (Transmission) of Original sent to SWIFT (ACK)
       Network Delivery Status   : Network Ack 
       Priority/Delivery         : Normal
       Message Input Reference   : 1226 140603NAMENGLAAXXX3294409649
	--------------------------- Message Header -------------------------	
       Swift Input                   : FIN 103 Single Customer Credt Transfer
       Sender   : NAMENGLAXXX 
                  STERLING BANK PLC
                  LAGOS NG
       Receiver : DBLNNGLAXXX
                  DIAMOND BANK PLC
                  LAGOS NG
       FIN Copy Service : NGR
	--------------------------- Message Text ---------------------------	
        20: Sender's Reference
            SRS320146312183
       23B: Bank Operation Code
            CRED
       23E: Instruction Code
            SDVA
       26T: Transaction Type Code
            001
       32A: Val Dte/Curr/Interbnk Settld Amt
            Date           : 03 June 2014
            Currency       : NGN (NAIRA)
            Amount         :            #20,000,000.00#
       50K: Ordering Customer-Name & Address
            /0009960339
            MALLOUS BROTHERS CONTRACT. LTD
       53A: Sender's Correspondent - FI BIC
            /D/3000025911
            NAMENGLA
            STERLING BANK PLC
            LAGOS  NG
       57A: Account With Institution - FI BIC
            /3000024426
            DBLNNGLA
            DIAMOND BANK PLC
            LAGOS  NG
        59: Beneficiary Customer-Name & Addr
            /0033159703
            ASPHALT UNITY CONSTRUCTION LTD
       71A: Details of Charges
            OUR
        72: Sender to Receiver Information
            /CODTYPTR/001
            /BNF/FUNDS TFR TO ASPHALT UNITY CON
            //STRUCTION LTD. DIAMOND BANK
	--------------------------- Message Trailer ------------------------	
       {CHK:7652854FAD10}
       PKI Signature: MAC & PAC-Equivalent
