


01/07/14-13:17:16	            RtgsAck-1426-001436 	 1
_______________________________________________________________________________
	---------------------  Instance Type and Transmission --------------	
       Notification (Transmission) of Original sent to SWIFT (ACK)
       Network Delivery Status   : Network Ack 
       Priority/Delivery         : Normal
       Message Input Reference   : 1314 140701NAMENGLAAXXX3297416510
	--------------------------- Message Header -------------------------	
       Swift Input                   : FIN 103 Single Customer Credt Transfer
       Sender   : NAMENGLAXXX 
                  STERLING BANK PLC
                  LAGOS NG
       Receiver : GTBINGLAXXX
                  GUARANTY TRUST BANK PLC
                  LAGOS NG
       FIN Copy Service : NGR
	--------------------------- Message Text ---------------------------	
        20: Sender's Reference
            SRS120147582112
       23B: Bank Operation Code
            CRED
       23E: Instruction Code
            SDVA
       26T: Transaction Type Code
            001
       32A: Val Dte/Curr/Interbnk Settld Amt
            Date           : 01 July 2014
            Currency       : NGN (NAIRA)
            Amount         :            #55,000,000.00#
       50K: Ordering Customer-Name & Address
            /0018503996
            MERISTEM REGISTRARS PASSAGE
       53A: Sender's Correspondent - FI BIC
            /D/3000025911
            NAMENGLA
            STERLING BANK PLC
            LAGOS  NG
       57A: Account With Institution - FI BIC
            /3000024921
            GTBINGLA
            GUARANTY TRUST BANK PLC
            LAGOS  NG
        59: Beneficiary Customer-Name & Addr
            /0006618231
            MERISTEM REG-DIVIDEND PASS ACC
       71A: Details of Charges
            OUR
        72: Sender to Receiver Information
            /CODTYPTR/001
            /BNF/TRF IFO MERISTEM REGISTRARS LT
            //D/PASSAGE ACCOUNT
	--------------------------- Message Trailer ------------------------	
       {CHK:2F29455FF60C}
       PKI Signature: MAC & PAC-Equivalent
