


19/08/14-14:34:25	            RtgsAck-8100-002399 	 1
_______________________________________________________________________________
	---------------------  Instance Type and Transmission --------------	
       Notification (Transmission) of Original sent to SWIFT (ACK)
       Network Delivery Status   : Network Ack 
       Priority/Delivery         : Normal
       Message Input Reference   : 1431 140819NAMENGLAAXXX3308427891
	--------------------------- Message Header -------------------------	
       Swift Input                   : FIN 103 Single Customer Credt Transfer
       Sender   : NAMENGLAXXX 
                  STERLING BANK PLC
                  LAGOS NG
       Receiver : FBNINGLAXXX
                  FIRST BANK OF NIGERIA PLC
                  LAGOS NG
       FIN Copy Service : NGR
	--------------------------- Message Text ---------------------------	
        20: Sender's Reference
            SRS1920148335187
       23B: Bank Operation Code
            CRED
       23E: Instruction Code
            SDVA
       26T: Transaction Type Code
            001
       32A: Val Dte/Curr/Interbnk Settld Amt
            Date           : 19 August 2014
            Currency       : NGN (NAIRA)
            Amount         :            #68,000,000.00#
       50K: Ordering Customer-Name & Address
            /0016498715
            KATSINA STATE GOVT SURE-P A/C
       53A: Sender's Correspondent - FI BIC
            /D/3000025911
            NAMENGLA
            STERLING BANK PLC
            LAGOS  NG
       57A: Account With Institution - FI BIC
            /3000024749
            FBNINGLA
            FIRST BANK OF NIGERIA PLC
            LAGOS  NG
        59: Beneficiary Customer-Name & Addr
            /2018233081
            KATSINA STATE SUB-TREASURY EXPENDIT
            URE ACCOUNT
       71A: Details of Charges
            OUR
        72: Sender to Receiver Information
            /CODTYPTR/001
            /BNF/TRF IFO SUB TREASUERY ACCT WIT
            //H FIRST BANK 2018233081
	--------------------------- Message Trailer ------------------------	
       {CHK:0AB221B1A109}
       PKI Signature: MAC & PAC-Equivalent
