


06/06/14-12:02:37	            RtgsAck-1032-001042 	 1
_______________________________________________________________________________
	---------------------  Instance Type and Transmission --------------	
       Notification (Transmission) of Original sent to SWIFT (ACK)
       Network Delivery Status   : Network Ack 
       Priority/Delivery         : Normal
       Message Input Reference   : 1158 140606NAMENGLAAXXX3295410759
	--------------------------- Message Header -------------------------	
       Swift Input                   : FIN 103 Single Customer Credt Transfer
       Sender   : NAMENGLAXXX 
                  STERLING BANK PLC
                  LAGOS NG
       Receiver : FBNINGLAXXX
                  FIRST BANK OF NIGERIA PLC
                  LAGOS NG
       FIN Copy Service : NGR
	--------------------------- Message Text ---------------------------	
        20: Sender's Reference
            SRS620146113547
       23B: Bank Operation Code
            CRED
       23E: Instruction Code
            SDVA
       26T: Transaction Type Code
            001
       32A: Val Dte/Curr/Interbnk Settld Amt
            Date           : 06 June 2014
            Currency       : NGN (NAIRA)
            Amount         :            #12,000,000.00#
       50K: Ordering Customer-Name & Address
            /0002760334
            STERLING ASSET MGT AND TRUSTEES
       53A: Sender's Correspondent - FI BIC
            /D/3000025911
            NAMENGLA
            STERLING BANK PLC
            LAGOS  NG
       57A: Account With Institution - FI BIC
            /3000024749
            FBNINGLA
            FIRST BANK OF NIGERIA PLC
            LAGOS  NG
        59: Beneficiary Customer-Name & Addr
            /2015207159
            A -OPTION INTERIORS NIG.LTD
       71A: Details of Charges
            OUR
        72: Sender to Receiver Information
            /CODTYPTR/001
            /BNF/BNG RTGS TO FBN IFO A-OPTIONS 
            //INTERIORS NIGERIA LIMITED BOO SAM
            //TL
	--------------------------- Message Trailer ------------------------	
       {CHK:AE92EAAE60CB}
       PKI Signature: MAC & PAC-Equivalent
