


13/08/14-11:59:17	            RtgsAck-7980-002279 	 1
_______________________________________________________________________________
	---------------------  Instance Type and Transmission --------------	
       Notification (Transmission) of Original sent to SWIFT (ACK)
       Network Delivery Status   : Network Ack 
       Priority/Delivery         : Normal
       Message Input Reference   : 1156 140813NAMENGLAAXXX3307426162
	--------------------------- Message Header -------------------------	
       Swift Input                   : FIN 103 Single Customer Credt Transfer
       Sender   : NAMENGLAXXX 
                  STERLING BANK PLC
                  LAGOS NG
       Receiver : SPRGNGLAXXX
                  ENTERPRISE BANK LIMITED
                  LAGOS NG
       FIN Copy Service : NGR
	--------------------------- Message Text ---------------------------	
        20: Sender's Reference
            SRS132014864678
       23B: Bank Operation Code
            CRED
       23E: Instruction Code
            SDVA
       26T: Transaction Type Code
            001
       32A: Val Dte/Curr/Interbnk Settld Amt
            Date           : 13 August 2014
            Currency       : NGN (NAIRA)
            Amount         :            #34,400,000.00#
       50K: Ordering Customer-Name & Address
            /0008029440
            PATNASONIC INDUSTRIES LIMITED
       53A: Sender's Correspondent - FI BIC
            /D/3000025911
            NAMENGLA
            STERLING BANK PLC
            LAGOS  NG
       57A: Account With Institution - FI BIC
            /3000024945
            SPRGNGLA
            ENTERPRISE BANK LIMITED
            LAGOS  NG
        59: Beneficiary Customer-Name & Addr
            /1600006164
            LIQUID ASSETS BUREAU DE CHANGE LIMI
            TED
       71A: Details of Charges
            OUR
        72: Sender to Receiver Information
            /CODTYPTR/001
            /BNF/TRF TO ENTERPRISE BANK LTD IFO
            // LIQUID ASSETS BDC LTD BO PATNASO
            //NIC IND LTD
	--------------------------- Message Trailer ------------------------	
       {CHK:6E48538848AB}
       PKI Signature: MAC & PAC-Equivalent
