


18/08/14-10:55:19	            RtgsAck-8056-002355 	 1
_______________________________________________________________________________
	---------------------  Instance Type and Transmission --------------	
       Notification (Transmission) of Original sent to SWIFT (ACK)
       Network Delivery Status   : Network Ack 
       Priority/Delivery         : Normal
       Message Input Reference   : 1052 140818NAMENGLAAXXX3308427416
	--------------------------- Message Header -------------------------	
       Swift Input                   : FIN 103 Single Customer Credt Transfer
       Sender   : NAMENGLAXXX 
                  STERLING BANK PLC
                  LAGOS NG
       Receiver : DBLNNGLAXXX
                  DIAMOND BANK PLC
                  LAGOS NG
       FIN Copy Service : NGR
	--------------------------- Message Text ---------------------------	
        20: Sender's Reference
            SRS1820148285838
       23B: Bank Operation Code
            CRED
       23E: Instruction Code
            SDVA
       26T: Transaction Type Code
            001
       32A: Val Dte/Curr/Interbnk Settld Amt
            Date           : 18 August 2014
            Currency       : NGN (NAIRA)
            Amount         :            #14,500,000.00#
       50K: Ordering Customer-Name & Address
            /0003034698
            JKPEEZ IMPEX COMPANY LIMITED
       53A: Sender's Correspondent - FI BIC
            /D/3000025911
            NAMENGLA
            STERLING BANK PLC
            LAGOS  NG
       57A: Account With Institution - FI BIC
            /3000024426
            DBLNNGLA
            DIAMOND BANK PLC
            LAGOS  NG
        59: Beneficiary Customer-Name & Addr
            /0035431225
            EBENCO GLOBAL LINK LTD ACCT 2
       71A: Details of Charges
            OUR
        72: Sender to Receiver Information
            /CODTYPTR/001
            /BNF/RTGS TRF IFO EBENCO GLOBAL LIN
            //K LTD BOO JKPEEZ IMPEX COMPANY LI
            //MITED
	--------------------------- Message Trailer ------------------------	
       {CHK:A89A5442473B}
       PKI Signature: MAC & PAC-Equivalent
