


19/06/14-11:05:25	            RtgsAck-1246-001256 	 1
_______________________________________________________________________________
	---------------------  Instance Type and Transmission --------------	
       Notification (Transmission) of Original sent to SWIFT (ACK)
       Network Delivery Status   : Network Ack 
       Priority/Delivery         : Normal
       Message Input Reference   : 1101 140619NAMENGLAAXXX3296413957
	--------------------------- Message Header -------------------------	
       Swift Input                   : FIN 103 Single Customer Credt Transfer
       Sender   : NAMENGLAXXX 
                  STERLING BANK PLC
                  LAGOS NG
       Receiver : FBNINGLAXXX
                  FIRST BANK OF NIGERIA PLC
                  LAGOS NG
       FIN Copy Service : NGR
	--------------------------- Message Text ---------------------------	
        20: Sender's Reference
            SRS192014671540
       23B: Bank Operation Code
            CRED
       23E: Instruction Code
            SDVA
       26T: Transaction Type Code
            001
       32A: Val Dte/Curr/Interbnk Settld Amt
            Date           : 19 June 2014
            Currency       : NGN (NAIRA)
            Amount         :           #100,000,000.00#
       50K: Ordering Customer-Name & Address
            /0008672932
            OSMOSERVE GLOBAL LTD
       53A: Sender's Correspondent - FI BIC
            /D/3000025911
            NAMENGLA
            STERLING BANK PLC
            LAGOS  NG
       57A: Account With Institution - FI BIC
            /3000024749
            FBNINGLA
            FIRST BANK OF NIGERIA PLC
            LAGOS  NG
        59: Beneficiary Customer-Name & Addr
            /2022159591
            DERAKO ENGINEERING RESOURCES COMPAN
            Y LIMITED
       71A: Details of Charges
            OUR
        72: Sender to Receiver Information
            /CODTYPTR/001
            /BNF/RTGS IFO DERAKO ENGINEERING RE
            //SOUR BO OSMOSERVE GLOBAL LIMITED
	--------------------------- Message Trailer ------------------------	
       {CHK:1BC555D92E90}
       PKI Signature: MAC & PAC-Equivalent
