


16/06/14-14:11:54	            RtgsAck-1190-001200 	 1
_______________________________________________________________________________
	---------------------  Instance Type and Transmission --------------	
       Notification (Transmission) of Original sent to SWIFT (ACK)
       Network Delivery Status   : Network Ack 
       Priority/Delivery         : Normal
       Message Input Reference   : 1408 140616NAMENGLAAXXX3296413020
	--------------------------- Message Header -------------------------	
       Swift Input                   : FIN 103 Single Customer Credt Transfer
       Sender   : NAMENGLAXXX 
                  STERLING BANK PLC
                  LAGOS NG
       Receiver : UNAFNGLAXXX
                  UNITED BANK FOR AFRICA PLC
                  LAGOS NG
       FIN Copy Service : NGR
	--------------------------- Message Text ---------------------------	
        20: Sender's Reference
            SRS162014614913
       23B: Bank Operation Code
            CRED
       23E: Instruction Code
            SDVA
       26T: Transaction Type Code
            001
       32A: Val Dte/Curr/Interbnk Settld Amt
            Date           : 16 June 2014
            Currency       : NGN (NAIRA)
            Amount         :           #150,000,000.00#
       50K: Ordering Customer-Name & Address
            /0023411637
            JUBILEE-LIFE SAVANDLOANS-HEAD-OF
       53A: Sender's Correspondent - FI BIC
            /D/3000025911
            NAMENGLA
            STERLING BANK PLC
            LAGOS  NG
       57A: Account With Institution - FI BIC
            /3000026413
            UNAFNGLA
            UNITED BANK FOR AFRICA PLC
            LAGOS  NG
        59: Beneficiary Customer-Name & Addr
            /1016710846
            RCCG HEADQUATERS ACCOUNT 2
       71A: Details of Charges
            OUR
        72: Sender to Receiver Information
            /CODTYPTR/001
            /BNF/TRANSFER TO RCCG HEADQUATERS U
            //BA PLC FROM JUBILEE LIFE SAVINGS
	--------------------------- Message Trailer ------------------------	
       {CHK:5C59DE6F7CD4}
       PKI Signature: MAC & PAC-Equivalent
