


03/07/14-13:44:41	            RtgsAck-1585-001595 	 1
_______________________________________________________________________________
	---------------------  Instance Type and Transmission --------------	
       Notification (Transmission) of Original sent to SWIFT (ACK)
       Network Delivery Status   : Network Ack 
       Priority/Delivery         : Normal
       Message Input Reference   : 1341 140703NAMENGLAAXXX3297417306
	--------------------------- Message Header -------------------------	
       Swift Input                   : FIN 103 Single Customer Credt Transfer
       Sender   : NAMENGLAXXX 
                  STERLING BANK PLC
                  LAGOS NG
       Receiver : SPRGNGLAXXX
                  ENTERPRISE BANK LIMITED
                  LAGOS NG
       FIN Copy Service : NGR
	--------------------------- Message Text ---------------------------	
        20: Sender's Reference
            SRS3201470468
       23B: Bank Operation Code
            CRED
       23E: Instruction Code
            SDVA
       26T: Transaction Type Code
            001
       32A: Val Dte/Curr/Interbnk Settld Amt
            Date           : 03 July 2014
            Currency       : NGN (NAIRA)
            Amount         :            #10,734,544.62#
       50K: Ordering Customer-Name & Address
            /0017968273
            GUBIO LG MDGCGS SPEC PROJ ACC
       53A: Sender's Correspondent - FI BIC
            /D/3000025911
            NAMENGLA
            STERLING BANK PLC
            LAGOS  NG
       57A: Account With Institution - FI BIC
            /3000024945
            SPRGNGLA
            ENTERPRISE BANK LIMITED
            LAGOS  NG
        59: Beneficiary Customer-Name & Addr
            /1201097475
            DESERT SITES NIG  LTD
       71A: Details of Charges
            OUR
        72: Sender to Receiver Information
            /CODTYPTR/001
            /BNF/FT BOO GUBIO MDG CGS SPEC PRO 
            //ACC IFO DESERT SITES NIG LTD
	--------------------------- Message Trailer ------------------------	
       {CHK:4433E3332D68}
       PKI Signature: MAC & PAC-Equivalent
