


08/04/14-16:25:08	            RtgsAck-0096-000097 	 1
_______________________________________________________________________________
	---------------------  Instance Type and Transmission --------------	
       Notification (Transmission) of Original sent to SWIFT (ACK)
       Network Delivery Status   : Network Ack 
       Priority/Delivery         : Normal
       Message Input Reference   : 1639 140408NAMENGLAAXXX3276395394
	--------------------------- Message Header -------------------------	
       Swift Input                   : FIN 103 Single Customer Credt Transfer
       Sender   : NAMENGLAXXX 
                  STERLING BANK PLC
                  LAGOS NG
       Receiver : SCBLNGLAXXX
                  STANDARD CHARTERED BANK NIGERIA LIMITED
                  LAGOS NG
       FIN Copy Service : NGR
	--------------------------- Message Text ---------------------------	
        20: Sender's Reference
            SRS820144265934
       23B: Bank Operation Code
            CRED
       23E: Instruction Code
            SDVA
       26T: Transaction Type Code
            001
       32A: Val Dte/Curr/Interbnk Settld Amt
            Date           : 08 April 2014
            Currency       : NGN (NAIRA)
            Amount         :            #15,000,000.00#
       50K: Ordering Customer-Name & Address
            /0002462267
            STERLING REGISTRARS LIMITED
       53A: Sender's Correspondent - FI BIC
            /D/3000025911
            NAMENGLA
            STERLING BANK PLC
            LAGOS  NG
       57A: Account With Institution - FI BIC
            /3000026248
            SCBLNGLA
            STANDARD CHARTERED BANK NIGERIA LIMITED
            LAGOS  NG
        59: Beneficiary Customer-Name & Addr
            /0000232861
            FOUNTAINFIELD COMM.26 SYS
       71A: Details of Charges
            OUR
        72: Sender to Receiver Information
            /CODTYPTR/001
            /BNF/RTGS TRF IFO FOUNTAINFIELD LTD
            // BOO STERLING REGISTRARS LIMITED
	--------------------------- Message Trailer ------------------------	
       {CHK:6087D3E2851B}
       PKI Signature: MAC & PAC-Equivalent
	---------------------------- Interventions -------------------------	
       Category      : Network Report
       Creation Time : 08/04/14 16:24:48
       Application   : SWIFT Interface
       Operator      : SYSTEM
       Text
       {1:F21NAMENGLAAXXX3276395394}{4:{177:1404081639}{451:0}}
