


20/05/14-10:35:55	            RtgsAck-0641-000651 	 1
_______________________________________________________________________________
	---------------------  Instance Type and Transmission --------------	
       Notification (Transmission) of Original sent to SWIFT (ACK)
       Network Delivery Status   : Network Ack 
       Priority/Delivery         : Normal
       Message Input Reference   : 1031 140520NAMENGLAAXXX3290405675
	--------------------------- Message Header -------------------------	
       Swift Input                   : FIN 103 Single Customer Credt Transfer
       Sender   : NAMENGLAXXX 
                  STERLING BANK PLC
                  LAGOS NG
       Receiver : UNAFNGLAXXX
                  UNITED BANK FOR AFRICA PLC
                  LAGOS NG
       FIN Copy Service : NGR
	--------------------------- Message Text ---------------------------	
        20: Sender's Reference
            SRS202014502968
       23B: Bank Operation Code
            CRED
       23E: Instruction Code
            SDVA
       26T: Transaction Type Code
            001
       32A: Val Dte/Curr/Interbnk Settld Amt
            Date           : 20 May 2014
            Currency       : NGN (NAIRA)
            Amount         :            #50,000,000.00#
       50K: Ordering Customer-Name & Address
            /0022845765
            KOGI STATE STATUTORY REV. ACCT
       53A: Sender's Correspondent - FI BIC
            /D/3000025911
            NAMENGLA
            STERLING BANK PLC
            LAGOS  NG
       57A: Account With Institution - FI BIC
            /3000026413
            UNAFNGLA
            UNITED BANK FOR AFRICA PLC
            LAGOS  NG
        59: Beneficiary Customer-Name & Addr
            /1015620180
            KOGI STATE GOVT. GRATUITY A/C
       71A: Details of Charges
            OUR
        72: Sender to Receiver Information
            /CODTYPTR/001
            /BNF/MONTHLY GRATUITY FOR THE MONTH
            // OF APRIL, 2014.
	--------------------------- Message Trailer ------------------------	
       {CHK:BC909C1576D4}
       PKI Signature: MAC & PAC-Equivalent
