


19/08/14-11:06:04	            RtgsAck-8085-002384 	 1
_______________________________________________________________________________
	---------------------  Instance Type and Transmission --------------	
       Notification (Transmission) of Original sent to SWIFT (ACK)
       Network Delivery Status   : Network Ack 
       Priority/Delivery         : Normal
       Message Input Reference   : 1102 140819NAMENGLAAXXX3308427798
	--------------------------- Message Header -------------------------	
       Swift Input                   : FIN 103 Single Customer Credt Transfer
       Sender   : NAMENGLAXXX 
                  STERLING BANK PLC
                  LAGOS NG
       Receiver : ZEIBNGLAXXX
                  ZENITH BANK PLC
                  LAGOS NG
       FIN Copy Service : NGR
	--------------------------- Message Text ---------------------------	
        20: Sender's Reference
            SRS192014823071
       23B: Bank Operation Code
            CRED
       23E: Instruction Code
            SDVA
       26T: Transaction Type Code
            001
       32A: Val Dte/Curr/Interbnk Settld Amt
            Date           : 19 August 2014
            Currency       : NGN (NAIRA)
            Amount         :           #742,729,241.76#
       50K: Ordering Customer-Name & Address
            /0003021762
            NIG MARITIME ADMIN AND SAFETY AG
       53A: Sender's Correspondent - FI BIC
            /D/3000025911
            NAMENGLA
            STERLING BANK PLC
            LAGOS  NG
       57A: Account With Institution - FI BIC
            /3000026523
            ZEIBNGLA
            ZENITH BANK PLC
            LAGOS  NG
        59: Beneficiary Customer-Name & Addr
            /1010653875
            NIMASA
       71A: Details of Charges
            OUR
        72: Sender to Receiver Information
            /CODTYPTR/001
            /BNF/TRANSFER FROM NIMASA  STERLING
            // BANK TO ZENITH BANK NIMASA ACT-1
            //010653875
	--------------------------- Message Trailer ------------------------	
       {CHK:2B1AFA206C15}
       PKI Signature: MAC & PAC-Equivalent
