


30/07/14-13:58:13	            RtgsAck-2034-002045 	 1
_______________________________________________________________________________
	---------------------  Instance Type and Transmission --------------	
       Notification (Transmission) of Original sent to SWIFT (ACK)
       Network Delivery Status   : Network Ack 
       Priority/Delivery         : Normal
       Message Input Reference   : 1354 140730NAMENGLAAXXX3300422771
	--------------------------- Message Header -------------------------	
       Swift Input                   : FIN 103 Single Customer Credt Transfer
       Sender   : NAMENGLAXXX 
                  STERLING BANK PLC
                  LAGOS NG
       Receiver : PRDTNGLAXXX
                  SKYE BANK PLC
                  LAGOS NG
       FIN Copy Service : NGR
	--------------------------- Message Text ---------------------------	
        20: Sender's Reference
            SRS3020147584612
       23B: Bank Operation Code
            CRED
       23E: Instruction Code
            SDVA
       26T: Transaction Type Code
            001
       32A: Val Dte/Curr/Interbnk Settld Amt
            Date           : 30 July 2014
            Currency       : NGN (NAIRA)
            Amount         :            #28,000,000.00#
       50K: Ordering Customer-Name & Address
            /0017988875
            MUTUAL EXPLORATION ANDPRODUCTION
       53A: Sender's Correspondent - FI BIC
            /D/3000025911
            NAMENGLA
            STERLING BANK PLC
            LAGOS  NG
       57A: Account With Institution - FI BIC
            /3000025698
            PRDTNGLA
            SKYE BANK PLC
            LAGOS  NG
        59: Beneficiary Customer-Name & Addr
            /1771270318
            TRIT GLOBAL RESOURCES LTD
       71A: Details of Charges
            OUR
        72: Sender to Receiver Information
            /CODTYPTR/001
            /BNF/RTGS TO SKYE IFO TRIT GLOBAL R
            //ESOURCES LTD B/O MUTUAL EXPLORATI
            //ON7PROD LTD
	--------------------------- Message Trailer ------------------------	
       {CHK:BD84F0FD3C66}
       PKI Signature: MAC & PAC-Equivalent
