


14/07/14-11:26:45	            RtgsAck-1740-001750 	 1
_______________________________________________________________________________
	---------------------  Instance Type and Transmission --------------	
       Notification (Transmission) of Original sent to SWIFT (ACK)
       Network Delivery Status   : Network Ack 
       Priority/Delivery         : Normal
       Message Input Reference   : 1124 140714NAMENGLAAXXX3298419585
	--------------------------- Message Header -------------------------	
       Swift Input                   : FIN 103 Single Customer Credt Transfer
       Sender   : NAMENGLAXXX 
                  STERLING BANK PLC
                  LAGOS NG
       Receiver : ECOCNGLAXXX
                  ECOBANK NIGERIA PLC
                  LAGOS NG
       FIN Copy Service : NGR
	--------------------------- Message Text ---------------------------	
        20: Sender's Reference
            SRS142014727176
       23B: Bank Operation Code
            CRED
       23E: Instruction Code
            SDVA
       26T: Transaction Type Code
            001
       32A: Val Dte/Curr/Interbnk Settld Amt
            Date           : 14 July 2014
            Currency       : NGN (NAIRA)
            Amount         :           #400,000,000.00#
       50K: Ordering Customer-Name & Address
            /0016642783
            SAHIH ENGINEERING SERVICES LTD
       53A: Sender's Correspondent - FI BIC
            /D/3000025911
            NAMENGLA
            STERLING BANK PLC
            LAGOS  NG
       57A: Account With Institution - FI BIC
            /3000024495
            ECOCNGLA
            ECOBANK NIGERIA PLC
            LAGOS  NG
        59: Beneficiary Customer-Name & Addr
            /0453001914
            SAROAFRICA INTERNATIONAL LIMITED
       71A: Details of Charges
            OUR
        72: Sender to Receiver Information
            /CODTYPTR/001
            /BNF/FT TO ECO BANK PLC B/O SAHIH E
            //NGINEERING SERVICES LTD IFO SAROA
            //FRICA INTERNATIONAL LTD A/C NO 04
            //53001914
	--------------------------- Message Trailer ------------------------	
       {CHK:9316CA6B0CED}
       PKI Signature: MAC & PAC-Equivalent
