


24/07/14-11:23:06	            RtgsAck-1900-001911 	 1
_______________________________________________________________________________
	---------------------  Instance Type and Transmission --------------	
       Notification (Transmission) of Original sent to SWIFT (ACK)
       Network Delivery Status   : Network Ack 
       Priority/Delivery         : Normal
       Message Input Reference   : 1119 140724NAMENGLAAXXX3299421979
	--------------------------- Message Header -------------------------	
       Swift Input                   : FIN 103 Single Customer Credt Transfer
       Sender   : NAMENGLAXXX 
                  STERLING BANK PLC
                  LAGOS NG
       Receiver : ZEIBNGLAXXX
                  ZENITH BANK PLC
                  LAGOS NG
       FIN Copy Service : NGR
	--------------------------- Message Text ---------------------------	
        20: Sender's Reference
            SRS2420147475832
       23B: Bank Operation Code
            CRED
       23E: Instruction Code
            SDVA
       26T: Transaction Type Code
            001
       32A: Val Dte/Curr/Interbnk Settld Amt
            Date           : 24 July 2014
            Currency       : NGN (NAIRA)
            Amount         :            #10,140,000.00#
       50K: Ordering Customer-Name & Address
            /0024105519
            ONE MAF ENTERPRISES
       53A: Sender's Correspondent - FI BIC
            /D/3000025911
            NAMENGLA
            STERLING BANK PLC
            LAGOS  NG
       57A: Account With Institution - FI BIC
            /3000026523
            ZEIBNGLA
            ZENITH BANK PLC
            LAGOS  NG
        59: Beneficiary Customer-Name & Addr
            /1010361240
            MAMUDA INDUSTRIES NIG. LTD
       71A: Details of Charges
            OUR
        72: Sender to Receiver Information
            /CODTYPTR/001
            /BNF/TRANSFERIFO MAMUDA IND. NIG. L
            //TD BOO ONE MAF ENTERP.
	--------------------------- Message Trailer ------------------------	
       {CHK:833EDF4E34A1}
       PKI Signature: MAC & PAC-Equivalent
