


21/07/14-14:48:57	            RtgsAck-1840-001850 	 1
_______________________________________________________________________________
	---------------------  Instance Type and Transmission --------------	
       Notification (Transmission) of Original sent to SWIFT (ACK)
       Network Delivery Status   : Network Ack 
       Priority/Delivery         : Normal
       Message Input Reference   : 1445 140721NAMENGLAAXXX3299421202
	--------------------------- Message Header -------------------------	
       Swift Input                   : FIN 103 Single Customer Credt Transfer
       Sender   : NAMENGLAXXX 
                  STERLING BANK PLC
                  LAGOS NG
       Receiver : DBLNNGLAXXX
                  DIAMOND BANK PLC
                  LAGOS NG
       FIN Copy Service : NGR
	--------------------------- Message Text ---------------------------	
        20: Sender's Reference
            SRS2120147535143
       23B: Bank Operation Code
            CRED
       23E: Instruction Code
            SDVA
       26T: Transaction Type Code
            001
       32A: Val Dte/Curr/Interbnk Settld Amt
            Date           : 21 July 2014
            Currency       : NGN (NAIRA)
            Amount         :            #20,320,000.00#
       50K: Ordering Customer-Name & Address
            /0023041416
            ABIA STATE GOVT(FUND RECOV)ACC
       53A: Sender's Correspondent - FI BIC
            /D/3000025911
            NAMENGLA
            STERLING BANK PLC
            LAGOS  NG
       57A: Account With Institution - FI BIC
            /3000024426
            DBLNNGLA
            DIAMOND BANK PLC
            LAGOS  NG
        59: Beneficiary Customer-Name & Addr
            /0033130067
            GOVERNMENT HOUSE UMUAHIA
       71A: Details of Charges
            OUR
        72: Sender to Receiver Information
            /CODTYPTR/001
            /BNF/FUNDS TRANSFER BOO ABIA STATE 
            //GOVT(FUND RECOV)ACCT IFO GOVERNME
            //NT HOUSE UMUAHIA
	--------------------------- Message Trailer ------------------------	
       {CHK:C852A5389AAE}
       PKI Signature: MAC & PAC-Equivalent
