


11/08/14-14:49:33	            RtgsAck-7947-002246 	 1
_______________________________________________________________________________
	---------------------  Instance Type and Transmission --------------	
       Notification (Transmission) of Original sent to SWIFT (ACK)
       Network Delivery Status   : Network Ack 
       Priority/Delivery         : Normal
       Message Input Reference   : 1446 140811NAMENGLAAXXX3306425591
	--------------------------- Message Header -------------------------	
       Swift Input                   : FIN 103 Single Customer Credt Transfer
       Sender   : NAMENGLAXXX 
                  STERLING BANK PLC
                  LAGOS NG
       Receiver : DBLNNGLAXXX
                  DIAMOND BANK PLC
                  LAGOS NG
       FIN Copy Service : NGR
	--------------------------- Message Text ---------------------------	
        20: Sender's Reference
            SRS1120148494436
       23B: Bank Operation Code
            CRED
       23E: Instruction Code
            SDVA
       26T: Transaction Type Code
            001
       32A: Val Dte/Curr/Interbnk Settld Amt
            Date           : 11 August 2014
            Currency       : NGN (NAIRA)
            Amount         :            #14,038,210.00#
       50K: Ordering Customer-Name & Address
            /0021541651
            ZOMAY CIVIL CONSTRUCTION LTD
       53A: Sender's Correspondent - FI BIC
            /D/3000025911
            NAMENGLA
            STERLING BANK PLC
            LAGOS  NG
       57A: Account With Institution - FI BIC
            /3000024426
            DBLNNGLA
            DIAMOND BANK PLC
            LAGOS  NG
        59: Beneficiary Customer-Name & Addr
            /0036627292
            RAVENSFIELD GLOBAL RESOURCES LIMITE
            D
       71A: Details of Charges
            OUR
        72: Sender to Receiver Information
            /CODTYPTR/001
            /BNF/TRF TO RAVENSFIELD GLOBAL RES 
            //LTD BOO ZOMAY CIVIL CONSTR IRO PU
            //RCHASE OF Y16,Y12,Y10 AND Y8 IRON
            // RODS WITH INV 057
	--------------------------- Message Trailer ------------------------	
       {CHK:3553BB24AE79}
       PKI Signature: MAC & PAC-Equivalent
