


16/07/14-14:59:54	            RtgsAck-1790-001800 	 1
_______________________________________________________________________________
	---------------------  Instance Type and Transmission --------------	
       Notification (Transmission) of Original sent to SWIFT (ACK)
       Network Delivery Status   : Network Ack 
       Priority/Delivery         : Normal
       Message Input Reference   : 1456 140716NAMENGLAAXXX3298420301
	--------------------------- Message Header -------------------------	
       Swift Input                   : FIN 103 Single Customer Credt Transfer
       Sender   : NAMENGLAXXX 
                  STERLING BANK PLC
                  LAGOS NG
       Receiver : ZEIBNGLAXXX
                  ZENITH BANK PLC
                  LAGOS NG
       FIN Copy Service : NGR
	--------------------------- Message Text ---------------------------	
        20: Sender's Reference
            SRS162014748574
       23B: Bank Operation Code
            CRED
       23E: Instruction Code
            SDVA
       26T: Transaction Type Code
            001
       32A: Val Dte/Curr/Interbnk Settld Amt
            Date           : 16 July 2014
            Currency       : NGN (NAIRA)
            Amount         :            #20,850,000.00#
       50K: Ordering Customer-Name & Address
            /0008559343
            FWE WESTERN ENERGY LIMITED
       53A: Sender's Correspondent - FI BIC
            /D/3000025911
            NAMENGLA
            STERLING BANK PLC
            LAGOS  NG
       57A: Account With Institution - FI BIC
            /3000026523
            ZEIBNGLA
            ZENITH BANK PLC
            LAGOS  NG
        59: Beneficiary Customer-Name & Addr
            /1004116001
            KEN CHIMA ANYANWU
       71A: Details of Charges
            OUR
        72: Sender to Receiver Information
            /CODTYPTR/001
            /BNF/TRF TO ZENITH BANK FOR NGN20,8
            //50,000 IFO KEN CHIMA ANYANWU
	--------------------------- Message Trailer ------------------------	
       {CHK:D79FC2B0A32F}
       PKI Signature: MAC & PAC-Equivalent
