


03/07/14-09:48:45	            RtgsAck-1572-001582 	 1
_______________________________________________________________________________
	---------------------  Instance Type and Transmission --------------	
       Notification (Transmission) of Original sent to SWIFT (ACK)
       Network Delivery Status   : Network Ack 
       Priority/Delivery         : Normal
       Message Input Reference   : 0945 140703NAMENGLAAXXX3297417203
	--------------------------- Message Header -------------------------	
       Swift Input                   : FIN 103 Single Customer Credt Transfer
       Sender   : NAMENGLAXXX 
                  STERLING BANK PLC
                  LAGOS NG
       Receiver : FBNINGLAXXX
                  FIRST BANK OF NIGERIA PLC
                  LAGOS NG
       FIN Copy Service : NGR
	--------------------------- Message Text ---------------------------	
        20: Sender's Reference
            SRS3201479644
       23B: Bank Operation Code
            CRED
       23E: Instruction Code
            SDVA
       26T: Transaction Type Code
            001
       32A: Val Dte/Curr/Interbnk Settld Amt
            Date           : 03 July 2014
            Currency       : NGN (NAIRA)
            Amount         :            #25,000,000.00#
       50K: Ordering Customer-Name & Address
            /0024345434
            NEW PRUDENTIAL M/B LTD-FIN/TRE
       53A: Sender's Correspondent - FI BIC
            /D/3000025911
            NAMENGLA
            STERLING BANK PLC
            LAGOS  NG
       57A: Account With Institution - FI BIC
            /3000024749
            FBNINGLA
            FIRST BANK OF NIGERIA PLC
            LAGOS  NG
        59: Beneficiary Customer-Name & Addr
            /2004933568
            EST.OF LATE PROF B K ADADEVOH
       71A: Details of Charges
            OUR
        72: Sender to Receiver Information
            /CODTYPTR/001
            /BNF/BGN RTGS TRF TO FIRST BANK IFO
            // ESTATE OF LATE PROFESSOR BABATUN
            //DE KWEKU ADADEVOH BOO NEW PRUDENT
            //IAL MORTGAGE BANK LIMITED
	--------------------------- Message Trailer ------------------------	
       {CHK:EE52000F6486}
       PKI Signature: MAC & PAC-Equivalent
