


04/07/14-11:11:17	            RtgsAck-1598-001608 	 1
_______________________________________________________________________________
	---------------------  Instance Type and Transmission --------------	
       Notification (Transmission) of Original sent to SWIFT (ACK)
       Network Delivery Status   : Network Ack 
       Priority/Delivery         : Normal
       Message Input Reference   : 1108 140704NAMENGLAAXXX3297417524
	--------------------------- Message Header -------------------------	
       Swift Input                   : FIN 103 Single Customer Credt Transfer
       Sender   : NAMENGLAXXX 
                  STERLING BANK PLC
                  LAGOS NG
       Receiver : ZEIBNGLAXXX
                  ZENITH BANK PLC
                  LAGOS NG
       FIN Copy Service : NGR
	--------------------------- Message Text ---------------------------	
        20: Sender's Reference
            SRS420147482074
       23B: Bank Operation Code
            CRED
       23E: Instruction Code
            SDVA
       26T: Transaction Type Code
            001
       32A: Val Dte/Curr/Interbnk Settld Amt
            Date           : 04 July 2014
            Currency       : NGN (NAIRA)
            Amount         :            #88,000,000.00#
       50K: Ordering Customer-Name & Address
            /0003026183
            ETERNA PLC
       53A: Sender's Correspondent - FI BIC
            /D/3000025911
            NAMENGLA
            STERLING BANK PLC
            LAGOS  NG
       57A: Account With Institution - FI BIC
            /3000026523
            ZEIBNGLA
            ZENITH BANK PLC
            LAGOS  NG
        59: Beneficiary Customer-Name & Addr
            /1012025977
            SAHARA ENERGY RESOURCE LTD-COLLECTI
            ON AC
       71A: Details of Charges
            OUR
        72: Sender to Receiver Information
            /CODTYPTR/001
            /BNF/RTGS TRF IFO SAHARA ENERGY RES
            //OURCES LTD BOO ETERNA PLC
	--------------------------- Message Trailer ------------------------	
       {CHK:BB6146D118B7}
       PKI Signature: MAC & PAC-Equivalent
