


10/09/14-14:02:44	            RtgsAck-8477-002776 	 1
_______________________________________________________________________________
	---------------------  Instance Type and Transmission --------------	
       Notification (Transmission) of Original sent to SWIFT (ACK)
       Network Delivery Status   : Network Ack 
       Priority/Delivery         : Normal
       Message Input Reference   : 1400 140910NAMENGLAAXXX3311433092
	--------------------------- Message Header -------------------------	
       Swift Input                   : FIN 103 Single Customer Credt Transfer
       Sender   : NAMENGLAXXX 
                  STERLING BANK PLC
                  LAGOS NG
       Receiver : FIDTNGLAXXX
                  FIDELITY BANK PLC
                  LAGOS NG
       FIN Copy Service : NGR
	--------------------------- Message Text ---------------------------	
        20: Sender's Reference
            SRS102014975940
       23B: Bank Operation Code
            CRED
       23E: Instruction Code
            SDVA
       26T: Transaction Type Code
            001
       32A: Val Dte/Curr/Interbnk Settld Amt
            Date           : 10 September 2014
            Currency       : NGN (NAIRA)
            Amount         :           #200,000,000.00#
       50K: Ordering Customer-Name & Address
            /0024104196
            F.G.SALES OF GOVT HOUSES RECOV
       53A: Sender's Correspondent - FI BIC
            /D/3000025911
            NAMENGLA
            STERLING BANK PLC
            LAGOS  NG
       57A: Account With Institution - FI BIC
            /3000024646
            FIDTNGLA
            FIDELITY BANK PLC
            LAGOS  NG
        59: Beneficiary Customer-Name & Addr
            /5030009770
            FCT REVENUE ACCOUNT
       71A: Details of Charges
            OUR
        72: Sender to Receiver Information
            /CODTYPTR/001
            /BNF/TRF TO FIDELITY BANK IFO FCT R
            //EVENUE A/C BOO F.G SALES OF GOVT 
            //HOUSES RECOV
	--------------------------- Message Trailer ------------------------	
       {CHK:A5FB63ED34AD}
       PKI Signature: MAC & PAC-Equivalent
