


11/08/14-13:07:35	            RtgsAck-7941-002240 	 1
_______________________________________________________________________________
	---------------------  Instance Type and Transmission --------------	
       Notification (Transmission) of Original sent to SWIFT (ACK)
       Network Delivery Status   : Network Ack 
       Priority/Delivery         : Normal
       Message Input Reference   : 1304 140811NAMENGLAAXXX3306425538
	--------------------------- Message Header -------------------------	
       Swift Input                   : FIN 103 Single Customer Credt Transfer
       Sender   : NAMENGLAXXX 
                  STERLING BANK PLC
                  LAGOS NG
       Receiver : ZEIBNGLAXXX
                  ZENITH BANK PLC
                  LAGOS NG
       FIN Copy Service : NGR
	--------------------------- Message Text ---------------------------	
        20: Sender's Reference
            SRS1120148465070
       23B: Bank Operation Code
            CRED
       23E: Instruction Code
            SDVA
       26T: Transaction Type Code
            001
       32A: Val Dte/Curr/Interbnk Settld Amt
            Date           : 11 August 2014
            Currency       : NGN (NAIRA)
            Amount         :           #100,300,110.00#
       50K: Ordering Customer-Name & Address
            /0009950923
            JAPAUL ENERGY LTD
       53A: Sender's Correspondent - FI BIC
            /D/3000025911
            NAMENGLA
            STERLING BANK PLC
            LAGOS  NG
       57A: Account With Institution - FI BIC
            /3000026523
            ZEIBNGLA
            ZENITH BANK PLC
            LAGOS  NG
        59: Beneficiary Customer-Name & Addr
            /1012149491
            P AND APOSS MARITIME COMPANY NIG L
            TD
       71A: Details of Charges
            OUR
        72: Sender to Receiver Information
            /CODTYPTR/001
            /BNF/RTGS TRF IBO PS MARITIME COMP
            //ANY NIGERIA LTD BOO JAPAUL ENERGY
            // LTD
	--------------------------- Message Trailer ------------------------	
       {CHK:EB686AD72724}
       PKI Signature: MAC & PAC-Equivalent
