


01/07/14-14:03:27	            RtgsAck-1464-001474 	 1
_______________________________________________________________________________
	---------------------  Instance Type and Transmission --------------	
       Notification (Transmission) of Original sent to SWIFT (ACK)
       Network Delivery Status   : Network Ack 
       Priority/Delivery         : Normal
       Message Input Reference   : 1400 140701NAMENGLAAXXX3297416575
	--------------------------- Message Header -------------------------	
       Swift Input                   : FIN 103 Single Customer Credt Transfer
       Sender   : NAMENGLAXXX 
                  STERLING BANK PLC
                  LAGOS NG
       Receiver : ECOCNGLAXXX
                  ECOBANK NIGERIA PLC
                  LAGOS NG
       FIN Copy Service : NGR
	--------------------------- Message Text ---------------------------	
        20: Sender's Reference
            SRS120147465370
       23B: Bank Operation Code
            CRED
       23E: Instruction Code
            SDVA
       26T: Transaction Type Code
            001
       32A: Val Dte/Curr/Interbnk Settld Amt
            Date           : 01 July 2014
            Currency       : NGN (NAIRA)
            Amount         :            #24,900,000.00#
       50K: Ordering Customer-Name & Address
            /0017689536
            CLASSIC EXCHANGE LIMITED
       53A: Sender's Correspondent - FI BIC
            /D/3000025911
            NAMENGLA
            STERLING BANK PLC
            LAGOS  NG
       57A: Account With Institution - FI BIC
            /3000024495
            ECOCNGLA
            ECOBANK NIGERIA PLC
            LAGOS  NG
        59: Beneficiary Customer-Name & Addr
            /0452005379
            LADOL INTEGRATED LOG FREE ZONE ENT
       71A: Details of Charges
            OUR
        72: Sender to Receiver Information
            /CODTYPTR/001
            /BNF/BNG TRSF IFO LADOL INTEGRATED 
            //LOGISTICS BOO CLASIC EXCHANGE LIM
            //ITED
	--------------------------- Message Trailer ------------------------	
       {CHK:71341BCB97FC}
       PKI Signature: MAC & PAC-Equivalent
