


14/07/14-11:22:10	            RtgsAck-1739-001749 	 1
_______________________________________________________________________________
	---------------------  Instance Type and Transmission --------------	
       Notification (Transmission) of Original sent to SWIFT (ACK)
       Network Delivery Status   : Network Ack 
       Priority/Delivery         : Normal
       Message Input Reference   : 1119 140714NAMENGLAAXXX3298419584
	--------------------------- Message Header -------------------------	
       Swift Input                   : FIN 103 Single Customer Credt Transfer
       Sender   : NAMENGLAXXX 
                  STERLING BANK PLC
                  LAGOS NG
       Receiver : ECOCNGLAXXX
                  ECOBANK NIGERIA PLC
                  LAGOS NG
       FIN Copy Service : NGR
	--------------------------- Message Text ---------------------------	
        20: Sender's Reference
            SRS1420147141413
       23B: Bank Operation Code
            CRED
       23E: Instruction Code
            SDVA
       26T: Transaction Type Code
            001
       32A: Val Dte/Curr/Interbnk Settld Amt
            Date           : 14 July 2014
            Currency       : NGN (NAIRA)
            Amount         :            #48,368,571.43#
       50K: Ordering Customer-Name & Address
            /0017862735
            AZARE-JERE IRR SCH PHASE1
       53A: Sender's Correspondent - FI BIC
            /D/3000025911
            NAMENGLA
            STERLING BANK PLC
            LAGOS  NG
       57A: Account With Institution - FI BIC
            /3000024495
            ECOCNGLA
            ECOBANK NIGERIA PLC
            LAGOS  NG
        59: Beneficiary Customer-Name & Addr
            /5092019045
            ROUDO  OGUBOLO DREGDING  PMA A C 2
       71A: Details of Charges
            OUR
        72: Sender to Receiver Information
            /CODTYPTR/001
            /BNF/TRF TO ECOBANK PLC IFO MESSR R
            //OUDO NIGERIA LTD BOO FED MIN OF W
            //ATER RESOURCE
	--------------------------- Message Trailer ------------------------	
       {CHK:015597A6EBDB}
       PKI Signature: MAC & PAC-Equivalent
