


09/07/14-09:54:25	            RtgsAck-1685-001695 	 1
_______________________________________________________________________________
	---------------------  Instance Type and Transmission --------------	
       Notification (Transmission) of Original sent to SWIFT (ACK)
       Network Delivery Status   : Network Ack 
       Priority/Delivery         : Normal
       Message Input Reference   : 0951 140709NAMENGLAAXXX3297418552
	--------------------------- Message Header -------------------------	
       Swift Input                   : FIN 103 Single Customer Credt Transfer
       Sender   : NAMENGLAXXX 
                  STERLING BANK PLC
                  LAGOS NG
       Receiver : ZEIBNGLAXXX
                  ZENITH BANK PLC
                  LAGOS NG
       FIN Copy Service : NGR
	--------------------------- Message Text ---------------------------	
        20: Sender's Reference
            SRS920147481074
       23B: Bank Operation Code
            CRED
       23E: Instruction Code
            SDVA
       26T: Transaction Type Code
            001
       32A: Val Dte/Curr/Interbnk Settld Amt
            Date           : 09 July 2014
            Currency       : NGN (NAIRA)
            Amount         :            #44,590,000.00#
       50K: Ordering Customer-Name & Address
            /0020520756
            AERONAUTICAL ENGANDTECH SER LTD
       53A: Sender's Correspondent - FI BIC
            /D/3000025911
            NAMENGLA
            STERLING BANK PLC
            LAGOS  NG
       57A: Account With Institution - FI BIC
            /3000026523
            ZEIBNGLA
            ZENITH BANK PLC
            LAGOS  NG
        59: Beneficiary Customer-Name & Addr
            /1013303016
            AERONAUTICAL ENGR  AND AMP TECH SE
            RVICES LTD
       71A: Details of Charges
            OUR
        72: Sender to Receiver Information
            /CODTYPTR/001
            /BNF/RTGS TRF B/O AERONAUTICAL ENGR
            // IFO AERONAUTICAL ENGR  ZENITH
	--------------------------- Message Trailer ------------------------	
       {CHK:C64986BC35E9}
       PKI Signature: MAC & PAC-Equivalent
