


10/06/14-13:30:04	            RtgsAck-1096-001106 	 1
_______________________________________________________________________________
	---------------------  Instance Type and Transmission --------------	
       Notification (Transmission) of Original sent to SWIFT (ACK)
       Network Delivery Status   : Network Ack 
       Priority/Delivery         : Normal
       Message Input Reference   : 1326 140610NAMENGLAAXXX3295411661
	--------------------------- Message Header -------------------------	
       Swift Input                   : FIN 103 Single Customer Credt Transfer
       Sender   : NAMENGLAXXX 
                  STERLING BANK PLC
                  LAGOS NG
       Receiver : ZEIBNGLAXXX
                  ZENITH BANK PLC
                  LAGOS NG
       FIN Copy Service : NGR
	--------------------------- Message Text ---------------------------	
        20: Sender's Reference
            SRS102014632045
       23B: Bank Operation Code
            CRED
       23E: Instruction Code
            SDVA
       26T: Transaction Type Code
            001
       32A: Val Dte/Curr/Interbnk Settld Amt
            Date           : 10 June 2014
            Currency       : NGN (NAIRA)
            Amount         :            #10,958,960.00#
       50K: Ordering Customer-Name & Address
            /0001590222
            FEMI OKUNNU AND CO
       53A: Sender's Correspondent - FI BIC
            /D/3000025911
            NAMENGLA
            STERLING BANK PLC
            LAGOS  NG
       57A: Account With Institution - FI BIC
            /3000026523
            ZEIBNGLA
            ZENITH BANK PLC
            LAGOS  NG
        59: Beneficiary Customer-Name & Addr
            /1010986278
            FOUGEROLLE NIGERIA LTD.
       71A: Details of Charges
            OUR
        72: Sender to Receiver Information
            /CODTYPTR/001
            /BNF/TRF IFO FOURGEROLLE NIG LTD OF
            // ZENITH BANK NIG BOO FEMI OKUNNU 
            //AND CO
	--------------------------- Message Trailer ------------------------	
       {CHK:15DE70B26C2C}
       PKI Signature: MAC & PAC-Equivalent
