


23/05/14-15:38:26	            RtgsAck-0720-000730 	 1
_______________________________________________________________________________
	---------------------  Instance Type and Transmission --------------	
       Notification (Transmission) of Original sent to SWIFT (ACK)
       Network Delivery Status   : Network Ack 
       Priority/Delivery         : Normal
       Message Input Reference   : 1534 140523NAMENGLAAXXX3292407220
	--------------------------- Message Header -------------------------	
       Swift Input                   : FIN 103 Single Customer Credt Transfer
       Sender   : NAMENGLAXXX 
                  STERLING BANK PLC
                  LAGOS NG
       Receiver : GTBINGLAXXX
                  GUARANTY TRUST BANK PLC
                  LAGOS NG
       FIN Copy Service : NGR
	--------------------------- Message Text ---------------------------	
        20: Sender's Reference
            SRS2320145342449
       23B: Bank Operation Code
            CRED
       23E: Instruction Code
            SDVA
       26T: Transaction Type Code
            001
       32A: Val Dte/Curr/Interbnk Settld Amt
            Date           : 23 May 2014
            Currency       : NGN (NAIRA)
            Amount         :            #15,400,000.00#
       50K: Ordering Customer-Name & Address
            /0010984672
            CONOIL PLC-CORPORATE BRANCH
       53A: Sender's Correspondent - FI BIC
            /D/3000025911
            NAMENGLA
            STERLING BANK PLC
            LAGOS  NG
       57A: Account With Institution - FI BIC
            /3000024921
            GTBINGLA
            GUARANTY TRUST BANK PLC
            LAGOS  NG
        59: Beneficiary Customer-Name & Addr
            /0012327499
            QUADRI, LOOKMAN OLUFEMI
       71A: Details of Charges
            OUR
        72: Sender to Receiver Information
            /CODTYPTR/001
            /BNF/RTGS TRF TO GTB IFO QUADRI LOO
            //KMAN OLUFEMI BOO CONOIL PLC
	--------------------------- Message Trailer ------------------------	
       {CHK:B17490C09369}
       PKI Signature: MAC & PAC-Equivalent
