


15/07/14-11:05:17	            RtgsAck-1757-001767 	 1
_______________________________________________________________________________
	---------------------  Instance Type and Transmission --------------	
       Notification (Transmission) of Original sent to SWIFT (ACK)
       Network Delivery Status   : Network Ack 
       Priority/Delivery         : Normal
       Message Input Reference   : 1101 140715NAMENGLAAXXX3298419924
	--------------------------- Message Header -------------------------	
       Swift Input                   : FIN 103 Single Customer Credt Transfer
       Sender   : NAMENGLAXXX 
                  STERLING BANK PLC
                  LAGOS NG
       Receiver : ABNGNGLAXXX
                  ACCESS BANK PLC
                  LAGOS NG
       FIN Copy Service : NGR
	--------------------------- Message Text ---------------------------	
        20: Sender's Reference
            SRS152014761878
       23B: Bank Operation Code
            CRED
       23E: Instruction Code
            SDVA
       26T: Transaction Type Code
            001
       32A: Val Dte/Curr/Interbnk Settld Amt
            Date           : 15 July 2014
            Currency       : NGN (NAIRA)
            Amount         :            #12,900,000.00#
       50K: Ordering Customer-Name & Address
            /0021106326
            KOGI STATE SUB TREAS. PROJ.
       53A: Sender's Correspondent - FI BIC
            /D/3000025911
            NAMENGLA
            STERLING BANK PLC
            LAGOS  NG
       57A: Account With Institution - FI BIC
            /3000023539
            ABNGNGLA
            ACCESS BANK PLC
            LAGOS  NG
        59: Beneficiary Customer-Name & Addr
            /0028913146
            UNYOGBA MFB LTD
       71A: Details of Charges
            OUR
        72: Sender to Receiver Information
            /CODTYPTR/001
            /BNF/DRILLING OF BORE HOLE AND CONS
            //TRUCTION OF OVER HEAD TANK AT ODU
            //- COMM IN DEKINA
	--------------------------- Message Trailer ------------------------	
       {CHK:97783569A9C4}
       PKI Signature: MAC & PAC-Equivalent
