


25/07/14-14:46:49	            RtgsAck-2010-002021 	 1
_______________________________________________________________________________
	---------------------  Instance Type and Transmission --------------	
       Notification (Transmission) of Original sent to SWIFT (ACK)
       Network Delivery Status   : Network Ack 
       Priority/Delivery         : Normal
       Message Input Reference   : 1443 140725NAMENGLAAXXX3299422437
	--------------------------- Message Header -------------------------	
       Swift Input                   : FIN 103 Single Customer Credt Transfer
       Sender   : NAMENGLAXXX 
                  STERLING BANK PLC
                  LAGOS NG
       Receiver : FBNINGLAXXX
                  FIRST BANK OF NIGERIA PLC
                  LAGOS NG
       FIN Copy Service : NGR
	--------------------------- Message Text ---------------------------	
        20: Sender's Reference
            SRS2520147103486
       23B: Bank Operation Code
            CRED
       23E: Instruction Code
            SDVA
       26T: Transaction Type Code
            001
       32A: Val Dte/Curr/Interbnk Settld Amt
            Date           : 25 July 2014
            Currency       : NGN (NAIRA)
            Amount         :            #29,850,000.00#
       50K: Ordering Customer-Name & Address
            /0016498715
            KATSINA STATE GOVT SURE-P A/C
       53A: Sender's Correspondent - FI BIC
            /D/3000025911
            NAMENGLA
            STERLING BANK PLC
            LAGOS  NG
       57A: Account With Institution - FI BIC
            /3000024749
            FBNINGLA
            FIRST BANK OF NIGERIA PLC
            LAGOS  NG
        59: Beneficiary Customer-Name & Addr
            /2018233081
            KATSINA STATE SUB-TREASURY EXPENDIT
            URE ACCOUNT
       71A: Details of Charges
            OUR
        72: Sender to Receiver Information
            /CODTYPTR/001
            /BNF/BEING TRF IFO SUB TREASURY ACC
            //T 2018233081 WITH FIRST BANK
	--------------------------- Message Trailer ------------------------	
       {CHK:7EC9CD82F354}
       PKI Signature: MAC & PAC-Equivalent
