


28/08/14-12:49:12	            RtgsAck-8232-002531 	 1
_______________________________________________________________________________
	---------------------  Instance Type and Transmission --------------	
       Notification (Transmission) of Original sent to SWIFT (ACK)
       Network Delivery Status   : Network Ack 
       Priority/Delivery         : Normal
       Message Input Reference   : 1246 140828NAMENGLAAXXX3309430028
	--------------------------- Message Header -------------------------	
       Swift Input                   : FIN 103 Single Customer Credt Transfer
       Sender   : NAMENGLAXXX 
                  STERLING BANK PLC
                  LAGOS NG
       Receiver : SPRGNGLAXXX
                  ENTERPRISE BANK LIMITED
                  LAGOS NG
       FIN Copy Service : NGR
	--------------------------- Message Text ---------------------------	
        20: Sender's Reference
            SRS2820148425363
       23B: Bank Operation Code
            CRED
       23E: Instruction Code
            SDVA
       26T: Transaction Type Code
            001
       32A: Val Dte/Curr/Interbnk Settld Amt
            Date           : 28 August 2014
            Currency       : NGN (NAIRA)
            Amount         :            #40,000,000.00#
       50K: Ordering Customer-Name & Address
            /0010997508
            PRIZE DESTRUCTIONERS NIG LTD.
       53A: Sender's Correspondent - FI BIC
            /D/3000025911
            NAMENGLA
            STERLING BANK PLC
            LAGOS  NG
       57A: Account With Institution - FI BIC
            /3000024945
            SPRGNGLA
            ENTERPRISE BANK LIMITED
            LAGOS  NG
        59: Beneficiary Customer-Name & Addr
            /1201050502
            EVANS INDUSTRIES LIMITED
       71A: Details of Charges
            OUR
        72: Sender to Receiver Information
            /CODTYPTR/001
            /BNF/BNG RTGS TRF TO ENTERPRISE BAN
            //K LTD IFO EVANS INDUSTRIES LTD BO
            //O PRIZE DESTRUCTIONERS NIG LTD
	--------------------------- Message Trailer ------------------------	
       {CHK:9642CDCC59BB}
       PKI Signature: MAC & PAC-Equivalent
