


13/06/14-14:40:15	            RtgsAck-1176-001186 	 1
_______________________________________________________________________________
	---------------------  Instance Type and Transmission --------------	
       Notification (Transmission) of Original sent to SWIFT (ACK)
       Network Delivery Status   : Network Ack 
       Priority/Delivery         : Normal
       Message Input Reference   : 1436 140613NAMENGLAAXXX3295412700
	--------------------------- Message Header -------------------------	
       Swift Input                   : FIN 103 Single Customer Credt Transfer
       Sender   : NAMENGLAXXX 
                  STERLING BANK PLC
                  LAGOS NG
       Receiver : UNAFNGLAXXX
                  UNITED BANK FOR AFRICA PLC
                  LAGOS NG
       FIN Copy Service : NGR
	--------------------------- Message Text ---------------------------	
        20: Sender's Reference
            SRS1320146315083
       23B: Bank Operation Code
            CRED
       23E: Instruction Code
            SDVA
       26T: Transaction Type Code
            001
       32A: Val Dte/Curr/Interbnk Settld Amt
            Date           : 13 June 2014
            Currency       : NGN (NAIRA)
            Amount         :            #15,000,000.00#
       50K: Ordering Customer-Name & Address
            /0016610915
            PREVY-TERIEL NIGERIA LTD
       53A: Sender's Correspondent - FI BIC
            /D/3000025911
            NAMENGLA
            STERLING BANK PLC
            LAGOS  NG
       57A: Account With Institution - FI BIC
            /3000026413
            UNAFNGLA
            UNITED BANK FOR AFRICA PLC
            LAGOS  NG
        59: Beneficiary Customer-Name & Addr
            /1017277100
            PREVY-TERIEL NIG LTD
       71A: Details of Charges
            OUR
        72: Sender to Receiver Information
            /CODTYPTR/001
            /BNF/TRANSFER IFO PREVY TERIEL
	--------------------------- Message Trailer ------------------------	
       {CHK:518267D9D4B6}
       PKI Signature: MAC & PAC-Equivalent
