


15/08/14-11:01:55	            RtgsAck-8039-002338 	 1
_______________________________________________________________________________
	---------------------  Instance Type and Transmission --------------	
       Notification (Transmission) of Original sent to SWIFT (ACK)
       Network Delivery Status   : Network Ack 
       Priority/Delivery         : Normal
       Message Input Reference   : 1058 140815NAMENGLAAXXX3307426973
	--------------------------- Message Header -------------------------	
       Swift Input                   : FIN 103 Single Customer Credt Transfer
       Sender   : NAMENGLAXXX 
                  STERLING BANK PLC
                  LAGOS NG
       Receiver : SCBLNGLAXXX
                  STANDARD CHARTERED BANK NIGERIA LIMITED
                  LAGOS NG
       FIN Copy Service : NGR
	--------------------------- Message Text ---------------------------	
        20: Sender's Reference
            SRS1520148455628
       23B: Bank Operation Code
            CRED
       23E: Instruction Code
            SDVA
       26T: Transaction Type Code
            001
       32A: Val Dte/Curr/Interbnk Settld Amt
            Date           : 15 August 2014
            Currency       : NGN (NAIRA)
            Amount         :            #43,850,000.00#
       50K: Ordering Customer-Name & Address
            /0004048834
            ETERNA PLC
       53A: Sender's Correspondent - FI BIC
            /D/3000025911
            NAMENGLA
            STERLING BANK PLC
            LAGOS  NG
       57A: Account With Institution - FI BIC
            /3000026248
            SCBLNGLA
            STANDARD CHARTERED BANK NIGERIA LIMITED
            LAGOS  NG
        59: Beneficiary Customer-Name & Addr
            /0001249156
            MATRIX ENERGY LIMITED
       71A: Details of Charges
            OUR
        72: Sender to Receiver Information
            /CODTYPTR/001
            /BNF/RTGS TRF IFO MATRIX ENERGY LTD
            // BOO ETERNA PLC
	--------------------------- Message Trailer ------------------------	
       {CHK:DD5665FEF613}
       PKI Signature: MAC & PAC-Equivalent
	---------------------------- Interventions -------------------------	
       Category      : Network Report
       Creation Time : 15/08/14 11:01:39
       Application   : SWIFT Interface
       Operator      : SYSTEM
       Text
       {1:F21NAMENGLAAXXX3307426973}{4:{177:1408151058}{451:0}}
