


20/06/14-11:18:41	            RtgsAck-1265-001275 	 1
_______________________________________________________________________________
	---------------------  Instance Type and Transmission --------------	
       Notification (Transmission) of Original sent to SWIFT (ACK)
       Network Delivery Status   : Network Ack 
       Priority/Delivery         : Normal
       Message Input Reference   : 1115 140620NAMENGLAAXXX3296414298
	--------------------------- Message Header -------------------------	
       Swift Input                   : FIN 103 Single Customer Credt Transfer
       Sender   : NAMENGLAXXX 
                  STERLING BANK PLC
                  LAGOS NG
       Receiver : ZEIBNGLAXXX
                  ZENITH BANK PLC
                  LAGOS NG
       FIN Copy Service : NGR
	--------------------------- Message Text ---------------------------	
        20: Sender's Reference
            SRS2020146321045
       23B: Bank Operation Code
            CRED
       23E: Instruction Code
            SDVA
       26T: Transaction Type Code
            001
       32A: Val Dte/Curr/Interbnk Settld Amt
            Date           : 20 June 2014
            Currency       : NGN (NAIRA)
            Amount         :            #32,487,713.49#
       50K: Ordering Customer-Name & Address
            /0008649057
            FED AIRT AUT OF NIG (FAAN)
       53A: Sender's Correspondent - FI BIC
            /D/3000025911
            NAMENGLA
            STERLING BANK PLC
            LAGOS  NG
       57A: Account With Institution - FI BIC
            /3000026523
            ZEIBNGLA
            ZENITH BANK PLC
            LAGOS  NG
        59: Beneficiary Customer-Name & Addr
            /1010153911
            LASG - PAYE/WHT
       71A: Details of Charges
            OUR
        72: Sender to Receiver Information
            /CODTYPTR/001
            /BNF/TRANSFER IFO LAGOS STATE BOARD
            // OF INTERNAL REVENUE BO FED AIR A
            //UT OF NIG
	--------------------------- Message Trailer ------------------------	
       {CHK:AAC39B2CB0B7}
       PKI Signature: MAC & PAC-Equivalent
