


20/08/14-11:46:21	            RtgsAck-8122-002421 	 1
_______________________________________________________________________________
	---------------------  Instance Type and Transmission --------------	
       Notification (Transmission) of Original sent to SWIFT (ACK)
       Network Delivery Status   : Network Ack 
       Priority/Delivery         : Normal
       Message Input Reference   : 1143 140820NAMENGLAAXXX3308428111
	--------------------------- Message Header -------------------------	
       Swift Input                   : FIN 103 Single Customer Credt Transfer
       Sender   : NAMENGLAXXX 
                  STERLING BANK PLC
                  LAGOS NG
       Receiver : FBNINGLAXXX
                  FIRST BANK OF NIGERIA PLC
                  LAGOS NG
       FIN Copy Service : NGR
	--------------------------- Message Text ---------------------------	
        20: Sender's Reference
            SRS20201483433
       23B: Bank Operation Code
            CRED
       23E: Instruction Code
            SDVA
       26T: Transaction Type Code
            001
       32A: Val Dte/Curr/Interbnk Settld Amt
            Date           : 20 August 2014
            Currency       : NGN (NAIRA)
            Amount         :            #12,500,000.00#
       50K: Ordering Customer-Name & Address
            /0007985279
            HRM,OBA(DR)G.A AROMOLARAN
       53A: Sender's Correspondent - FI BIC
            /D/3000025911
            NAMENGLA
            STERLING BANK PLC
            LAGOS  NG
       57A: Account With Institution - FI BIC
            /3000024749
            FBNINGLA
            FIRST BANK OF NIGERIA PLC
            LAGOS  NG
        59: Beneficiary Customer-Name & Addr
            /1000074073
            OBA DR GABRIEL ADEKUNLE AROMOLARAN 
            II
       71A: Details of Charges
            OUR
        72: Sender to Receiver Information
            /CODTYPTR/001
            /BNF/TRF IFO HIS ROYAL MAJESTY,OBA 
            //GABRIEL AROMOLARANFBN 1000074073
	--------------------------- Message Trailer ------------------------	
       {CHK:FBD23BA81BCA}
       PKI Signature: MAC & PAC-Equivalent
