


22/07/14-10:14:45	            RtgsAck-1850-001860 	 1
_______________________________________________________________________________
	---------------------  Instance Type and Transmission --------------	
       Notification (Transmission) of Original sent to SWIFT (ACK)
       Network Delivery Status   : Network Ack 
       Priority/Delivery         : Normal
       Message Input Reference   : 1011 140722NAMENGLAAXXX3299421382
	--------------------------- Message Header -------------------------	
       Swift Input                   : FIN 103 Single Customer Credt Transfer
       Sender   : NAMENGLAXXX 
                  STERLING BANK PLC
                  LAGOS NG
       Receiver : GTBINGLAXXX
                  GUARANTY TRUST BANK PLC
                  LAGOS NG
       FIN Copy Service : NGR
	--------------------------- Message Text ---------------------------	
        20: Sender's Reference
            SRS2220147171558
       23B: Bank Operation Code
            CRED
       23E: Instruction Code
            SDVA
       26T: Transaction Type Code
            001
       32A: Val Dte/Curr/Interbnk Settld Amt
            Date           : 22 July 2014
            Currency       : NGN (NAIRA)
            Amount         :            #10,500,000.00#
       50K: Ordering Customer-Name & Address
            /0021988698
            STALLION STORAGE AND LOGISTICS L
       53A: Sender's Correspondent - FI BIC
            /D/3000025911
            NAMENGLA
            STERLING BANK PLC
            LAGOS  NG
       57A: Account With Institution - FI BIC
            /3000024921
            GTBINGLA
            GUARANTY TRUST BANK PLC
            LAGOS  NG
        59: Beneficiary Customer-Name & Addr
            /0137686141
            STALLION STORAGE  AND AMP LOGISTIC
            S L
       71A: Details of Charges
            OUR
        72: Sender to Receiver Information
            /CODTYPTR/001
            /BNF/TRSF BY STALLION  STORAGE AND 
            //LOGISTICS LTD
	--------------------------- Message Trailer ------------------------	
       {CHK:8BEFAE7DCC1D}
       PKI Signature: MAC & PAC-Equivalent
		
	---------------------  Instance Type and Transmission --------------	
       Notification (Transmission) of Original sent to SWIFT (ACK)
       Network Delivery Status   : Network Ack 
       Priority/Delivery         : Normal
       Message Input Reference   : 1011 140722NAMENGLAAXXX3299421383
	--------------------------- Message Header -------------------------	
       Swift Input                   : FIN 103 Single Customer Credt Transfer
       Sender   : NAMENGLAXXX 
                  STERLING BANK PLC
                  LAGOS NG
       Receiver : UBNINGLAXXX
                  UNION BANK OF NIGERIA PLC
                  LAGOS NG
       FIN Copy Service : NGR
	--------------------------- Message Text ---------------------------	
        20: Sender's Reference
            SRS222014711347
       23B: Bank Operation Code
            CRED
       23E: Instruction Code
            SDVA
       26T: Transaction Type Code
            001
       32A: Val Dte/Curr/Interbnk Settld Amt
            Date           : 22 July 2014
            Currency       : NGN (NAIRA)
            Amount         :            #70,000,000.00#
       50K: Ordering Customer-Name & Address
            /0010997508
            PRIZE DESTRUCTIONERS NIG LTD.
       53A: Sender's Correspondent - FI BIC
            /D/3000025911
            NAMENGLA
            STERLING BANK PLC
            LAGOS  NG
       57A: Account With Institution - FI BIC
            /3000026389
            UBNINGLA
            UNION BANK OF NIGERIA PLC
            LAGOS  NG
        59: Beneficiary Customer-Name & Addr
            /0010043353
            EKULO INTERNATIONAL LIMITED
       71A: Details of Charges
            OUR
        72: Sender to Receiver Information
            /CODTYPTR/001
            /BNF/RTGS BNG TRANSFER TO UNION BAN
            //K OF NIGERIA IFO EKULO INTERNATIO
            //NAL LTD BOO PRIZE DESTRUCTIONERS
	--------------------------- Message Trailer ------------------------	
       {CHK:AEA3BE02DBD8}
       PKI Signature: MAC & PAC-Equivalent
