


13/08/14-15:09:34	            RtgsAck-8000-002299 	 1
_______________________________________________________________________________
	---------------------  Instance Type and Transmission --------------	
       Notification (Transmission) of Original sent to SWIFT (ACK)
       Network Delivery Status   : Network Ack 
       Priority/Delivery         : Normal
       Message Input Reference   : 1506 140813NAMENGLAAXXX3307426285
	--------------------------- Message Header -------------------------	
       Swift Input                   : FIN 103 Single Customer Credt Transfer
       Sender   : NAMENGLAXXX 
                  STERLING BANK PLC
                  LAGOS NG
       Receiver : ABNGNGLAXXX
                  ACCESS BANK PLC
                  LAGOS NG
       FIN Copy Service : NGR
	--------------------------- Message Text ---------------------------	
        20: Sender's Reference
            SRS1320148245531
       23B: Bank Operation Code
            CRED
       23E: Instruction Code
            SDVA
       26T: Transaction Type Code
            001
       32A: Val Dte/Curr/Interbnk Settld Amt
            Date           : 13 August 2014
            Currency       : NGN (NAIRA)
            Amount         :            #60,000,000.00#
       50K: Ordering Customer-Name & Address
            /0002693553
            P.W. NIGERIA LIMITED
       53A: Sender's Correspondent - FI BIC
            /D/3000025911
            NAMENGLA
            STERLING BANK PLC
            LAGOS  NG
       57A: Account With Institution - FI BIC
            /3000023539
            ABNGNGLA
            ACCESS BANK PLC
            LAGOS  NG
        59: Beneficiary Customer-Name & Addr
            /0009024830
            RINGARDAS NIGERIA LIMITED
       71A: Details of Charges
            OUR
        72: Sender to Receiver Information
            /CODTYPTR/001
            /BNF/RTGS BOO PW NIG LTD
	--------------------------- Message Trailer ------------------------	
       {CHK:B616528C11C5}
       PKI Signature: MAC & PAC-Equivalent
