


03/07/14-14:15:48	            RtgsAck-1592-001602 	 1
_______________________________________________________________________________
	---------------------  Instance Type and Transmission --------------	
       Notification (Transmission) of Original sent to SWIFT (ACK)
       Network Delivery Status   : Network Ack 
       Priority/Delivery         : Normal
       Message Input Reference   : 1412 140703NAMENGLAAXXX3297417322
	--------------------------- Message Header -------------------------	
       Swift Input                   : FIN 103 Single Customer Credt Transfer
       Sender   : NAMENGLAXXX 
                  STERLING BANK PLC
                  LAGOS NG
       Receiver : ZEIBNGLAXXX
                  ZENITH BANK PLC
                  LAGOS NG
       FIN Copy Service : NGR
	--------------------------- Message Text ---------------------------	
        20: Sender's Reference
            SRS320147104086
       23B: Bank Operation Code
            CRED
       23E: Instruction Code
            SDVA
       26T: Transaction Type Code
            001
       32A: Val Dte/Curr/Interbnk Settld Amt
            Date           : 03 July 2014
            Currency       : NGN (NAIRA)
            Amount         :            #36,275,670.40#
       50K: Ordering Customer-Name & Address
            /0008685253
            ZAMFARA STATE MASS EDU.BOARD
       53A: Sender's Correspondent - FI BIC
            /D/3000025911
            NAMENGLA
            STERLING BANK PLC
            LAGOS  NG
       57A: Account With Institution - FI BIC
            /3000026523
            ZEIBNGLA
            ZENITH BANK PLC
            LAGOS  NG
        59: Beneficiary Customer-Name & Addr
            /1013418183
            ZAM ST MASS EDUCATION BOARD
       71A: Details of Charges
            OUR
        72: Sender to Receiver Information
            /CODTYPTR/001
            /BNF/TRF TO ZENITH IFO MASS EDUCATI
            //ON BOARD
	--------------------------- Message Trailer ------------------------	
       {CHK:DE11C3CE0210}
       PKI Signature: MAC & PAC-Equivalent
