


23/07/14-10:18:49	            RtgsAck-1875-001886 	 1
_______________________________________________________________________________
	---------------------  Instance Type and Transmission --------------	
       Notification (Transmission) of Original sent to SWIFT (ACK)
       Network Delivery Status   : Network Ack 
       Priority/Delivery         : Normal
       Message Input Reference   : 1015 140723NAMENGLAAXXX3299421682
	--------------------------- Message Header -------------------------	
       Swift Input                   : FIN 103 Single Customer Credt Transfer
       Sender   : NAMENGLAXXX 
                  STERLING BANK PLC
                  LAGOS NG
       Receiver : GTBINGLAXXX
                  GUARANTY TRUST BANK PLC
                  LAGOS NG
       FIN Copy Service : NGR
	--------------------------- Message Text ---------------------------	
        20: Sender's Reference
            SRS232014725072
       23B: Bank Operation Code
            CRED
       23E: Instruction Code
            SDVA
       26T: Transaction Type Code
            001
       32A: Val Dte/Curr/Interbnk Settld Amt
            Date           : 23 July 2014
            Currency       : NGN (NAIRA)
            Amount         :            #47,735,000.00#
       50K: Ordering Customer-Name & Address
            /0026424674
            HITECH CONSTRUCTION CO. LTD
       53A: Sender's Correspondent - FI BIC
            /D/3000025911
            NAMENGLA
            STERLING BANK PLC
            LAGOS  NG
       57A: Account With Institution - FI BIC
            /3000024921
            GTBINGLA
            GUARANTY TRUST BANK PLC
            LAGOS  NG
        59: Beneficiary Customer-Name & Addr
            /0004329249
            HITECH CON-ALIMOSHO PROJECTS
       71A: Details of Charges
            OUR
        72: Sender to Receiver Information
            /CODTYPTR/001
            /BNF/BNG TRSF IFO HITECH CONSTRUCTI
            //ON CO. LTD /GTB BY ORDER OF HITEC
            //H CONSTRUCTION CO. LTD
	--------------------------- Message Trailer ------------------------	
       {CHK:635BB3023C4A}
       PKI Signature: MAC & PAC-Equivalent
