


07/04/14-11:18:13	            RtgsAck-0063-000064 	 1
_______________________________________________________________________________
	---------------------  Instance Type and Transmission --------------	
       Notification (Transmission) of Original sent to SWIFT (ACK)
       Network Delivery Status   : Network Ack 
       Priority/Delivery         : Normal
       Message Input Reference   : 1133 140407NAMENGLAAXXX3276394842
	--------------------------- Message Header -------------------------	
       Swift Input                   : FIN 103 Single Customer Credt Transfer
       Sender   : NAMENGLAXXX 
                  STERLING BANK PLC
                  LAGOS NG
       Receiver : FIDTNGLAXXX
                  FIDELITY BANK PLC
                  LAGOS NG
       FIN Copy Service : NGR
	--------------------------- Message Text ---------------------------	
        20: Sender's Reference
            SRS72014458312
       23B: Bank Operation Code
            CRED
       23E: Instruction Code
            SDVA
       26T: Transaction Type Code
            001
       32A: Val Dte/Curr/Interbnk Settld Amt
            Date           : 07 April 2014
            Currency       : NGN (NAIRA)
            Amount         :            #50,000,000.00#
       50K: Ordering Customer-Name & Address
            /0019385557
            MCLOYAL SERVICES
       53A: Sender's Correspondent - FI BIC
            /D/3000025911
            NAMENGLA
            STERLING BANK PLC
            LAGOS  NG
       57A: Account With Institution - FI BIC
            /3000024646
            FIDTNGLA
            FIDELITY BANK PLC
            LAGOS  NG
        59: Beneficiary Customer-Name & Addr
            /4010813204
            MCLOYAL SERVICES
       71A: Details of Charges
            OUR
        72: Sender to Receiver Information
            /CODTYPTR/001
            /BNF/RTGS TRANSFER TO FIDELITY BANK
            // IFO MCLOYAL SERVICES BOO MCLOYAL
            // SERVICES
	--------------------------- Message Trailer ------------------------	
       {CHK:853B1CE1CE86}
       PKI Signature: MAC & PAC-Equivalent
	---------------------------- Interventions -------------------------	
       Category      : Network Report
       Creation Time : 07/04/14 11:18:01
       Application   : SWIFT Interface
       Operator      : SYSTEM
       Text
       {1:F21NAMENGLAAXXX3276394842}{4:{177:1404071133}{451:0}}
