


23/06/14-15:13:30	            RtgsAck-1305-001315 	 1
_______________________________________________________________________________
	---------------------  Instance Type and Transmission --------------	
       Notification (Transmission) of Original sent to SWIFT (ACK)
       Network Delivery Status   : Network Ack 
       Priority/Delivery         : Normal
       Message Input Reference   : 1510 140623NAMENGLAAXXX3297414722
	--------------------------- Message Header -------------------------	
       Swift Input                   : FIN 103 Single Customer Credt Transfer
       Sender   : NAMENGLAXXX 
                  STERLING BANK PLC
                  LAGOS NG
       Receiver : PRDTNGLAXXX
                  SKYE BANK PLC
                  LAGOS NG
       FIN Copy Service : NGR
	--------------------------- Message Text ---------------------------	
        20: Sender's Reference
            SRS2320146163416
       23B: Bank Operation Code
            CRED
       23E: Instruction Code
            SDVA
       26T: Transaction Type Code
            001
       32A: Val Dte/Curr/Interbnk Settld Amt
            Date           : 23 June 2014
            Currency       : NGN (NAIRA)
            Amount         :           #150,000,000.00#
       50K: Ordering Customer-Name & Address
            /0004949632
            OGSG EXPENDITURE ACCOUNT
       53A: Sender's Correspondent - FI BIC
            /D/3000025911
            NAMENGLA
            STERLING BANK PLC
            LAGOS  NG
       57A: Account With Institution - FI BIC
            /3000025698
            PRDTNGLA
            SKYE BANK PLC
            LAGOS  NG
        59: Beneficiary Customer-Name & Addr
            /1770385990
            TREASURY CASH OFFICE EXPENDITURE AC
       71A: Details of Charges
            OUR
        72: Sender to Receiver Information
            /CODTYPTR/001
            /BNF/TRANSFER BO OGSGS IFO TREASURY
            // CASH OFFICE ABEOKUTA
	--------------------------- Message Trailer ------------------------	
       {CHK:A1D886E4EA89}
       PKI Signature: MAC & PAC-Equivalent
