


25/08/14-11:54:31	            RtgsAck-8184-002483 	 1
_______________________________________________________________________________
	---------------------  Instance Type and Transmission --------------	
       Notification (Transmission) of Original sent to SWIFT (ACK)
       Network Delivery Status   : Network Ack 
       Priority/Delivery         : Normal
       Message Input Reference   : 1151 140825NAMENGLAAXXX3309429021
	--------------------------- Message Header -------------------------	
       Swift Input                   : FIN 103 Single Customer Credt Transfer
       Sender   : NAMENGLAXXX 
                  STERLING BANK PLC
                  LAGOS NG
       Receiver : FBNINGLAXXX
                  FIRST BANK OF NIGERIA PLC
                  LAGOS NG
       FIN Copy Service : NGR
	--------------------------- Message Text ---------------------------	
        20: Sender's Reference
            SRS2520148344249
       23B: Bank Operation Code
            CRED
       23E: Instruction Code
            SDVA
       26T: Transaction Type Code
            001
       32A: Val Dte/Curr/Interbnk Settld Amt
            Date           : 25 August 2014
            Currency       : NGN (NAIRA)
            Amount         :            #13,867,728.28#
       50K: Ordering Customer-Name & Address
            /0020405077
            KAD. SUBEB UBE MATCHING GRANT
       53A: Sender's Correspondent - FI BIC
            /D/3000025911
            NAMENGLA
            STERLING BANK PLC
            LAGOS  NG
       57A: Account With Institution - FI BIC
            /3000024749
            FBNINGLA
            FIRST BANK OF NIGERIA PLC
            LAGOS  NG
        59: Beneficiary Customer-Name & Addr
            /3069224671
            ZAZZAU FURNISHING AND SERVICES LIMI
            TED
       71A: Details of Charges
            OUR
        72: Sender to Receiver Information
            /CODTYPTR/001
            /BNF/BNG TRSF BOO KSUBEB IFO ZAZZAU
            // FURNISHING - SERVICES LTD- FIRST
            // BANK PLC
	--------------------------- Message Trailer ------------------------	
       {CHK:89FF35999DBE}
       PKI Signature: MAC & PAC-Equivalent
