


26/05/14-12:44:16	            RtgsAck-0749-000759 	 1
_______________________________________________________________________________
	---------------------  Instance Type and Transmission --------------	
       Notification (Transmission) of Original sent to SWIFT (ACK)
       Network Delivery Status   : Network Ack 
       Priority/Delivery         : Normal
       Message Input Reference   : 1240 140526NAMENGLAAXXX3293407523
	--------------------------- Message Header -------------------------	
       Swift Input                   : FIN 103 Single Customer Credt Transfer
       Sender   : NAMENGLAXXX 
                  STERLING BANK PLC
                  LAGOS NG
       Receiver : PLNINGLAXXX
                  KEYSTONE BANK LIMITED
                  LAGOS NG
       FIN Copy Service : NGR
	--------------------------- Message Text ---------------------------	
        20: Sender's Reference
            SRS2620145183920
       23B: Bank Operation Code
            CRED
       23E: Instruction Code
            SDVA
       26T: Transaction Type Code
            001
       32A: Val Dte/Curr/Interbnk Settld Amt
            Date           : 26 May 2014
            Currency       : NGN (NAIRA)
            Amount         :           #117,822,986.12#
       50K: Ordering Customer-Name & Address
            /0009578763
            ACCOUNTANT GENERAL (KDSG)
       53A: Sender's Correspondent - FI BIC
            /D/3000025911
            NAMENGLA
            STERLING BANK PLC
            LAGOS  NG
       57A: Account With Institution - FI BIC
            /3000026729
            PLNINGLA
            KEYSTONE BANK LIMITED
            LAGOS  NG
        59: Beneficiary Customer-Name & Addr
            /1002753422
            CGC NIGERIA LTD
       71A: Details of Charges
            OUR
        72: Sender to Receiver Information
            /CODTYPTR/001
            /BNF/TRF IFO C.G.C NIG LTD-KEYSTONE
            // BANK PLC-BOO MINISTRY OF FINANCE
	--------------------------- Message Trailer ------------------------	
       {CHK:834019D8BD2F}
       PKI Signature: MAC & PAC-Equivalent
