


04/07/14-14:01:24	            RtgsAck-1613-001623 	 1
_______________________________________________________________________________
	---------------------  Instance Type and Transmission --------------	
       Notification (Transmission) of Original sent to SWIFT (ACK)
       Network Delivery Status   : Network Ack 
       Priority/Delivery         : Normal
       Message Input Reference   : 1358 140704NAMENGLAAXXX3297417611
	--------------------------- Message Header -------------------------	
       Swift Input                   : FIN 103 Single Customer Credt Transfer
       Sender   : NAMENGLAXXX 
                  STERLING BANK PLC
                  LAGOS NG
       Receiver : WEMANGLAXXX
                  WEMA BANK PLC
                  LAGOS NG
       FIN Copy Service : NGR
	--------------------------- Message Text ---------------------------	
        20: Sender's Reference
            SRS420147275876
       23B: Bank Operation Code
            CRED
       23E: Instruction Code
            SDVA
       26T: Transaction Type Code
            001
       32A: Val Dte/Curr/Interbnk Settld Amt
            Date           : 04 July 2014
            Currency       : NGN (NAIRA)
            Amount         :            #40,000,000.00#
       50K: Ordering Customer-Name & Address
            /0008059269
            OANDO MARKETING PLC
       53A: Sender's Correspondent - FI BIC
            /D/3000025911
            NAMENGLA
            STERLING BANK PLC
            LAGOS  NG
       57A: Account With Institution - FI BIC
            /3000026499
            WEMANGLA
            WEMA BANK PLC
            LAGOS  NG
        59: Beneficiary Customer-Name & Addr
            /0121617088
            OANDO MARKETING PLC
       71A: Details of Charges
            OUR
        72: Sender to Receiver Information
            /CODTYPTR/001
            /BNF/RTGS TRF IFO OANDO MARKETING P
            //LC  BOO OANDO MARKETING PLC
	--------------------------- Message Trailer ------------------------	
       {CHK:50DF8B544EA8}
       PKI Signature: MAC & PAC-Equivalent
