


08/04/14-10:54:59	            RtgsAck-0084-000085 	 1
_______________________________________________________________________________
	---------------------  Instance Type and Transmission --------------	
       Notification (Transmission) of Original sent to SWIFT (ACK)
       Network Delivery Status   : Network Ack 
       Priority/Delivery         : Normal
       Message Input Reference   : 1109 140408NAMENGLAAXXX3276395156
	--------------------------- Message Header -------------------------	
       Swift Input                   : FIN 103 Single Customer Credt Transfer
       Sender   : NAMENGLAXXX 
                  STERLING BANK PLC
                  LAGOS NG
       Receiver : UNAFNGLAXXX
                  UNITED BANK FOR AFRICA PLC
                  LAGOS NG
       FIN Copy Service : NGR
	--------------------------- Message Text ---------------------------	
        20: Sender's Reference
            SRS820144422263
       23B: Bank Operation Code
            CRED
       23E: Instruction Code
            SDVA
       26T: Transaction Type Code
            001
       32A: Val Dte/Curr/Interbnk Settld Amt
            Date           : 08 April 2014
            Currency       : NGN (NAIRA)
            Amount         :            #20,000,000.00#
       50K: Ordering Customer-Name & Address
            /0018920472
            IGBO-EZE SOUTH L.GOVT COUNCIL
       53A: Sender's Correspondent - FI BIC
            /D/3000025911
            NAMENGLA
            STERLING BANK PLC
            LAGOS  NG
       57A: Account With Institution - FI BIC
            /3000026413
            UNAFNGLA
            UNITED BANK FOR AFRICA PLC
            LAGOS  NG
        59: Beneficiary Customer-Name & Addr
            /1016258553
            PROCON CONSTRUCTION NIG LTD
       71A: Details of Charges
            OUR
        72: Sender to Receiver Information
            /CODTYPTR/001
            /BNF/RTGS TRF TO PROCON CONSTRUCTIO
            //N NIG LTD
	--------------------------- Message Trailer ------------------------	
       {CHK:FB0B3B38604D}
       PKI Signature: MAC & PAC-Equivalent
	---------------------------- Interventions -------------------------	
       Category      : Network Report
       Creation Time : 08/04/14 10:54:47
       Application   : SWIFT Interface
       Operator      : SYSTEM
       Text
       {1:F21NAMENGLAAXXX3276395156}{4:{177:1404081109}{451:0}}
