


15/08/14-14:19:22	            RtgsAck-8048-002347 	 1
_______________________________________________________________________________
	---------------------  Instance Type and Transmission --------------	
       Notification (Transmission) of Original sent to SWIFT (ACK)
       Network Delivery Status   : Network Ack 
       Priority/Delivery         : Normal
       Message Input Reference   : 1416 140815NAMENGLAAXXX3307427117
	--------------------------- Message Header -------------------------	
       Swift Input                   : FIN 103 Single Customer Credt Transfer
       Sender   : NAMENGLAXXX 
                  STERLING BANK PLC
                  LAGOS NG
       Receiver : ZEIBNGLAXXX
                  ZENITH BANK PLC
                  LAGOS NG
       FIN Copy Service : NGR
	--------------------------- Message Text ---------------------------	
        20: Sender's Reference
            SRS1520148494436
       23B: Bank Operation Code
            CRED
       23E: Instruction Code
            SDVA
       26T: Transaction Type Code
            001
       32A: Val Dte/Curr/Interbnk Settld Amt
            Date           : 15 August 2014
            Currency       : NGN (NAIRA)
            Amount         :            #12,728,571.43#
       50K: Ordering Customer-Name & Address
            /0017862735
            AZARE-JERE IRR SCH PHASE1
       53A: Sender's Correspondent - FI BIC
            /D/3000025911
            NAMENGLA
            STERLING BANK PLC
            LAGOS  NG
       57A: Account With Institution - FI BIC
            /3000026523
            ZEIBNGLA
            ZENITH BANK PLC
            LAGOS  NG
        59: Beneficiary Customer-Name & Addr
            /1130000483
            FIRS - WITHOLDING TAX (WHT)
       71A: Details of Charges
            OUR
        72: Sender to Receiver Information
            /CODTYPTR/001
            /BNF/TRF TO ZENITH IFO FGN FIRS WHT
            // BOO FEDERAL MINISTRY OF WATER RE
            //SOURCES
	--------------------------- Message Trailer ------------------------	
       {CHK:7A0380E22E96}
       PKI Signature: MAC & PAC-Equivalent
