


31/07/14-14:21:39	            RtgsAck-2063-002074 	 1
_______________________________________________________________________________
	---------------------  Instance Type and Transmission --------------	
       Notification (Transmission) of Original sent to SWIFT (ACK)
       Network Delivery Status   : Network Ack 
       Priority/Delivery         : Normal
       Message Input Reference   : 1418 140731NAMENGLAAXXX3300423104
	--------------------------- Message Header -------------------------	
       Swift Input                   : FIN 103 Single Customer Credt Transfer
       Sender   : NAMENGLAXXX 
                  STERLING BANK PLC
                  LAGOS NG
       Receiver : ABNGNGLAXXX
                  ACCESS BANK PLC
                  LAGOS NG
       FIN Copy Service : NGR
	--------------------------- Message Text ---------------------------	
        20: Sender's Reference
            SRS312014715255
       23B: Bank Operation Code
            CRED
       23E: Instruction Code
            SDVA
       26T: Transaction Type Code
            001
       32A: Val Dte/Curr/Interbnk Settld Amt
            Date           : 31 July 2014
            Currency       : NGN (NAIRA)
            Amount         :            #24,700,000.00#
       50K: Ordering Customer-Name & Address
            /0006819498
            TOMIL TRUST LTD/ CLIENT A/C
       53A: Sender's Correspondent - FI BIC
            /D/3000025911
            NAMENGLA
            STERLING BANK PLC
            LAGOS  NG
       57A: Account With Institution - FI BIC
            /3000023539
            ABNGNGLA
            ACCESS BANK PLC
            LAGOS  NG
        59: Beneficiary Customer-Name & Addr
            /0038264199
            UMOBI,BENJAMINA31787
       71A: Details of Charges
            OUR
        72: Sender to Receiver Information
            /CODTYPTR/001
            /BNF/TRFR TO ACCESS BNK UMOBI BENJA
            //MIN CHINEMELUM BO TOMIL TRUST LTD
            // (0038264199)
	--------------------------- Message Trailer ------------------------	
       {CHK:1F66F090CFBB}
       PKI Signature: MAC & PAC-Equivalent
