


30/05/14-12:59:27	            RtgsAck-0866-000876 	 1
_______________________________________________________________________________
	---------------------  Instance Type and Transmission --------------	
       Notification (Transmission) of Original sent to SWIFT (ACK)
       Network Delivery Status   : Network Ack 
       Priority/Delivery         : Normal
       Message Input Reference   : 1255 140530NAMENGLAAXXX3293408815
	--------------------------- Message Header -------------------------	
       Swift Input                   : FIN 103 Single Customer Credt Transfer
       Sender   : NAMENGLAXXX 
                  STERLING BANK PLC
                  LAGOS NG
       Receiver : PLNINGLAXXX
                  KEYSTONE BANK LIMITED
                  LAGOS NG
       FIN Copy Service : NGR
	--------------------------- Message Text ---------------------------	
        20: Sender's Reference
            SRS3020145201923
       23B: Bank Operation Code
            CRED
       23E: Instruction Code
            SDVA
       26T: Transaction Type Code
            001
       32A: Val Dte/Curr/Interbnk Settld Amt
            Date           : 30 May 2014
            Currency       : NGN (NAIRA)
            Amount         :            #75,754,043.06#
       50K: Ordering Customer-Name & Address
            /0010049665
            KD.ST.LGC JOINT STATUTORY ACC
       53A: Sender's Correspondent - FI BIC
            /D/3000025911
            NAMENGLA
            STERLING BANK PLC
            LAGOS  NG
       57A: Account With Institution - FI BIC
            /3000026729
            PLNINGLA
            KEYSTONE BANK LIMITED
            LAGOS  NG
        59: Beneficiary Customer-Name & Addr
            /1005964973
            CHIKUN LOCAL GOVERNMENT
       71A: Details of Charges
            OUR
        72: Sender to Receiver Information
            /CODTYPTR/001
            /BNF/TRF IFO CHIKUN L/GOVT-KEYSTONE
            // BANK PLC-BOO MINISTRY OF FINANCE
	--------------------------- Message Trailer ------------------------	
       {CHK:FFF2DC2265B5}
       PKI Signature: MAC & PAC-Equivalent
