


19/05/14-16:25:08	            RtgsAck-0636-000646 	 1
_______________________________________________________________________________
	---------------------  Instance Type and Transmission --------------	
       Notification (Transmission) of Original sent to SWIFT (ACK)
       Network Delivery Status   : Network Ack 
       Priority/Delivery         : Normal
       Message Input Reference   : 1620 140519NAMENGLAAXXX3289405478
	--------------------------- Message Header -------------------------	
       Swift Input                   : FIN 103 Single Customer Credt Transfer
       Sender   : NAMENGLAXXX 
                  STERLING BANK PLC
                  LAGOS NG
       Receiver : PRDTNGLAXXX
                  SKYE BANK PLC
                  LAGOS NG
       FIN Copy Service : NGR
	--------------------------- Message Text ---------------------------	
        20: Sender's Reference
            SRS1920145261034
       23B: Bank Operation Code
            CRED
       23E: Instruction Code
            SDVA
       26T: Transaction Type Code
            001
       32A: Val Dte/Curr/Interbnk Settld Amt
            Date           : 19 May 2014
            Currency       : NGN (NAIRA)
            Amount         :            #34,016,864.96#
       50K: Ordering Customer-Name & Address
            /0005641658
            MUTUAL BENEFITS HOMES AND PPT
       53A: Sender's Correspondent - FI BIC
            /D/3000025911
            NAMENGLA
            STERLING BANK PLC
            LAGOS  NG
       57A: Account With Institution - FI BIC
            /3000025698
            PRDTNGLA
            SKYE BANK PLC
            LAGOS  NG
        59: Beneficiary Customer-Name & Addr
            /1770882499
            JOHN-DUV ENGINEERING CONSORTIUM
       71A: Details of Charges
            OUR
        72: Sender to Receiver Information
            /CODTYPTR/001
            /BNF/RTGS TO SKYE IFO JOHN-DUV ENGR
            // CONSORTIUM B/O MUTUAL BENEFIT HO
            //MES- PROPERTIES
	--------------------------- Message Trailer ------------------------	
       {CHK:98AEAAED7920}
       PKI Signature: MAC & PAC-Equivalent
