


09/07/14-14:37:08	            RtgsAck-1711-001721 	 1
_______________________________________________________________________________
	---------------------  Instance Type and Transmission --------------	
       Notification (Transmission) of Original sent to SWIFT (ACK)
       Network Delivery Status   : Network Ack 
       Priority/Delivery         : Normal
       Message Input Reference   : 1434 140709NAMENGLAAXXX3297418670
	--------------------------- Message Header -------------------------	
       Swift Input                   : FIN 103 Single Customer Credt Transfer
       Sender   : NAMENGLAXXX 
                  STERLING BANK PLC
                  LAGOS NG
       Receiver : WEMANGLAXXX
                  WEMA BANK PLC
                  LAGOS NG
       FIN Copy Service : NGR
	--------------------------- Message Text ---------------------------	
        20: Sender's Reference
            SRS92014783182
       23B: Bank Operation Code
            CRED
       23E: Instruction Code
            SDVA
       26T: Transaction Type Code
            001
       32A: Val Dte/Curr/Interbnk Settld Amt
            Date           : 09 July 2014
            Currency       : NGN (NAIRA)
            Amount         :            #43,120,000.00#
       50K: Ordering Customer-Name & Address
            /0016640088
            OS/STATE JOINT L.G(SURE-P)ACCT
       53A: Sender's Correspondent - FI BIC
            /D/3000025911
            NAMENGLA
            STERLING BANK PLC
            LAGOS  NG
       57A: Account With Institution - FI BIC
            /3000026499
            WEMANGLA
            WEMA BANK PLC
            LAGOS  NG
        59: Beneficiary Customer-Name & Addr
            /0121784199
            FORUM OF LOCAL GOVT CHAIRMEN
       71A: Details of Charges
            OUR
        72: Sender to Receiver Information
            /CODTYPTR/001
            /BNF/PURCHASE OF ESSENTIAL COMMODIT
            //IES FOR DIST TO ISLAMIC FAITHFULS
            // IN 30LOCAL GOVT AND IFE EAST ARE
            //A OFFICE
	--------------------------- Message Trailer ------------------------	
       {CHK:E4692D495161}
       PKI Signature: MAC & PAC-Equivalent
