


27/05/14-14:17:13	            RtgsAck-0825-000835 	 1
_______________________________________________________________________________
	---------------------  Instance Type and Transmission --------------	
       Notification (Transmission) of Original sent to SWIFT (ACK)
       Network Delivery Status   : Network Ack 
       Priority/Delivery         : Normal
       Message Input Reference   : 1413 140527NAMENGLAAXXX3293408021
	--------------------------- Message Header -------------------------	
       Swift Input                   : FIN 103 Single Customer Credt Transfer
       Sender   : NAMENGLAXXX 
                  STERLING BANK PLC
                  LAGOS NG
       Receiver : PRDTNGLAXXX
                  SKYE BANK PLC
                  LAGOS NG
       FIN Copy Service : NGR
	--------------------------- Message Text ---------------------------	
        20: Sender's Reference
            SRS2720145191362
       23B: Bank Operation Code
            CRED
       23E: Instruction Code
            SDVA
       26T: Transaction Type Code
            001
       32A: Val Dte/Curr/Interbnk Settld Amt
            Date           : 27 May 2014
            Currency       : NGN (NAIRA)
            Amount         :            #17,485,523.72#
       50K: Ordering Customer-Name & Address
            /0008171662
            OGUN STATE HOUSING CORPORATION
       53A: Sender's Correspondent - FI BIC
            /D/3000025911
            NAMENGLA
            STERLING BANK PLC
            LAGOS  NG
       57A: Account With Institution - FI BIC
            /3000025698
            PRDTNGLA
            SKYE BANK PLC
            LAGOS  NG
        59: Beneficiary Customer-Name & Addr
            /1771435256
            NASFO VENTURES
       71A: Details of Charges
            OUR
        72: Sender to Receiver Information
            /CODTYPTR/001
            /BNF/TRSF
	--------------------------- Message Trailer ------------------------	
       {CHK:3F2EBB025B0F}
       PKI Signature: MAC & PAC-Equivalent
