


24/07/14-14:48:09	            RtgsAck-1920-001931 	 1
_______________________________________________________________________________
	---------------------  Instance Type and Transmission --------------	
       Notification (Transmission) of Original sent to SWIFT (ACK)
       Network Delivery Status   : Network Ack 
       Priority/Delivery         : Normal
       Message Input Reference   : 1444 140724NAMENGLAAXXX3299422034
	--------------------------- Message Header -------------------------	
       Swift Input                   : FIN 103 Single Customer Credt Transfer
       Sender   : NAMENGLAXXX 
                  STERLING BANK PLC
                  LAGOS NG
       Receiver : UNAFNGLAXXX
                  UNITED BANK FOR AFRICA PLC
                  LAGOS NG
       FIN Copy Service : NGR
	--------------------------- Message Text ---------------------------	
        20: Sender's Reference
            SRS242014753637
       23B: Bank Operation Code
            CRED
       23E: Instruction Code
            SDVA
       26T: Transaction Type Code
            001
       32A: Val Dte/Curr/Interbnk Settld Amt
            Date           : 24 July 2014
            Currency       : NGN (NAIRA)
            Amount         :           #366,911,042.04#
       50K: Ordering Customer-Name & Address
            /0022845765
            KOGI STATE STATUTORY REV. ACCT
       53A: Sender's Correspondent - FI BIC
            /D/3000025911
            NAMENGLA
            STERLING BANK PLC
            LAGOS  NG
       57A: Account With Institution - FI BIC
            /3000026413
            UNAFNGLA
            UNITED BANK FOR AFRICA PLC
            LAGOS  NG
        59: Beneficiary Customer-Name & Addr
            /1016753089
            KOGI STATE PENSION BOARD
       71A: Details of Charges
            OUR
        72: Sender to Receiver Information
            /CODTYPTR/001
            /BNF/MONTHLY PENSION RELEASE FOR TH
            //E MONTH OF JULY,2014
	--------------------------- Message Trailer ------------------------	
       {CHK:F34E7B575B34}
       PKI Signature: MAC & PAC-Equivalent
