


20/05/14-15:15:09	            RtgsAck-0664-000674 	 1
_______________________________________________________________________________
	---------------------  Instance Type and Transmission --------------	
       Notification (Transmission) of Original sent to SWIFT (ACK)
       Network Delivery Status   : Network Ack 
       Priority/Delivery         : Normal
       Message Input Reference   : 1510 140520NAMENGLAAXXX3291405831
	--------------------------- Message Header -------------------------	
       Swift Input                   : FIN 103 Single Customer Credt Transfer
       Sender   : NAMENGLAXXX 
                  STERLING BANK PLC
                  LAGOS NG
       Receiver : CITINGLAXXX
                  CITIBANK NIGERIA LIMITED
                  LAGOS NG
       FIN Copy Service : NGR
	--------------------------- Message Text ---------------------------	
        20: Sender's Reference
            SRS2020145365052
       23B: Bank Operation Code
            CRED
       23E: Instruction Code
            SDVA
       26T: Transaction Type Code
            001
       32A: Val Dte/Curr/Interbnk Settld Amt
            Date           : 20 May 2014
            Currency       : NGN (NAIRA)
            Amount         :           #620,000,000.00#
       50K: Ordering Customer-Name & Address
            /0014722094
            HALLIBURTON ENERGY SERV.NIG.LT
       53A: Sender's Correspondent - FI BIC
            /D/3000025911
            NAMENGLA
            STERLING BANK PLC
            LAGOS  NG
       57A: Account With Institution - FI BIC
            /3000023924
            CITINGLA
            CITIBANK NIGERIA LIMITED
            LAGOS  NG
        59: Beneficiary Customer-Name & Addr
            /0001042037
            HALLIBURTON ENERGY SERVICES
       71A: Details of Charges
            OUR
        72: Sender to Receiver Information
            /CODTYPTR/001
            /BNF/RTGS OUTFLOWCITIBANKIFOHALLIBU
            //RTON ENERGY SERV NIG LTDB/O HALLI
            //BURTON ENERGY SERV NIG LTDACCT NO
            // 0014722094
	--------------------------- Message Trailer ------------------------	
       {CHK:821731D29829}
       PKI Signature: MAC & PAC-Equivalent
