


11/07/14-13:28:53	            RtgsAck-1717-001727 	 1
_______________________________________________________________________________
	---------------------  Instance Type and Transmission --------------	
       Notification (Transmission) of Original sent to SWIFT (ACK)
       Network Delivery Status   : Network Ack 
       Priority/Delivery         : Normal
       Message Input Reference   : 1326 140711NAMENGLAAXXX3297419257
	--------------------------- Message Header -------------------------	
       Swift Input                   : FIN 103 Single Customer Credt Transfer
       Sender   : NAMENGLAXXX 
                  STERLING BANK PLC
                  LAGOS NG
       Receiver : FBNINGLAXXX
                  FIRST BANK OF NIGERIA PLC
                  LAGOS NG
       FIN Copy Service : NGR
	--------------------------- Message Text ---------------------------	
        20: Sender's Reference
            SRS1120147413321
       23B: Bank Operation Code
            CRED
       23E: Instruction Code
            SDVA
       26T: Transaction Type Code
            001
       32A: Val Dte/Curr/Interbnk Settld Amt
            Date           : 11 July 2014
            Currency       : NGN (NAIRA)
            Amount         :            #47,400,000.00#
       50K: Ordering Customer-Name & Address
            /0008339123
            NEPAL OIL ANDGAS SERVICES LTD
       53A: Sender's Correspondent - FI BIC
            /D/3000025911
            NAMENGLA
            STERLING BANK PLC
            LAGOS  NG
       57A: Account With Institution - FI BIC
            /3000024749
            FBNINGLA
            FIRST BANK OF NIGERIA PLC
            LAGOS  NG
        59: Beneficiary Customer-Name & Addr
            /3078126483
            AFROSEAS OIL  AND AMP GAS LIMITED
       71A: Details of Charges
            OUR
        72: Sender to Receiver Information
            /CODTYPTR/001
            /BNF/RTGS TRF IFO AFROSEAS OIL - GA
            //S BOO NEPAL OIL -GAS SERVICES LTD
            //0
	--------------------------- Message Trailer ------------------------	
       {CHK:4E2BD9376F98}
       PKI Signature: MAC & PAC-Equivalent
