


27/06/14-15:08:15	            RtgsAck-1389-001399 	 1
_______________________________________________________________________________
	---------------------  Instance Type and Transmission --------------	
       Notification (Transmission) of Original sent to SWIFT (ACK)
       Network Delivery Status   : Network Ack 
       Priority/Delivery         : Normal
       Message Input Reference   : 1505 140627NAMENGLAAXXX3297415973
	--------------------------- Message Header -------------------------	
       Swift Input                   : FIN 103 Single Customer Credt Transfer
       Sender   : NAMENGLAXXX 
                  STERLING BANK PLC
                  LAGOS NG
       Receiver : ICITNGLAXXX
                  UNITY BANK PLC
                  LAGOS NG
       FIN Copy Service : NGR
	--------------------------- Message Text ---------------------------	
        20: Sender's Reference
            SRS272014659353
       23B: Bank Operation Code
            CRED
       23E: Instruction Code
            SDVA
       26T: Transaction Type Code
            001
       32A: Val Dte/Curr/Interbnk Settld Amt
            Date           : 27 June 2014
            Currency       : NGN (NAIRA)
            Amount         :           #438,000,000.00#
       50K: Ordering Customer-Name & Address
            /0025481661
            SAMTL
       53A: Sender's Correspondent - FI BIC
            /D/3000025911
            NAMENGLA
            STERLING BANK PLC
            LAGOS  NG
       57A: Account With Institution - FI BIC
            /3000025241
            ICITNGLA
            UNITY BANK PLC
            LAGOS  NG
        59: Beneficiary Customer-Name & Addr
            /0022136343
            RULE GLOBAL SERVICES LIMITED
       71A: Details of Charges
            OUR
        72: Sender to Receiver Information
            /CODTYPTR/001
            /BNF/RTGS TRF BOO RULE GLOBAL SERVI
            //CES LTD IFO RULE GLOBAL SERVICES 
            //LTD
	--------------------------- Message Trailer ------------------------	
       {CHK:9FBC386E45F5}
       PKI Signature: MAC & PAC-Equivalent
	---------------------------- Interventions -------------------------	
       Category      : Network Report
       Creation Time : 27/06/14 15:08:00
       Application   : SWIFT Interface
       Operator      : SYSTEM
       Text
       {1:F21NAMENGLAAXXX3297415973}{4:{177:1406271505}{451:0}}
