


30/05/14-16:25:45	            RtgsAck-0903-000913 	 1
_______________________________________________________________________________
	---------------------  Instance Type and Transmission --------------	
       Notification (Transmission) of Original sent to SWIFT (ACK)
       Network Delivery Status   : Network Ack 
       Priority/Delivery         : Normal
       Message Input Reference   : 1621 140530NAMENGLAAXXX3293409005
	--------------------------- Message Header -------------------------	
       Swift Input                   : FIN 103 Single Customer Credt Transfer
       Sender   : NAMENGLAXXX 
                  STERLING BANK PLC
                  LAGOS NG
       Receiver : FBNINGLAXXX
                  FIRST BANK OF NIGERIA PLC
                  LAGOS NG
       FIN Copy Service : NGR
	--------------------------- Message Text ---------------------------	
        20: Sender's Reference
            SRS3020145463770
       23B: Bank Operation Code
            CRED
       23E: Instruction Code
            SDVA
       26T: Transaction Type Code
            001
       32A: Val Dte/Curr/Interbnk Settld Amt
            Date           : 30 May 2014
            Currency       : NGN (NAIRA)
            Amount         :            #24,516,697.97#
       50K: Ordering Customer-Name & Address
            /0010984672
            CONOIL PLC-CORPORATE BRANCH
       53A: Sender's Correspondent - FI BIC
            /D/3000025911
            NAMENGLA
            STERLING BANK PLC
            LAGOS  NG
       57A: Account With Institution - FI BIC
            /3000024749
            FBNINGLA
            FIRST BANK OF NIGERIA PLC
            LAGOS  NG
        59: Beneficiary Customer-Name & Addr
            /2003521063
            CONOIL STAFF CO-OPERATIVE MULTI-PUR
            POSE SOCIETY LTD.
       71A: Details of Charges
            OUR
        72: Sender to Receiver Information
            /CODTYPTR/001
            /BNF/RTGS TRF TO FBN IFO CONOIL STA
            //FF COOPERATIVE MULTIPURPOSE SOCIE
            //TY BOO CONOIL PLC
	--------------------------- Message Trailer ------------------------	
       {CHK:272033F9698C}
       PKI Signature: MAC & PAC-Equivalent
