


10/06/14-15:09:17	            RtgsAck-1105-001115 	 1
_______________________________________________________________________________
	---------------------  Instance Type and Transmission --------------	
       Notification (Transmission) of Original sent to SWIFT (ACK)
       Network Delivery Status   : Network Ack 
       Priority/Delivery         : Normal
       Message Input Reference   : 1505 140610NAMENGLAAXXX3295411726
	--------------------------- Message Header -------------------------	
       Swift Input                   : FIN 103 Single Customer Credt Transfer
       Sender   : NAMENGLAXXX 
                  STERLING BANK PLC
                  LAGOS NG
       Receiver : ABNGNGLAXXX
                  ACCESS BANK PLC
                  LAGOS NG
       FIN Copy Service : NGR
	--------------------------- Message Text ---------------------------	
        20: Sender's Reference
            SRS1020146155155
       23B: Bank Operation Code
            CRED
       23E: Instruction Code
            SDVA
       26T: Transaction Type Code
            001
       32A: Val Dte/Curr/Interbnk Settld Amt
            Date           : 10 June 2014
            Currency       : NGN (NAIRA)
            Amount         :            #12,700,000.00#
       50K: Ordering Customer-Name & Address
            /0011022896
            SILVERBIRD COMMUNICATIONS LIMI
       53A: Sender's Correspondent - FI BIC
            /D/3000025911
            NAMENGLA
            STERLING BANK PLC
            LAGOS  NG
       57A: Account With Institution - FI BIC
            /3000023539
            ABNGNGLA
            ACCESS BANK PLC
            LAGOS  NG
        59: Beneficiary Customer-Name & Addr
            /0057043766
            SILVERBIRD COMM LTD - LAGOS OPS A/C
       71A: Details of Charges
            OUR
        72: Sender to Receiver Information
            /CODTYPTR/001
            /BNF/RTGS TRF TO ACCESS IFO SILVERB
            //IRD COMMUNICATIONS BOO SILVERBIRD
            // COMMUNICATIONS LTD
	--------------------------- Message Trailer ------------------------	
       {CHK:618A71396516}
       PKI Signature: MAC & PAC-Equivalent
