


10/09/14-10:17:57	            RtgsAck-8465-002764 	 1
_______________________________________________________________________________
	---------------------  Instance Type and Transmission --------------	
       Notification (Transmission) of Original sent to SWIFT (ACK)
       Network Delivery Status   : Network Ack 
       Priority/Delivery         : Normal
       Message Input Reference   : 1015 140910NAMENGLAAXXX3311433022
	--------------------------- Message Header -------------------------	
       Swift Input                   : FIN 103 Single Customer Credt Transfer
       Sender   : NAMENGLAXXX 
                  STERLING BANK PLC
                  LAGOS NG
       Receiver : SPRGNGLAXXX
                  ENTERPRISE BANK LIMITED
                  LAGOS NG
       FIN Copy Service : NGR
	--------------------------- Message Text ---------------------------	
        20: Sender's Reference
            SRS1020149393318
       23B: Bank Operation Code
            CRED
       23E: Instruction Code
            SDVA
       26T: Transaction Type Code
            001
       32A: Val Dte/Curr/Interbnk Settld Amt
            Date           : 10 September 2014
            Currency       : NGN (NAIRA)
            Amount         :            #78,500,000.00#
       50K: Ordering Customer-Name & Address
            /0019846977
            PS MARITIME COMPANY NIG LTD
       53A: Sender's Correspondent - FI BIC
            /D/3000025911
            NAMENGLA
            STERLING BANK PLC
            LAGOS  NG
       57A: Account With Institution - FI BIC
            /3000024945
            SPRGNGLA
            ENTERPRISE BANK LIMITED
            LAGOS  NG
        59: Beneficiary Customer-Name & Addr
            /1200347939
            ONYX CROWN OILS LTD
       71A: Details of Charges
            OUR
        72: Sender to Receiver Information
            /CODTYPTR/001
            /BNF/RTGS TRF IFO ONYX CROWN OILS L
            //TD BOO PS MARITIME COMPANY NIG LT
            //D
	--------------------------- Message Trailer ------------------------	
       {CHK:FD2CC521B4BB}
       PKI Signature: MAC & PAC-Equivalent
