


02/06/14-14:45:27	            RtgsAck-0927-000937 	 1
_______________________________________________________________________________
	---------------------  Instance Type and Transmission --------------	
       Notification (Transmission) of Original sent to SWIFT (ACK)
       Network Delivery Status   : Network Ack 
       Priority/Delivery         : Normal
       Message Input Reference   : 1441 140602NAMENGLAAXXX3294409363
	--------------------------- Message Header -------------------------	
       Swift Input                   : FIN 103 Single Customer Credt Transfer
       Sender   : NAMENGLAXXX 
                  STERLING BANK PLC
                  LAGOS NG
       Receiver : ICITNGLAXXX
                  UNITY BANK PLC
                  LAGOS NG
       FIN Copy Service : NGR
	--------------------------- Message Text ---------------------------	
        20: Sender's Reference
            SRS220146545684
       23B: Bank Operation Code
            CRED
       23E: Instruction Code
            SDVA
       26T: Transaction Type Code
            001
       32A: Val Dte/Curr/Interbnk Settld Amt
            Date           : 02 June 2014
            Currency       : NGN (NAIRA)
            Amount         :           #121,886,846.61#
       50K: Ordering Customer-Name & Address
            /0010049665
            KD.ST.LGC JOINT STATUTORY ACC
       53A: Sender's Correspondent - FI BIC
            /D/3000025911
            NAMENGLA
            STERLING BANK PLC
            LAGOS  NG
       57A: Account With Institution - FI BIC
            /3000025241
            ICITNGLA
            UNITY BANK PLC
            LAGOS  NG
        59: Beneficiary Customer-Name & Addr
            /0000485892
            BUREAU OF LOCAL GOVT PENSIONS
       71A: Details of Charges
            OUR
        72: Sender to Receiver Information
            /CODTYPTR/001
            /BNF/TRF IFO L/GOVT STAFF PENSION B
            //OARD-UNITY BANK-BOO MIN OF FINANC
            //E
	--------------------------- Message Trailer ------------------------	
       {CHK:CE9C9103BC07}
       PKI Signature: MAC & PAC-Equivalent
