


09/06/14-12:27:00	            RtgsAck-1074-001084 	 1
_______________________________________________________________________________
	---------------------  Instance Type and Transmission --------------	
       Notification (Transmission) of Original sent to SWIFT (ACK)
       Network Delivery Status   : Network Ack 
       Priority/Delivery         : Normal
       Message Input Reference   : 1223 140609NAMENGLAAXXX3295411247
	--------------------------- Message Header -------------------------	
       Swift Input                   : FIN 103 Single Customer Credt Transfer
       Sender   : NAMENGLAXXX 
                  STERLING BANK PLC
                  LAGOS NG
       Receiver : SCBLNGLAXXX
                  STANDARD CHARTERED BANK NIGERIA LIMITED
                  LAGOS NG
       FIN Copy Service : NGR
	--------------------------- Message Text ---------------------------	
        20: Sender's Reference
            SRS9201464475
       23B: Bank Operation Code
            CRED
       23E: Instruction Code
            SDVA
       26T: Transaction Type Code
            001
       32A: Val Dte/Curr/Interbnk Settld Amt
            Date           : 09 June 2014
            Currency       : NGN (NAIRA)
            Amount         :            #70,000,000.00#
       50K: Ordering Customer-Name & Address
            /0001332723
            ELIZADE NIGERIA LIMITED
       53A: Sender's Correspondent - FI BIC
            /D/3000025911
            NAMENGLA
            STERLING BANK PLC
            LAGOS  NG
       57A: Account With Institution - FI BIC
            /3000026248
            SCBLNGLA
            STANDARD CHARTERED BANK NIGERIA LIMITED
            LAGOS  NG
        59: Beneficiary Customer-Name & Addr
            /0000042604
            TOYOTA NIGERIA LIMITED
       71A: Details of Charges
            OUR
        72: Sender to Receiver Information
            /CODTYPTR/001
            /BNF/RTGS TO SCB IFO TOYOTA NIG LTD
            // B/O ELIZADE NIG LTD
	--------------------------- Message Trailer ------------------------	
       {CHK:49000C7E3EB3}
       PKI Signature: MAC & PAC-Equivalent
