


21/05/14-14:31:51	            RtgsAck-0693-000703 	 1
_______________________________________________________________________________
	---------------------  Instance Type and Transmission --------------	
       Notification (Transmission) of Original sent to SWIFT (ACK)
       Network Delivery Status   : Network Ack 
       Priority/Delivery         : Normal
       Message Input Reference   : 1427 140521NAMENGLAAXXX3292406442
	--------------------------- Message Header -------------------------	
       Swift Input                   : FIN 103 Single Customer Credt Transfer
       Sender   : NAMENGLAXXX 
                  STERLING BANK PLC
                  LAGOS NG
       Receiver : FBNINGLAXXX
                  FIRST BANK OF NIGERIA PLC
                  LAGOS NG
       FIN Copy Service : NGR
	--------------------------- Message Text ---------------------------	
        20: Sender's Reference
            SRS212014552737
       23B: Bank Operation Code
            CRED
       23E: Instruction Code
            SDVA
       26T: Transaction Type Code
            001
       32A: Val Dte/Curr/Interbnk Settld Amt
            Date           : 21 May 2014
            Currency       : NGN (NAIRA)
            Amount         :            #24,000,000.00#
       50K: Ordering Customer-Name & Address
            /0018667281
            IGBANFIK LIMITED
       53A: Sender's Correspondent - FI BIC
            /D/3000025911
            NAMENGLA
            STERLING BANK PLC
            LAGOS  NG
       57A: Account With Institution - FI BIC
            /3000024749
            FBNINGLA
            FIRST BANK OF NIGERIA PLC
            LAGOS  NG
        59: Beneficiary Customer-Name & Addr
            /2022692801
            IGBANFIK LIMITED
       71A: Details of Charges
            OUR
        72: Sender to Receiver Information
            /CODTYPTR/001
            /BNF/TRF: FIRST BANK OF NIGERIA  IF
            //O: IGBANFIK LTD (2022692801) BO :
            // IGBANFIK  LIMITED -STERLING BANK
            // (0018667281)
	--------------------------- Message Trailer ------------------------	
       {CHK:E1089D80D7F8}
       PKI Signature: MAC & PAC-Equivalent
