


01/07/14-13:59:50	            RtgsAck-1457-001467 	 1
_______________________________________________________________________________
	---------------------  Instance Type and Transmission --------------	
       Notification (Transmission) of Original sent to SWIFT (ACK)
       Network Delivery Status   : Network Ack 
       Priority/Delivery         : Normal
       Message Input Reference   : 1356 140701NAMENGLAAXXX3297416568
	--------------------------- Message Header -------------------------	
       Swift Input                   : FIN 103 Single Customer Credt Transfer
       Sender   : NAMENGLAXXX 
                  STERLING BANK PLC
                  LAGOS NG
       Receiver : ICITNGLAXXX
                  UNITY BANK PLC
                  LAGOS NG
       FIN Copy Service : NGR
	--------------------------- Message Text ---------------------------	
        20: Sender's Reference
            SRS120147161016
       23B: Bank Operation Code
            CRED
       23E: Instruction Code
            SDVA
       26T: Transaction Type Code
            001
       32A: Val Dte/Curr/Interbnk Settld Amt
            Date           : 01 July 2014
            Currency       : NGN (NAIRA)
            Amount         :            #56,263,485.55#
       50K: Ordering Customer-Name & Address
            /0010049665
            KD.ST.LGC JOINT STATUTORY ACC
       53A: Sender's Correspondent - FI BIC
            /D/3000025911
            NAMENGLA
            STERLING BANK PLC
            LAGOS  NG
       57A: Account With Institution - FI BIC
            /3000025241
            ICITNGLA
            UNITY BANK PLC
            LAGOS  NG
        59: Beneficiary Customer-Name & Addr
            /0006661276
            JEMAA LOCAL GOVT. KAFANCHAN
       71A: Details of Charges
            OUR
        72: Sender to Receiver Information
            /CODTYPTR/001
            /BNF/TRF IFO JEMA L/GOVT-UNITY BANK
            // PLC
	--------------------------- Message Trailer ------------------------	
       {CHK:A095690800C2}
       PKI Signature: MAC & PAC-Equivalent
