


07/07/14-14:09:21	            RtgsAck-1631-001641 	 1
_______________________________________________________________________________
	---------------------  Instance Type and Transmission --------------	
       Notification (Transmission) of Original sent to SWIFT (ACK)
       Network Delivery Status   : Network Ack 
       Priority/Delivery         : Normal
       Message Input Reference   : 1406 140707NAMENGLAAXXX3297417868
	--------------------------- Message Header -------------------------	
       Swift Input                   : FIN 103 Single Customer Credt Transfer
       Sender   : NAMENGLAXXX 
                  STERLING BANK PLC
                  LAGOS NG
       Receiver : ZEIBNGLAXXX
                  ZENITH BANK PLC
                  LAGOS NG
       FIN Copy Service : NGR
	--------------------------- Message Text ---------------------------	
        20: Sender's Reference
            SRS720147473332
       23B: Bank Operation Code
            CRED
       23E: Instruction Code
            SDVA
       26T: Transaction Type Code
            001
       32A: Val Dte/Curr/Interbnk Settld Amt
            Date           : 07 July 2014
            Currency       : NGN (NAIRA)
            Amount         :            #86,250,900.00#
       50K: Ordering Customer-Name & Address
            /0010176118
            DEFTE PRINTERS LIMITED
       53A: Sender's Correspondent - FI BIC
            /D/3000025911
            NAMENGLA
            STERLING BANK PLC
            LAGOS  NG
       57A: Account With Institution - FI BIC
            /3000026523
            ZEIBNGLA
            ZENITH BANK PLC
            LAGOS  NG
        59: Beneficiary Customer-Name & Addr
            /1011701326
            DETAILS 2 DOT DEVELOPMENT NIGERIA L
            TD
       71A: Details of Charges
            OUR
        72: Sender to Receiver Information
            /CODTYPTR/001
            /BNF/TRF TO ZENITH BANK IFO DETAILS
            // 2 DOT DEV NIG LTD(1011701326) BO
            // DEFTE PRINTERS LTD (0010176118)
	--------------------------- Message Trailer ------------------------	
       {CHK:7EC476B8985F}
       PKI Signature: MAC & PAC-Equivalent
