


16/05/14-13:32:05	            RtgsAck-0613-000623 	 1
_______________________________________________________________________________
	---------------------  Instance Type and Transmission --------------	
       Notification (Transmission) of Original sent to SWIFT (ACK)
       Network Delivery Status   : Network Ack 
       Priority/Delivery         : Normal
       Message Input Reference   : 1347 140516NAMENGLAAXXX3286404951
	--------------------------- Message Header -------------------------	
       Swift Input                   : FIN 103 Single Customer Credt Transfer
       Sender   : NAMENGLAXXX 
                  STERLING BANK PLC
                  LAGOS NG
       Receiver : GTBINGLAXXX
                  GUARANTY TRUST BANK PLC
                  LAGOS NG
       FIN Copy Service : NGR
	--------------------------- Message Text ---------------------------	
        20: Sender's Reference
            SRS1620145215465
       23B: Bank Operation Code
            CRED
       23E: Instruction Code
            SDVA
       26T: Transaction Type Code
            001
       32A: Val Dte/Curr/Interbnk Settld Amt
            Date           : 16 May 2014
            Currency       : NGN (NAIRA)
            Amount         :           #190,000,000.00#
       50K: Ordering Customer-Name & Address
            /0011128482
            KEWALRAM NIGERIA LIMITED
       53A: Sender's Correspondent - FI BIC
            /D/3000025911
            NAMENGLA
            STERLING BANK PLC
            LAGOS  NG
       57A: Account With Institution - FI BIC
            /3000024921
            GTBINGLA
            GUARANTY TRUST BANK PLC
            LAGOS  NG
        59: Beneficiary Customer-Name & Addr
            /0004430428
            KEWALRAM NIGERIA LIMITED
       71A: Details of Charges
            OUR
        72: Sender to Receiver Information
            /CODTYPTR/001
            /BNF/TRSF IFO KEWALRAM NIGERIA LIMI
            //TED/GTB BOO KEWALRAM NIGERIA LIMI
            //TED
	--------------------------- Message Trailer ------------------------	
       {CHK:F02B21218A18}
       PKI Signature: MAC & PAC-Equivalent
	---------------------------- Interventions -------------------------	
       Category      : Network Report
       Creation Time : 16/05/14 13:31:51
       Application   : SWIFT Interface
       Operator      : SYSTEM
       Text
       {1:F21NAMENGLAAXXX3286404951}{4:{177:1405161347}{451:0}}
