


19/06/14-10:59:16	            RtgsAck-1243-001253 	 1
_______________________________________________________________________________
	---------------------  Instance Type and Transmission --------------	
       Notification (Transmission) of Original sent to SWIFT (ACK)
       Network Delivery Status   : Network Ack 
       Priority/Delivery         : Normal
       Message Input Reference   : 1055 140619NAMENGLAAXXX3296413953
	--------------------------- Message Header -------------------------	
       Swift Input                   : FIN 103 Single Customer Credt Transfer
       Sender   : NAMENGLAXXX 
                  STERLING BANK PLC
                  LAGOS NG
       Receiver : ZEIBNGLAXXX
                  ZENITH BANK PLC
                  LAGOS NG
       FIN Copy Service : NGR
	--------------------------- Message Text ---------------------------	
        20: Sender's Reference
            SRS1920146532743
       23B: Bank Operation Code
            CRED
       23E: Instruction Code
            SDVA
       26T: Transaction Type Code
            001
       32A: Val Dte/Curr/Interbnk Settld Amt
            Date           : 19 June 2014
            Currency       : NGN (NAIRA)
            Amount         :            #90,000,000.00#
       50K: Ordering Customer-Name & Address
            /0008672932
            OSMOSERVE GLOBAL LTD
       53A: Sender's Correspondent - FI BIC
            /D/3000025911
            NAMENGLA
            STERLING BANK PLC
            LAGOS  NG
       57A: Account With Institution - FI BIC
            /3000026523
            ZEIBNGLA
            ZENITH BANK PLC
            LAGOS  NG
        59: Beneficiary Customer-Name & Addr
            /1011655168
            DONPARKER GENERAL ENTERPRISES LIMIT
            ED
       71A: Details of Charges
            OUR
        72: Sender to Receiver Information
            /CODTYPTR/001
            /BNF/RTGS IFO DON PARKER GEN ENT LT
            //D BO OSMOSERVE GLOBAL LIMITED
	--------------------------- Message Trailer ------------------------	
       {CHK:7434F2601979}
       PKI Signature: MAC & PAC-Equivalent
