


18/07/14-14:12:58	            RtgsAck-1825-001835 	 1
_______________________________________________________________________________
	---------------------  Instance Type and Transmission --------------	
       Notification (Transmission) of Original sent to SWIFT (ACK)
       Network Delivery Status   : Network Ack 
       Priority/Delivery         : Normal
       Message Input Reference   : 1409 140718NAMENGLAAXXX3298420845
	--------------------------- Message Header -------------------------	
       Swift Input                   : FIN 103 Single Customer Credt Transfer
       Sender   : NAMENGLAXXX 
                  STERLING BANK PLC
                  LAGOS NG
       Receiver : ABNGNGLAXXX
                  ACCESS BANK PLC
                  LAGOS NG
       FIN Copy Service : NGR
	--------------------------- Message Text ---------------------------	
        20: Sender's Reference
            SRS1820147114947
       23B: Bank Operation Code
            CRED
       23E: Instruction Code
            SDVA
       26T: Transaction Type Code
            001
       32A: Val Dte/Curr/Interbnk Settld Amt
            Date           : 18 July 2014
            Currency       : NGN (NAIRA)
            Amount         :           #250,000,000.00#
       50K: Ordering Customer-Name & Address
            /0009246790
            CARDINALSTONE PART LTD
       53A: Sender's Correspondent - FI BIC
            /D/3000025911
            NAMENGLA
            STERLING BANK PLC
            LAGOS  NG
       57A: Account With Institution - FI BIC
            /3000023539
            ABNGNGLA
            ACCESS BANK PLC
            LAGOS  NG
        59: Beneficiary Customer-Name & Addr
            /0057595746
            CARDINALSTONE PARTNERS LIMITED
       71A: Details of Charges
            OUR
        72: Sender to Receiver Information
            /CODTYPTR/001
            /BNF/TRFR TO ACCESS BNK CARDINALSTO
            //NE PARTNERS LTD BO CARDINALSTONE 
            //PART LTD (0057595746)
	--------------------------- Message Trailer ------------------------	
       {CHK:52E00221FF08}
       PKI Signature: MAC & PAC-Equivalent
