


26/08/14-13:30:46	            RtgsAck-8200-002499 	 1
_______________________________________________________________________________
	---------------------  Instance Type and Transmission --------------	
       Notification (Transmission) of Original sent to SWIFT (ACK)
       Network Delivery Status   : Network Ack 
       Priority/Delivery         : Normal
       Message Input Reference   : 1327 140826NAMENGLAAXXX3309429309
	--------------------------- Message Header -------------------------	
       Swift Input                   : FIN 103 Single Customer Credt Transfer
       Sender   : NAMENGLAXXX 
                  STERLING BANK PLC
                  LAGOS NG
       Receiver : GTBINGLAXXX
                  GUARANTY TRUST BANK PLC
                  LAGOS NG
       FIN Copy Service : NGR
	--------------------------- Message Text ---------------------------	
        20: Sender's Reference
            SRS2620148341349
       23B: Bank Operation Code
            CRED
       23E: Instruction Code
            SDVA
       26T: Transaction Type Code
            001
       32A: Val Dte/Curr/Interbnk Settld Amt
            Date           : 26 August 2014
            Currency       : NGN (NAIRA)
            Amount         :            #14,553,915.00#
       50K: Ordering Customer-Name & Address
            /0017356236
            D/STATE DIRECT LABOUR AGEN.O/H
       53A: Sender's Correspondent - FI BIC
            /D/3000025911
            NAMENGLA
            STERLING BANK PLC
            LAGOS  NG
       57A: Account With Institution - FI BIC
            /3000024921
            GTBINGLA
            GUARANTY TRUST BANK PLC
            LAGOS  NG
        59: Beneficiary Customer-Name & Addr
            /0031351653
            IGBINI, EMMANUEL O.
       71A: Details of Charges
            OUR
        72: Sender to Receiver Information
            /CODTYPTR/001
            /BNF/RTGS TRF BOO D/STATE DIRECT LA
            //BOUR AGENCY IFO MR IGBINI EMMANUE
            //L
	--------------------------- Message Trailer ------------------------	
       {CHK:3C0D2EA67A02}
       PKI Signature: MAC & PAC-Equivalent
