


09/06/14-12:19:11	            RtgsAck-1071-001081 	 1
_______________________________________________________________________________
	---------------------  Instance Type and Transmission --------------	
       Notification (Transmission) of Original sent to SWIFT (ACK)
       Network Delivery Status   : Network Ack 
       Priority/Delivery         : Normal
       Message Input Reference   : 1215 140609NAMENGLAAXXX3295411240
	--------------------------- Message Header -------------------------	
       Swift Input                   : FIN 103 Single Customer Credt Transfer
       Sender   : NAMENGLAXXX 
                  STERLING BANK PLC
                  LAGOS NG
       Receiver : UNAFNGLAXXX
                  UNITED BANK FOR AFRICA PLC
                  LAGOS NG
       FIN Copy Service : NGR
	--------------------------- Message Text ---------------------------	
        20: Sender's Reference
            SRS920146554746
       23B: Bank Operation Code
            CRED
       23E: Instruction Code
            SDVA
       26T: Transaction Type Code
            001
       32A: Val Dte/Curr/Interbnk Settld Amt
            Date           : 09 June 2014
            Currency       : NGN (NAIRA)
            Amount         :            #19,308,688.40#
       50K: Ordering Customer-Name & Address
            /0022845765
            KOGI STATE STATUTORY REV. ACCT
       53A: Sender's Correspondent - FI BIC
            /D/3000025911
            NAMENGLA
            STERLING BANK PLC
            LAGOS  NG
       57A: Account With Institution - FI BIC
            /3000026413
            UNAFNGLA
            UNITED BANK FOR AFRICA PLC
            LAGOS  NG
        59: Beneficiary Customer-Name & Addr
            /1002967391
            MINISTRY OF AGRIC AND NATURAL RESOU
            RCES LOKOJA
       71A: Details of Charges
            OUR
        72: Sender to Receiver Information
            /CODTYPTR/001
            /BNF/PAYMENT OF OUTSTANDING BALANCE
            // AND FREIGHT CHARGES FOR SHANDONG
            // FAUXING COLOR PRINTING PACKAGING
            // CO LTD
	--------------------------- Message Trailer ------------------------	
       {CHK:6EC31635B82E}
       PKI Signature: MAC & PAC-Equivalent
