


03/09/14-15:44:45	            RtgsAck-8377-002676 	 1
_______________________________________________________________________________
	---------------------  Instance Type and Transmission --------------	
       Notification (Transmission) of Original sent to SWIFT (ACK)
       Network Delivery Status   : Network Ack 
       Priority/Delivery         : Normal
       Message Input Reference   : 1542 140903NAMENGLAAXXX3310431344
	--------------------------- Message Header -------------------------	
       Swift Input                   : FIN 103 Single Customer Credt Transfer
       Sender   : NAMENGLAXXX 
                  STERLING BANK PLC
                  LAGOS NG
       Receiver : ZEIBNGLAXXX
                  ZENITH BANK PLC
                  LAGOS NG
       FIN Copy Service : NGR
	--------------------------- Message Text ---------------------------	
        20: Sender's Reference
            SRS320149373514
       23B: Bank Operation Code
            CRED
       23E: Instruction Code
            SDVA
       26T: Transaction Type Code
            001
       32A: Val Dte/Curr/Interbnk Settld Amt
            Date           : 03 September 2014
            Currency       : NGN (NAIRA)
            Amount         :            #10,540,000.00#
       50K: Ordering Customer-Name & Address
            /0024643013
            EWOMA-ENO NIGERIA ENTERPRISES
       53A: Sender's Correspondent - FI BIC
            /D/3000025911
            NAMENGLA
            STERLING BANK PLC
            LAGOS  NG
       57A: Account With Institution - FI BIC
            /3000026523
            ZEIBNGLA
            ZENITH BANK PLC
            LAGOS  NG
        59: Beneficiary Customer-Name & Addr
            /2008031961
            GODSPOWER ELOHO OGWAH
       71A: Details of Charges
            OUR
        72: Sender to Receiver Information
            /CODTYPTR/001
            /BNF/RTGTS TRF BOO EWOMA-ENO IFO OG
            //WAH ELOHO GODSPOWER
	--------------------------- Message Trailer ------------------------	
       {CHK:31BE1A8E11AC}
       PKI Signature: MAC & PAC-Equivalent
