


12/08/14-11:07:24	            RtgsAck-7953-002252 	 1
_______________________________________________________________________________
	---------------------  Instance Type and Transmission --------------	
       Notification (Transmission) of Original sent to SWIFT (ACK)
       Network Delivery Status   : Network Ack 
       Priority/Delivery         : Normal
       Message Input Reference   : 1104 140812NAMENGLAAXXX3306425842
	--------------------------- Message Header -------------------------	
       Swift Input                   : FIN 103 Single Customer Credt Transfer
       Sender   : NAMENGLAXXX 
                  STERLING BANK PLC
                  LAGOS NG
       Receiver : FCMBNGLAXXX
                  FIRST CITY MONUMENT BANK
                  LAGOS NG
       FIN Copy Service : NGR
	--------------------------- Message Text ---------------------------	
        20: Sender's Reference
            SRS1220148532643
       23B: Bank Operation Code
            CRED
       23E: Instruction Code
            SDVA
       26T: Transaction Type Code
            001
       32A: Val Dte/Curr/Interbnk Settld Amt
            Date           : 12 August 2014
            Currency       : NGN (NAIRA)
            Amount         :            #63,906,722.13#
       50K: Ordering Customer-Name & Address
            /0027079868
            BYSG SALARY
       53A: Sender's Correspondent - FI BIC
            /D/3000025911
            NAMENGLA
            STERLING BANK PLC
            LAGOS  NG
       57A: Account With Institution - FI BIC
            /3000024763
            FCMBNGLA
            FIRST CITY MONUMENT BANK
            LAGOS  NG
        59: Beneficiary Customer-Name & Addr
            /0238850014
            CREDIT DIRECT LIMITED
       71A: Details of Charges
            OUR
        72: Sender to Receiver Information
            /CODTYPTR/001
            /BNF/CREDIT DIRECT LTD/FCMB/JULY DE
            //DUCTION
	--------------------------- Message Trailer ------------------------	
       {CHK:686DF7A0F78D}
       PKI Signature: MAC & PAC-Equivalent
