


05/06/14-14:15:01	            RtgsAck-0996-001006 	 1
_______________________________________________________________________________
	---------------------  Instance Type and Transmission --------------	
       Notification (Transmission) of Original sent to SWIFT (ACK)
       Network Delivery Status   : Network Ack 
       Priority/Delivery         : Normal
       Message Input Reference   : 1411 140605NAMENGLAAXXX3295410447
	--------------------------- Message Header -------------------------	
       Swift Input                   : FIN 103 Single Customer Credt Transfer
       Sender   : NAMENGLAXXX 
                  STERLING BANK PLC
                  LAGOS NG
       Receiver : ZEIBNGLAXXX
                  ZENITH BANK PLC
                  LAGOS NG
       FIN Copy Service : NGR
	--------------------------- Message Text ---------------------------	
        20: Sender's Reference
            SRS52014681782
       23B: Bank Operation Code
            CRED
       23E: Instruction Code
            SDVA
       26T: Transaction Type Code
            001
       32A: Val Dte/Curr/Interbnk Settld Amt
            Date           : 05 June 2014
            Currency       : NGN (NAIRA)
            Amount         :            #52,328,808.11#
       50K: Ordering Customer-Name & Address
            /0001229083
            ALPHA-BETA CONS.LTD (MAIN A/)
       53A: Sender's Correspondent - FI BIC
            /D/3000025911
            NAMENGLA
            STERLING BANK PLC
            LAGOS  NG
       57A: Account With Institution - FI BIC
            /3000026523
            ZEIBNGLA
            ZENITH BANK PLC
            LAGOS  NG
        59: Beneficiary Customer-Name & Addr
            /1010925059
            ZPC/TRUSTFUND PENSION CONT A/C
       71A: Details of Charges
            OUR
        72: Sender to Receiver Information
            /CODTYPTR/001
            /BNF/TRF TO ZPC/TRUST FUND PENSIONS
            // PLC B/O ALPHA-BETA CONS.LTD
	--------------------------- Message Trailer ------------------------	
       {CHK:F70E2B4BB779}
       PKI Signature: MAC & PAC-Equivalent
