


30/06/14-12:55:44	            RtgsAck-1403-001413 	 1
_______________________________________________________________________________
	---------------------  Instance Type and Transmission --------------	
       Notification (Transmission) of Original sent to SWIFT (ACK)
       Network Delivery Status   : Network Ack 
       Priority/Delivery         : Normal
       Message Input Reference   : 1252 140630NAMENGLAAXXX3297416233
	--------------------------- Message Header -------------------------	
       Swift Input                   : FIN 103 Single Customer Credt Transfer
       Sender   : NAMENGLAXXX 
                  STERLING BANK PLC
                  LAGOS NG
       Receiver : UBNINGLAXXX
                  UNION BANK OF NIGERIA PLC
                  LAGOS NG
       FIN Copy Service : NGR
	--------------------------- Message Text ---------------------------	
        20: Sender's Reference
            SRS302014640359
       23B: Bank Operation Code
            CRED
       23E: Instruction Code
            SDVA
       26T: Transaction Type Code
            001
       32A: Val Dte/Curr/Interbnk Settld Amt
            Date           : 30 June 2014
            Currency       : NGN (NAIRA)
            Amount         :            #21,322,453.73#
       50K: Ordering Customer-Name & Address
            /0000779165
            MAXIFUND INVEST AND SEC.LTD CL.
       53A: Sender's Correspondent - FI BIC
            /D/3000025911
            NAMENGLA
            STERLING BANK PLC
            LAGOS  NG
       57A: Account With Institution - FI BIC
            /3000026389
            UBNINGLA
            UNION BANK OF NIGERIA PLC
            LAGOS  NG
        59: Beneficiary Customer-Name & Addr
            /0001627111
            AKWUKWUEGBA A E
       71A: Details of Charges
            OUR
        72: Sender to Receiver Information
            /CODTYPTR/001
            /BNF/TRFR TO UNION BNK AKWUKWAEGU E
            //VARIST ANYAMELE BO MAXIFUND INVES
            //T - SEC.LTD (0001627111)
	--------------------------- Message Trailer ------------------------	
       {CHK:7DCE904E8A75}
       PKI Signature: MAC & PAC-Equivalent
