


17/07/14-14:34:16	            RtgsAck-1813-001823 	 1
_______________________________________________________________________________
	---------------------  Instance Type and Transmission --------------	
       Notification (Transmission) of Original sent to SWIFT (ACK)
       Network Delivery Status   : Network Ack 
       Priority/Delivery         : Normal
       Message Input Reference   : 1430 140717NAMENGLAAXXX3298420547
	--------------------------- Message Header -------------------------	
       Swift Input                   : FIN 103 Single Customer Credt Transfer
       Sender   : NAMENGLAXXX 
                  STERLING BANK PLC
                  LAGOS NG
       Receiver : GTBINGLAXXX
                  GUARANTY TRUST BANK PLC
                  LAGOS NG
       FIN Copy Service : NGR
	--------------------------- Message Text ---------------------------	
        20: Sender's Reference
            SRS1720147292180
       23B: Bank Operation Code
            CRED
       23E: Instruction Code
            SDVA
       26T: Transaction Type Code
            001
       32A: Val Dte/Curr/Interbnk Settld Amt
            Date           : 17 July 2014
            Currency       : NGN (NAIRA)
            Amount         :            #16,000,000.00#
       50K: Ordering Customer-Name & Address
            /0025389451
            SUBEB SCHEME
       53A: Sender's Correspondent - FI BIC
            /D/3000025911
            NAMENGLA
            STERLING BANK PLC
            LAGOS  NG
       57A: Account With Institution - FI BIC
            /3000024921
            GTBINGLA
            GUARANTY TRUST BANK PLC
            LAGOS  NG
        59: Beneficiary Customer-Name & Addr
            /0044524602
            IBRAHIM, MUHAMMAD DANFULANI
       71A: Details of Charges
            OUR
        72: Sender to Receiver Information
            /CODTYPTR/001
            /BNF/TRASNFER TO IBRAHIM MUHAMMAD D
            //ANFULANI FOR ADVICE-PROJECT INSPE
            //CTION
	--------------------------- Message Trailer ------------------------	
       {CHK:495C2B45012E}
       PKI Signature: MAC & PAC-Equivalent
