


03/04/14-14:30:47	            RtgsAck-0020-000021 	 1
_______________________________________________________________________________
	---------------------  Instance Type and Transmission --------------	
       Notification (Transmission) of Original sent to SWIFT (ACK)
       Network Delivery Status   : Network Ack 
       Priority/Delivery         : Normal
       Message Input Reference   : 1445 140403NAMENGLAAXXX3271394044
	--------------------------- Message Header -------------------------	
       Swift Input                   : FIN 103 Single Customer Credt Transfer
       Sender   : NAMENGLAXXX 
                  STERLING BANK PLC
                  LAGOS NG
       Receiver : HBCLNGLAXXX
                  Heritage Banking Company Limited 
                   NG
       FIN Copy Service : NGR
	--------------------------- Message Text ---------------------------	
        20: Sender's Reference
            SRS320144502877
       23B: Bank Operation Code
            CRED
       23E: Instruction Code
            SDVA
       26T: Transaction Type Code
            001
       32A: Val Dte/Curr/Interbnk Settld Amt
            Date           : 03 April 2014
            Currency       : NGN (NAIRA)
            Amount         :            #20,000,000.00#
       50K: Ordering Customer-Name & Address
            /0022134887
            SINDABA GLOBAL TECH NIG. LTD
       53A: Sender's Correspondent - FI BIC
            /D/3000025911
            NAMENGLA
            STERLING BANK PLC
            LAGOS  NG
       57A: Account With Institution - FI BIC
            /3000026066
            HBCLNGLA
            Heritage Banking Company Limited 
              NG
        59: Beneficiary Customer-Name & Addr
            /5100037557
            TRIPPLE NINE BDCLTD
       71A: Details of Charges
            OUR
        72: Sender to Receiver Information
            /CODTYPTR/001
            /BNF/TRF TO HERITAGE BANK IFO TRIPL
            //E NINE BDC (5100037557) BO SINDAB
            //A GLOBAL TECH LTD (0022134887)
	--------------------------- Message Trailer ------------------------	
       {CHK:BB5F3C604BC3}
       PKI Signature: MAC & PAC-Equivalent
	---------------------------- Interventions -------------------------	
       Category      : Network Report
       Creation Time : 03/04/14 14:30:33
       Application   : SWIFT Interface
       Operator      : SYSTEM
       Text
       {1:F21NAMENGLAAXXX3271394044}{4:{177:1404031445}{451:0}}
