


21/08/14-10:39:35	            RtgsAck-8139-002438 	 1
_______________________________________________________________________________
	---------------------  Instance Type and Transmission --------------	
       Notification (Transmission) of Original sent to SWIFT (ACK)
       Network Delivery Status   : Network Ack 
       Priority/Delivery         : Normal
       Message Input Reference   : 1036 140821NAMENGLAAXXX3308428414
	--------------------------- Message Header -------------------------	
       Swift Input                   : FIN 103 Single Customer Credt Transfer
       Sender   : NAMENGLAXXX 
                  STERLING BANK PLC
                  LAGOS NG
       Receiver : PRDTNGLAXXX
                  SKYE BANK PLC
                  LAGOS NG
       FIN Copy Service : NGR
	--------------------------- Message Text ---------------------------	
        20: Sender's Reference
            SRS2120148241331
       23B: Bank Operation Code
            CRED
       23E: Instruction Code
            SDVA
       26T: Transaction Type Code
            001
       32A: Val Dte/Curr/Interbnk Settld Amt
            Date           : 21 August 2014
            Currency       : NGN (NAIRA)
            Amount         :           #136,000,000.00#
       50K: Ordering Customer-Name & Address
            /0002462267
            STERLING REGISTRARS LIMITED
       53A: Sender's Correspondent - FI BIC
            /D/3000025911
            NAMENGLA
            STERLING BANK PLC
            LAGOS  NG
       57A: Account With Institution - FI BIC
            /3000025698
            PRDTNGLA
            SKYE BANK PLC
            LAGOS  NG
        59: Beneficiary Customer-Name & Addr
            /1771351912
            SKYE TRUSTEES/SFS FIXED INCOME FUND
       71A: Details of Charges
            OUR
        72: Sender to Receiver Information
            /CODTYPTR/001
            /BNF/RTGS TRF IFO SKYE TRUSTEES/SFS
            // FIXED INCOME FUND BOO STERLING R
            //EGISTRARS LIMITED
	--------------------------- Message Trailer ------------------------	
       {CHK:15A7D369705D}
       PKI Signature: MAC & PAC-Equivalent
