


01/08/14-15:03:58	            RtgsAck-2082-002093 	 1
_______________________________________________________________________________
	---------------------  Instance Type and Transmission --------------	
       Notification (Transmission) of Original sent to SWIFT (ACK)
       Network Delivery Status   : Network Ack 
       Priority/Delivery         : Normal
       Message Input Reference   : 1500 140801NAMENGLAAXXX3300423497
	--------------------------- Message Header -------------------------	
       Swift Input                   : FIN 103 Single Customer Credt Transfer
       Sender   : NAMENGLAXXX 
                  STERLING BANK PLC
                  LAGOS NG
       Receiver : FBNINGLAXXX
                  FIRST BANK OF NIGERIA PLC
                  LAGOS NG
       FIN Copy Service : NGR
	--------------------------- Message Text ---------------------------	
        20: Sender's Reference
            SRS120148435125
       23B: Bank Operation Code
            CRED
       23E: Instruction Code
            SDVA
       26T: Transaction Type Code
            001
       32A: Val Dte/Curr/Interbnk Settld Amt
            Date           : 01 August 2014
            Currency       : NGN (NAIRA)
            Amount         :            #30,000,000.00#
       50K: Ordering Customer-Name & Address
            /0009036151
            BOWEN UNIVERSITY SCH.FEES A/C.
       53A: Sender's Correspondent - FI BIC
            /D/3000025911
            NAMENGLA
            STERLING BANK PLC
            LAGOS  NG
       57A: Account With Institution - FI BIC
            /3000024749
            FBNINGLA
            FIRST BANK OF NIGERIA PLC
            LAGOS  NG
        59: Beneficiary Customer-Name & Addr
            /2005042939
            BOWEN UNIVERSITY
       71A: Details of Charges
            OUR
        72: Sender to Receiver Information
            /CODTYPTR/001
            /BNF/BNG RTGS TRANSFER IFO BOWEN UN
            //IVERSITY IWO
	--------------------------- Message Trailer ------------------------	
       {CHK:4324CE3CDA81}
       PKI Signature: MAC & PAC-Equivalent
