


19/05/14-14:12:52	            RtgsAck-0625-000635 	 1
_______________________________________________________________________________
	---------------------  Instance Type and Transmission --------------	
       Notification (Transmission) of Original sent to SWIFT (ACK)
       Network Delivery Status   : Network Ack 
       Priority/Delivery         : Normal
       Message Input Reference   : 1408 140519NAMENGLAAXXX3289405304
	--------------------------- Message Header -------------------------	
       Swift Input                   : FIN 103 Single Customer Credt Transfer
       Sender   : NAMENGLAXXX 
                  STERLING BANK PLC
                  LAGOS NG
       Receiver : FBNINGLAXXX
                  FIRST BANK OF NIGERIA PLC
                  LAGOS NG
       FIN Copy Service : NGR
	--------------------------- Message Text ---------------------------	
        20: Sender's Reference
            SRS192014554384
       23B: Bank Operation Code
            CRED
       23E: Instruction Code
            SDVA
       26T: Transaction Type Code
            001
       32A: Val Dte/Curr/Interbnk Settld Amt
            Date           : 19 May 2014
            Currency       : NGN (NAIRA)
            Amount         :            #11,670,781.04#
       50K: Ordering Customer-Name & Address
            /0020405077
            KAD. SUBEB UBE MATCHING GRANT
       53A: Sender's Correspondent - FI BIC
            /D/3000025911
            NAMENGLA
            STERLING BANK PLC
            LAGOS  NG
       57A: Account With Institution - FI BIC
            /3000024749
            FBNINGLA
            FIRST BANK OF NIGERIA PLC
            LAGOS  NG
        59: Beneficiary Customer-Name & Addr
            /2022451893
            CLICK INVESTMENT  AND AMP CONSTRUC
            TION LIMITED
       71A: Details of Charges
            OUR
        72: Sender to Receiver Information
            /CODTYPTR/001
            /BNF/TRF BOO KSUBE IFO CLICK INVEST
            //- FBN
	--------------------------- Message Trailer ------------------------	
       {CHK:717F87C1471E}
       PKI Signature: MAC & PAC-Equivalent
