


04/09/14-11:29:02	            RtgsAck-8388-002687 	 1
_______________________________________________________________________________
	---------------------  Instance Type and Transmission --------------	
       Notification (Transmission) of Original sent to SWIFT (ACK)
       Network Delivery Status   : Network Ack 
       Priority/Delivery         : Normal
       Message Input Reference   : 1126 140904NAMENGLAAXXX3310431582
	--------------------------- Message Header -------------------------	
       Swift Input                   : FIN 103 Single Customer Credt Transfer
       Sender   : NAMENGLAXXX 
                  STERLING BANK PLC
                  LAGOS NG
       Receiver : ECOCNGLAXXX
                  ECOBANK NIGERIA PLC
                  LAGOS NG
       FIN Copy Service : NGR
	--------------------------- Message Text ---------------------------	
        20: Sender's Reference
            SRS420149415821
       23B: Bank Operation Code
            CRED
       23E: Instruction Code
            SDVA
       26T: Transaction Type Code
            001
       32A: Val Dte/Curr/Interbnk Settld Amt
            Date           : 04 September 2014
            Currency       : NGN (NAIRA)
            Amount         :            #49,000,000.00#
       50K: Ordering Customer-Name & Address
            /0025863333
            SAROAFRICA INTERNATIONAL LTD
       53A: Sender's Correspondent - FI BIC
            /D/3000025911
            NAMENGLA
            STERLING BANK PLC
            LAGOS  NG
       57A: Account With Institution - FI BIC
            /3000024495
            ECOCNGLA
            ECOBANK NIGERIA PLC
            LAGOS  NG
        59: Beneficiary Customer-Name & Addr
            /4772016642
            SARO AGRO ALLIED LIMITED
       71A: Details of Charges
            OUR
        72: Sender to Receiver Information
            /CODTYPTR/001
            /BNF/TRF BOO SAROAFRICA INTERNATION
            //AL LIMITED
	--------------------------- Message Trailer ------------------------	
       {CHK:56EFD3CA72A0}
       PKI Signature: MAC & PAC-Equivalent
