


02/09/14-13:44:06	            RtgsAck-8345-002644 	 1
_______________________________________________________________________________
	---------------------  Instance Type and Transmission --------------	
       Notification (Transmission) of Original sent to SWIFT (ACK)
       Network Delivery Status   : Network Ack 
       Priority/Delivery         : Normal
       Message Input Reference   : 1341 140902NAMENGLAAXXX3310430994
	--------------------------- Message Header -------------------------	
       Swift Input                   : FIN 103 Single Customer Credt Transfer
       Sender   : NAMENGLAXXX 
                  STERLING BANK PLC
                  LAGOS NG
       Receiver : HBCLNGLAXXX
                  Heritage Banking Company Limited 
                   NG
       FIN Copy Service : NGR
	--------------------------- Message Text ---------------------------	
        20: Sender's Reference
            SRS2201495437
       23B: Bank Operation Code
            CRED
       23E: Instruction Code
            SDVA
       26T: Transaction Type Code
            001
       32A: Val Dte/Curr/Interbnk Settld Amt
            Date           : 02 September 2014
            Currency       : NGN (NAIRA)
            Amount         :            #30,000,000.00#
       50K: Ordering Customer-Name & Address
            /0012536817
            AIRWORLD TECHNOLOGIES LTD
       53A: Sender's Correspondent - FI BIC
            /D/3000025911
            NAMENGLA
            STERLING BANK PLC
            LAGOS  NG
       57A: Account With Institution - FI BIC
            /3000026066
            HBCLNGLA
            Heritage Banking Company Limited 
              NG
        59: Beneficiary Customer-Name & Addr
            /5100036299
            CLEOFAS COMMUNICATIONS LTD
       71A: Details of Charges
            OUR
        72: Sender to Receiver Information
            /CODTYPTR/001
            /BNF/TRSF TO HERITAGE BANK IFO CLEO
            //FAS COMMUNICATIONS(5100036299) BO
            //O AIRWORLD TECHNOLOGIES LTD(00125
            //36817)
	--------------------------- Message Trailer ------------------------	
       {CHK:17E6AB0222EF}
       PKI Signature: MAC & PAC-Equivalent
