


31/07/14-12:30:29	            RtgsAck-2060-002071 	 1
_______________________________________________________________________________
	---------------------  Instance Type and Transmission --------------	
       Notification (Transmission) of Original sent to SWIFT (ACK)
       Network Delivery Status   : Network Ack 
       Priority/Delivery         : Normal
       Message Input Reference   : 1227 140731NAMENGLAAXXX3300423044
	--------------------------- Message Header -------------------------	
       Swift Input                   : FIN 103 Single Customer Credt Transfer
       Sender   : NAMENGLAXXX 
                  STERLING BANK PLC
                  LAGOS NG
       Receiver : UNAFNGLAXXX
                  UNITED BANK FOR AFRICA PLC
                  LAGOS NG
       FIN Copy Service : NGR
	--------------------------- Message Text ---------------------------	
        20: Sender's Reference
            SRS3120147584212
       23B: Bank Operation Code
            CRED
       23E: Instruction Code
            SDVA
       26T: Transaction Type Code
            001
       32A: Val Dte/Curr/Interbnk Settld Amt
            Date           : 31 July 2014
            Currency       : NGN (NAIRA)
            Amount         :            #20,000,000.00#
       50K: Ordering Customer-Name & Address
            /0022845765
            KOGI STATE STATUTORY REV. ACCT
       53A: Sender's Correspondent - FI BIC
            /D/3000025911
            NAMENGLA
            STERLING BANK PLC
            LAGOS  NG
       57A: Account With Institution - FI BIC
            /3000026413
            UNAFNGLA
            UNITED BANK FOR AFRICA PLC
            LAGOS  NG
        59: Beneficiary Customer-Name & Addr
            /1003093181
            MINISTRY OF JUSTICE
       71A: Details of Charges
            OUR
        72: Sender to Receiver Information
            /CODTYPTR/001
            /BNF/PAYMENT OF BILL OF PROFESSIONA
            //L FEES IN RE: SUIT NO KG/CV/002/2
            //013 ACTION CONGRESS OF NIGERIA V 
            //KOGI STATE GOVT - 8 OTHERS
	--------------------------- Message Trailer ------------------------	
       {CHK:0721D0F48A9D}
       PKI Signature: MAC & PAC-Equivalent
