


28/05/14-14:55:20	            RtgsAck-0858-000868 	 1
_______________________________________________________________________________
	---------------------  Instance Type and Transmission --------------	
       Notification (Transmission) of Original sent to SWIFT (ACK)
       Network Delivery Status   : Network Ack 
       Priority/Delivery         : Normal
       Message Input Reference   : 1451 140528NAMENGLAAXXX3293408471
	--------------------------- Message Header -------------------------	
       Swift Input                   : FIN 103 Single Customer Credt Transfer
       Sender   : NAMENGLAXXX 
                  STERLING BANK PLC
                  LAGOS NG
       Receiver : GTBINGLAXXX
                  GUARANTY TRUST BANK PLC
                  LAGOS NG
       FIN Copy Service : NGR
	--------------------------- Message Text ---------------------------	
        20: Sender's Reference
            SRS2820145335487
       23B: Bank Operation Code
            CRED
       23E: Instruction Code
            SDVA
       26T: Transaction Type Code
            001
       32A: Val Dte/Curr/Interbnk Settld Amt
            Date           : 28 May 2014
            Currency       : NGN (NAIRA)
            Amount         :            #74,262,216.00#
       50K: Ordering Customer-Name & Address
            /0023494517
            HUDSON PETROLEUM LIMITED
       53A: Sender's Correspondent - FI BIC
            /D/3000025911
            NAMENGLA
            STERLING BANK PLC
            LAGOS  NG
       57A: Account With Institution - FI BIC
            /3000024921
            GTBINGLA
            GUARANTY TRUST BANK PLC
            LAGOS  NG
        59: Beneficiary Customer-Name & Addr
            /0023266202
            PET. EQUA FUND(MGT) BOARD A/C
       71A: Details of Charges
            OUR
        72: Sender to Receiver Information
            /CODTYPTR/001
            /BNF/RTGS TRF IFO PEF(MGT)BOARD BOO
            //  HUDSON PETROLEUM LIMITED
	--------------------------- Message Trailer ------------------------	
       {CHK:9DED1E033A4B}
       PKI Signature: MAC & PAC-Equivalent
