


04/07/14-14:21:23	            RtgsAck-1614-001624 	 1
_______________________________________________________________________________
	---------------------  Instance Type and Transmission --------------	
       Notification (Transmission) of Original sent to SWIFT (ACK)
       Network Delivery Status   : Network Ack 
       Priority/Delivery         : Normal
       Message Input Reference   : 1418 140704NAMENGLAAXXX3297417615
	--------------------------- Message Header -------------------------	
       Swift Input                   : FIN 103 Single Customer Credt Transfer
       Sender   : NAMENGLAXXX 
                  STERLING BANK PLC
                  LAGOS NG
       Receiver : ZEIBNGLAXXX
                  ZENITH BANK PLC
                  LAGOS NG
       FIN Copy Service : NGR
	--------------------------- Message Text ---------------------------	
        20: Sender's Reference
            SRS420147482274
       23B: Bank Operation Code
            CRED
       23E: Instruction Code
            SDVA
       26T: Transaction Type Code
            001
       32A: Val Dte/Curr/Interbnk Settld Amt
            Date           : 04 July 2014
            Currency       : NGN (NAIRA)
            Amount         :            #62,857,400.00#
       50K: Ordering Customer-Name & Address
            /0008667411
            ALTRADE SECURITIES LTD CLIENT
       53A: Sender's Correspondent - FI BIC
            /D/3000025911
            NAMENGLA
            STERLING BANK PLC
            LAGOS  NG
       57A: Account With Institution - FI BIC
            /3000026523
            ZEIBNGLA
            ZENITH BANK PLC
            LAGOS  NG
        59: Beneficiary Customer-Name & Addr
            /1010698287
            AFDIN CONSTRUCTION LTD
       71A: Details of Charges
            OUR
        72: Sender to Receiver Information
            /CODTYPTR/001
            /BNF/TRF TO ZENITH BANK PLC IFO AFD
            //IN CONSTRUCTION LIMITED B/O ALTRA
            //DE SECURITIES LTD
	--------------------------- Message Trailer ------------------------	
       {CHK:CC06807A742F}
       PKI Signature: MAC & PAC-Equivalent
