


11/04/14-12:52:36	            RtgsAck-0135-000136 	 1
_______________________________________________________________________________
	---------------------  Instance Type and Transmission --------------	
       Notification (Transmission) of Original sent to SWIFT (ACK)
       Network Delivery Status   : Network Ack 
       Priority/Delivery         : Normal
       Message Input Reference   : 1307 140411NAMENGLAAXXX3278396326
	--------------------------- Message Header -------------------------	
       Swift Input                   : FIN 103 Single Customer Credt Transfer
       Sender   : NAMENGLAXXX 
                  STERLING BANK PLC
                  LAGOS NG
       Receiver : FBNINGLAXXX
                  FIRST BANK OF NIGERIA PLC
                  LAGOS NG
       FIN Copy Service : NGR
	--------------------------- Message Text ---------------------------	
        20: Sender's Reference
            SRS1120144433325
       23B: Bank Operation Code
            CRED
       23E: Instruction Code
            SDVA
       26T: Transaction Type Code
            001
       32A: Val Dte/Curr/Interbnk Settld Amt
            Date           : 11 April 2014
            Currency       : NGN (NAIRA)
            Amount         :            #10,527,376.66#
       50K: Ordering Customer-Name & Address
            /0000780475
            SAFETRUST MORTGAGE BANK LTD
       53A: Sender's Correspondent - FI BIC
            /D/3000025911
            NAMENGLA
            STERLING BANK PLC
            LAGOS  NG
       57A: Account With Institution - FI BIC
            /3000024749
            FBNINGLA
            FIRST BANK OF NIGERIA PLC
            LAGOS  NG
        59: Beneficiary Customer-Name & Addr
            /2007799316
            NNPC/SPDC/EPN/NAOC/JOINT VENTURE
       71A: Details of Charges
            OUR
        72: Sender to Receiver Information
            /CODTYPTR/001
            /BNF/TRFR TO FBN SHELL PETROLEUM DE
            //VELOPMENT CO. LTD BO SAFETRUST MO
            //RTGAGE BANK LTD (2007799316)
	--------------------------- Message Trailer ------------------------	
       {CHK:F256D8623678}
       PKI Signature: MAC & PAC-Equivalent
	---------------------------- Interventions -------------------------	
       Category      : Network Report
       Creation Time : 11/04/14 12:52:20
       Application   : SWIFT Interface
       Operator      : SYSTEM
       Text
       {1:F21NAMENGLAAXXX3278396326}{4:{177:1404111307}{451:0}}
