


03/04/14-13:05:50	            RtgsAck-0017-000018 	 1
_______________________________________________________________________________
	---------------------  Instance Type and Transmission --------------	
       Notification (Transmission) of Original sent to SWIFT (ACK)
       Network Delivery Status   : Network Ack 
       Priority/Delivery         : Normal
       Message Input Reference   : 1320 140403NAMENGLAAXXX3271393999
	--------------------------- Message Header -------------------------	
       Swift Input                   : FIN 103 Single Customer Credt Transfer
       Sender   : NAMENGLAXXX 
                  STERLING BANK PLC
                  LAGOS NG
       Receiver : HBCLNGLAXXX
                  Heritage Banking Company Limited 
                   NG
       FIN Copy Service : NGR
	--------------------------- Message Text ---------------------------	
        20: Sender's Reference
            SRS32014492044
       23B: Bank Operation Code
            CRED
       23E: Instruction Code
            SDVA
       26T: Transaction Type Code
            001
       32A: Val Dte/Curr/Interbnk Settld Amt
            Date           : 03 April 2014
            Currency       : NGN (NAIRA)
            Amount         :            #30,789,224.61#
       50K: Ordering Customer-Name & Address
            /0001223050
            LEKKI 1 TOURISM SCHEME INFR C
       53A: Sender's Correspondent - FI BIC
            /D/3000025911
            NAMENGLA
            STERLING BANK PLC
            LAGOS  NG
       57A: Account With Institution - FI BIC
            /3000026066
            HBCLNGLA
            Heritage Banking Company Limited 
              NG
        59: Beneficiary Customer-Name & Addr
            /5100036732
            INFINITY PLATINUM REALTORS LIMITED
       71A: Details of Charges
            OUR
        72: Sender to Receiver Information
            /CODTYPTR/001
            /BNF/RTGS TRF IFO INFINITY PLANTINU
            //M REALTORS LTDHERITAGE BANK-51000
            //36732
	--------------------------- Message Trailer ------------------------	
       {CHK:2595FF5180FC}
       PKI Signature: MAC & PAC-Equivalent
	---------------------------- Interventions -------------------------	
       Category      : Network Report
       Creation Time : 03/04/14 13:05:36
       Application   : SWIFT Interface
       Operator      : SYSTEM
       Text
       {1:F21NAMENGLAAXXX3271393999}{4:{177:1404031320}{451:0}}
