


13/06/14-13:53:51	            RtgsAck-1174-001184 	 1
_______________________________________________________________________________
	---------------------  Instance Type and Transmission --------------	
       Notification (Transmission) of Original sent to SWIFT (ACK)
       Network Delivery Status   : Network Ack 
       Priority/Delivery         : Normal
       Message Input Reference   : 1350 140613NAMENGLAAXXX3295412662
	--------------------------- Message Header -------------------------	
       Swift Input                   : FIN 103 Single Customer Credt Transfer
       Sender   : NAMENGLAXXX 
                  STERLING BANK PLC
                  LAGOS NG
       Receiver : CITINGLAXXX
                  CITIBANK NIGERIA LIMITED
                  LAGOS NG
       FIN Copy Service : NGR
	--------------------------- Message Text ---------------------------	
        20: Sender's Reference
            SRS1320146153955
       23B: Bank Operation Code
            CRED
       23E: Instruction Code
            SDVA
       26T: Transaction Type Code
            001
       32A: Val Dte/Curr/Interbnk Settld Amt
            Date           : 13 June 2014
            Currency       : NGN (NAIRA)
            Amount         :            #50,000,000.00#
       50K: Ordering Customer-Name & Address
            /0003361707
            INLAKS COMPUTERS LTD
       53A: Sender's Correspondent - FI BIC
            /D/3000025911
            NAMENGLA
            STERLING BANK PLC
            LAGOS  NG
       57A: Account With Institution - FI BIC
            /3000023924
            CITINGLA
            CITIBANK NIGERIA LIMITED
            LAGOS  NG
        59: Beneficiary Customer-Name & Addr
            /0008320037
            GMT NIGERIA LIMITED
       71A: Details of Charges
            OUR
        72: Sender to Receiver Information
            /CODTYPTR/001
            /BNF/RTGS TO CITIBANK NIG IFO GMT N
            //IG LTD B/O INLAKS CMPUTERS LTD
	--------------------------- Message Trailer ------------------------	
       {CHK:26764E1A94D9}
       PKI Signature: MAC & PAC-Equivalent
