


19/06/14-11:57:55	            RtgsAck-1250-001260 	 1
_______________________________________________________________________________
	---------------------  Instance Type and Transmission --------------	
       Notification (Transmission) of Original sent to SWIFT (ACK)
       Network Delivery Status   : Network Ack 
       Priority/Delivery         : Normal
       Message Input Reference   : 1154 140619NAMENGLAAXXX3296413970
	--------------------------- Message Header -------------------------	
       Swift Input                   : FIN 103 Single Customer Credt Transfer
       Sender   : NAMENGLAXXX 
                  STERLING BANK PLC
                  LAGOS NG
       Receiver : PLNINGLAXXX
                  KEYSTONE BANK LIMITED
                  LAGOS NG
       FIN Copy Service : NGR
	--------------------------- Message Text ---------------------------	
        20: Sender's Reference
            SRS1920146175458
       23B: Bank Operation Code
            CRED
       23E: Instruction Code
            SDVA
       26T: Transaction Type Code
            001
       32A: Val Dte/Curr/Interbnk Settld Amt
            Date           : 19 June 2014
            Currency       : NGN (NAIRA)
            Amount         :           #250,000,000.00#
       50K: Ordering Customer-Name & Address
            /0025230993
            SAHARA ENERGY RESOURCE LIMITED
       53A: Sender's Correspondent - FI BIC
            /D/3000025911
            NAMENGLA
            STERLING BANK PLC
            LAGOS  NG
       57A: Account With Institution - FI BIC
            /3000026729
            PLNINGLA
            KEYSTONE BANK LIMITED
            LAGOS  NG
        59: Beneficiary Customer-Name & Addr
            /1005383893
            SAHARA ENERGY RESOURCENIG LIMITE
       71A: Details of Charges
            OUR
        72: Sender to Receiver Information
            /CODTYPTR/001
            /BNF/RTGS
	--------------------------- Message Trailer ------------------------	
       {CHK:2047EBF19F70}
       PKI Signature: MAC & PAC-Equivalent
