


31/07/14-10:47:55	            RtgsAck-2057-002068 	 1
_______________________________________________________________________________
	---------------------  Instance Type and Transmission --------------	
       Notification (Transmission) of Original sent to SWIFT (ACK)
       Network Delivery Status   : Network Ack 
       Priority/Delivery         : Normal
       Message Input Reference   : 1044 140731NAMENGLAAXXX3300423005
	--------------------------- Message Header -------------------------	
       Swift Input                   : FIN 103 Single Customer Credt Transfer
       Sender   : NAMENGLAXXX 
                  STERLING BANK PLC
                  LAGOS NG
       Receiver : FIDTNGLAXXX
                  FIDELITY BANK PLC
                  LAGOS NG
       FIN Copy Service : NGR
	--------------------------- Message Text ---------------------------	
        20: Sender's Reference
            SRS3120147374214
       23B: Bank Operation Code
            CRED
       23E: Instruction Code
            SDVA
       26T: Transaction Type Code
            001
       32A: Val Dte/Curr/Interbnk Settld Amt
            Date           : 31 July 2014
            Currency       : NGN (NAIRA)
            Amount         :            #35,000,000.00#
       50K: Ordering Customer-Name & Address
            /0008667332
            MUTUAL ALLIANCE INV.AND SEC LTD
       53A: Sender's Correspondent - FI BIC
            /D/3000025911
            NAMENGLA
            STERLING BANK PLC
            LAGOS  NG
       57A: Account With Institution - FI BIC
            /3000024646
            FIDTNGLA
            FIDELITY BANK PLC
            LAGOS  NG
        59: Beneficiary Customer-Name & Addr
            /4010060345
            THISTLE BDC LIMITED
       71A: Details of Charges
            OUR
        72: Sender to Receiver Information
            /CODTYPTR/001
            /BNF/TRFR TO FIDELITY BNK THISTLE B
            //DC LTD BO MUTUAL ALLIANCE INV.- S
            //EC LTD (4010060345)
	--------------------------- Message Trailer ------------------------	
       {CHK:5F1D48588530}
       PKI Signature: MAC & PAC-Equivalent
