


25/07/14-13:13:48	            RtgsAck-2003-002014 	 1
_______________________________________________________________________________
	---------------------  Instance Type and Transmission --------------	
       Notification (Transmission) of Original sent to SWIFT (ACK)
       Network Delivery Status   : Network Ack 
       Priority/Delivery         : Normal
       Message Input Reference   : 1310 140725NAMENGLAAXXX3299422388
	--------------------------- Message Header -------------------------	
       Swift Input                   : FIN 103 Single Customer Credt Transfer
       Sender   : NAMENGLAXXX 
                  STERLING BANK PLC
                  LAGOS NG
       Receiver : SBICNGLXXXX
                  STANBIC IBTC BANK PLC
                  (HEAD OFFICE)
                  LAGOS NG
       FIN Copy Service : NGR
	--------------------------- Message Text ---------------------------	
        20: Sender's Reference
            SRS2520147454228
       23B: Bank Operation Code
            CRED
       23E: Instruction Code
            SDVA
       26T: Transaction Type Code
            001
       32A: Val Dte/Curr/Interbnk Settld Amt
            Date           : 25 July 2014
            Currency       : NGN (NAIRA)
            Amount         :            #62,000,000.00#
       50K: Ordering Customer-Name & Address
            /0027260503
            MOPOIL NIGERIA LIMITED
       53A: Sender's Correspondent - FI BIC
            /D/3000025911
            NAMENGLA
            STERLING BANK PLC
            LAGOS  NG
       57A: Account With Institution - FI BIC
            /3000025296
            SBICNGLX
            STANBIC IBTC BANK PLC
            (HEAD OFFICE)
            LAGOS  NG
        59: Beneficiary Customer-Name & Addr
            /0008492631
            MOPOIL NIGERIA LIMITED
       71A: Details of Charges
            OUR
        72: Sender to Receiver Information
            /CODTYPTR/001
            /BNF/RTGS TRF IFO MOPOIL NIGERIA LI
            //MITED BOO MOPOIL NIGERIA LIMITED
	--------------------------- Message Trailer ------------------------	
       {CHK:E14ADBD6CBBD}
       PKI Signature: MAC & PAC-Equivalent
