


21/08/14-14:42:57	            RtgsAck-8149-002448 	 1
_______________________________________________________________________________
	---------------------  Instance Type and Transmission --------------	
       Notification (Transmission) of Original sent to SWIFT (ACK)
       Network Delivery Status   : Network Ack 
       Priority/Delivery         : Normal
       Message Input Reference   : 1440 140821NAMENGLAAXXX3308428531
	--------------------------- Message Header -------------------------	
       Swift Input                   : FIN 103 Single Customer Credt Transfer
       Sender   : NAMENGLAXXX 
                  STERLING BANK PLC
                  LAGOS NG
       Receiver : CITINGLAXXX
                  CITIBANK NIGERIA LIMITED
                  LAGOS NG
       FIN Copy Service : NGR
	--------------------------- Message Text ---------------------------	
        20: Sender's Reference
            SRS2120148233469
       23B: Bank Operation Code
            CRED
       23E: Instruction Code
            SDVA
       26T: Transaction Type Code
            001
       32A: Val Dte/Curr/Interbnk Settld Amt
            Date           : 21 August 2014
            Currency       : NGN (NAIRA)
            Amount         :            #49,200,000.00#
       50K: Ordering Customer-Name & Address
            /0014722094
            HALLIBURTON ENERGY SERV.NIG.LT
       53A: Sender's Correspondent - FI BIC
            /D/3000025911
            NAMENGLA
            STERLING BANK PLC
            LAGOS  NG
       57A: Account With Institution - FI BIC
            /3000023924
            CITINGLA
            CITIBANK NIGERIA LIMITED
            LAGOS  NG
        59: Beneficiary Customer-Name & Addr
            /0001042037
            HALLIBURTON ENERGY SERVICES
       71A: Details of Charges
            OUR
        72: Sender to Receiver Information
            /CODTYPTR/001
            /BNF/RTGS OUTFLOWCITIBANK NIG LTDIF
            //O HALLIBURTON ENERGY SERV NIGB/O 
            //HALLIBURTON ENERGY SERV. NIG LTD0
            //014722094
	--------------------------- Message Trailer ------------------------	
       {CHK:176483AB2F1A}
       PKI Signature: MAC & PAC-Equivalent
