


05/09/14-13:39:45	            RtgsAck-8424-002723 	 1
_______________________________________________________________________________
	---------------------  Instance Type and Transmission --------------	
       Notification (Transmission) of Original sent to SWIFT (ACK)
       Network Delivery Status   : Network Ack 
       Priority/Delivery         : Normal
       Message Input Reference   : 1337 140905NAMENGLAAXXX3310431983
	--------------------------- Message Header -------------------------	
       Swift Input                   : FIN 103 Single Customer Credt Transfer
       Sender   : NAMENGLAXXX 
                  STERLING BANK PLC
                  LAGOS NG
       Receiver : DBLNNGLAXXX
                  DIAMOND BANK PLC
                  LAGOS NG
       FIN Copy Service : NGR
	--------------------------- Message Text ---------------------------	
        20: Sender's Reference
            SRS52014957050
       23B: Bank Operation Code
            CRED
       23E: Instruction Code
            SDVA
       26T: Transaction Type Code
            001
       32A: Val Dte/Curr/Interbnk Settld Amt
            Date           : 05 September 2014
            Currency       : NGN (NAIRA)
            Amount         :            #15,000,000.00#
       50K: Ordering Customer-Name & Address
            /0005619804
            IBAFON OIL LTD
       53A: Sender's Correspondent - FI BIC
            /D/3000025911
            NAMENGLA
            STERLING BANK PLC
            LAGOS  NG
       57A: Account With Institution - FI BIC
            /3000024426
            DBLNNGLA
            DIAMOND BANK PLC
            LAGOS  NG
        59: Beneficiary Customer-Name & Addr
            /0029352475
            KIRORO ABIVE OBERE
       71A: Details of Charges
            OUR
        72: Sender to Receiver Information
            /CODTYPTR/001
            /BNF/RTGS
	--------------------------- Message Trailer ------------------------	
       {CHK:0788CC15C2A6}
       PKI Signature: MAC & PAC-Equivalent
