


28/08/14-14:19:14	            RtgsAck-8236-002535 	 1
_______________________________________________________________________________
	---------------------  Instance Type and Transmission --------------	
       Notification (Transmission) of Original sent to SWIFT (ACK)
       Network Delivery Status   : Network Ack 
       Priority/Delivery         : Normal
       Message Input Reference   : 1416 140828NAMENGLAAXXX3309430055
	--------------------------- Message Header -------------------------	
       Swift Input                   : FIN 103 Single Customer Credt Transfer
       Sender   : NAMENGLAXXX 
                  STERLING BANK PLC
                  LAGOS NG
       Receiver : ZEIBNGLAXXX
                  ZENITH BANK PLC
                  LAGOS NG
       FIN Copy Service : NGR
	--------------------------- Message Text ---------------------------	
        20: Sender's Reference
            SRS2820148134151
       23B: Bank Operation Code
            CRED
       23E: Instruction Code
            SDVA
       26T: Transaction Type Code
            001
       32A: Val Dte/Curr/Interbnk Settld Amt
            Date           : 28 August 2014
            Currency       : NGN (NAIRA)
            Amount         :            #57,000,000.00#
       50K: Ordering Customer-Name & Address
            /0027260503
            MOPOIL NIGERIA LIMITED
       53A: Sender's Correspondent - FI BIC
            /D/3000025911
            NAMENGLA
            STERLING BANK PLC
            LAGOS  NG
       57A: Account With Institution - FI BIC
            /3000026523
            ZEIBNGLA
            ZENITH BANK PLC
            LAGOS  NG
        59: Beneficiary Customer-Name & Addr
            /1013319235
            XTROIL PETROLEUM  AND AMP GAS LIMI
            TED
       71A: Details of Charges
            OUR
        72: Sender to Receiver Information
            /CODTYPTR/001
            /BNF/RTGS TRF IFO XTROIL PETROLUEM 
            //- GAS LTD BOO MOPOIL NIGERIA LIMI
            //TED
	--------------------------- Message Trailer ------------------------	
       {CHK:19CBEAA5A2B8}
       PKI Signature: MAC & PAC-Equivalent
