


02/04/14-10:56:23	            RtgsAck-0006-000007 	 1
_______________________________________________________________________________
	---------------------  Instance Type and Transmission --------------	
       Notification (Transmission) of Original sent to SWIFT (ACK)
       Network Delivery Status   : Network Ack 
       Priority/Delivery         : Normal
       Message Input Reference   : 1111 140402NAMENGLAAXXX3269393594
	--------------------------- Message Header -------------------------	
       Swift Input                   : FIN 103 Single Customer Credt Transfer
       Sender   : NAMENGLAXXX 
                  STERLING BANK PLC
                  LAGOS NG
       Receiver : FCMBNGLAXXX
                  FIRST CITY MONUMENT BANK
                  LAGOS NG
       FIN Copy Service : NGR
	--------------------------- Message Text ---------------------------	
        20: Sender's Reference
            SRS220144475232
       23B: Bank Operation Code
            CRED
       23E: Instruction Code
            SDVA
       26T: Transaction Type Code
            001
       32A: Val Dte/Curr/Interbnk Settld Amt
            Date           : 02 April 2014
            Currency       : NGN (NAIRA)
            Amount         :           #354,200,000.00#
       50K: Ordering Customer-Name & Address
            /0017491919
            FIRST EXP. AND PET. DEV. CO. LTD
       53A: Sender's Correspondent - FI BIC
            /D/3000025911
            NAMENGLA
            STERLING BANK PLC
            LAGOS  NG
       57A: Account With Institution - FI BIC
            /3000024763
            FCMBNGLA
            FIRST CITY MONUMENT BANK
            LAGOS  NG
        59: Beneficiary Customer-Name & Addr
            /0133972017
            FCMB CAPITAL MARKETS CALL ACCT
       71A: Details of Charges
            OUR
        72: Sender to Receiver Information
            /CODTYPTR/001
            /BNF/SRS220144475232TRSF BOO FIRST 
            //E - P
	--------------------------- Message Trailer ------------------------	
       {CHK:54E297B4EA07}
       PKI Signature: MAC & PAC-Equivalent
	---------------------------- Interventions -------------------------	
       Category      : Network Report
       Creation Time : 02/04/14 10:56:11
       Application   : SWIFT Interface
       Operator      : SYSTEM
       Text
       {1:F21NAMENGLAAXXX3269393594}{4:{177:1404021111}{451:0}}
