


19/08/14-15:24:27	            RtgsAck-8107-002406 	 1
_______________________________________________________________________________
	---------------------  Instance Type and Transmission --------------	
       Notification (Transmission) of Original sent to SWIFT (ACK)
       Network Delivery Status   : Network Ack 
       Priority/Delivery         : Normal
       Message Input Reference   : 1521 140819NAMENGLAAXXX3308427909
	--------------------------- Message Header -------------------------	
       Swift Input                   : FIN 103 Single Customer Credt Transfer
       Sender   : NAMENGLAXXX 
                  STERLING BANK PLC
                  LAGOS NG
       Receiver : PLNINGLAXXX
                  KEYSTONE BANK LIMITED
                  LAGOS NG
       FIN Copy Service : NGR
	--------------------------- Message Text ---------------------------	
        20: Sender's Reference
            SRS1920148482574
       23B: Bank Operation Code
            CRED
       23E: Instruction Code
            SDVA
       26T: Transaction Type Code
            001
       32A: Val Dte/Curr/Interbnk Settld Amt
            Date           : 19 August 2014
            Currency       : NGN (NAIRA)
            Amount         :            #51,331,506.84#
       50K: Ordering Customer-Name & Address
            /0024616226
            OKUPE MONISOLA ADEJUWON
       53A: Sender's Correspondent - FI BIC
            /D/3000025911
            NAMENGLA
            STERLING BANK PLC
            LAGOS  NG
       57A: Account With Institution - FI BIC
            /3000026729
            PLNINGLA
            KEYSTONE BANK LIMITED
            LAGOS  NG
        59: Beneficiary Customer-Name & Addr
            /1006340530
            OKUPE MONISOLA ADEJUWON
       71A: Details of Charges
            OUR
        72: Sender to Receiver Information
            /CODTYPTR/001
            /BNF/TRANSFER OFMATURED FD AND INTE
            //REST BY ADEJUWON OKUPE TO KEYSTON
            //E BANK
	--------------------------- Message Trailer ------------------------	
       {CHK:11DB20A3D132}
       PKI Signature: MAC & PAC-Equivalent
