


02/06/14-14:33:53	            RtgsAck-0922-000932 	 1
_______________________________________________________________________________
	---------------------  Instance Type and Transmission --------------	
       Notification (Transmission) of Original sent to SWIFT (ACK)
       Network Delivery Status   : Network Ack 
       Priority/Delivery         : Normal
       Message Input Reference   : 1429 140602NAMENGLAAXXX3294409352
	--------------------------- Message Header -------------------------	
       Swift Input                   : FIN 103 Single Customer Credt Transfer
       Sender   : NAMENGLAXXX 
                  STERLING BANK PLC
                  LAGOS NG
       Receiver : GTBINGLAXXX
                  GUARANTY TRUST BANK PLC
                  LAGOS NG
       FIN Copy Service : NGR
	--------------------------- Message Text ---------------------------	
        20: Sender's Reference
            SRS220146554946
       23B: Bank Operation Code
            CRED
       23E: Instruction Code
            SDVA
       26T: Transaction Type Code
            001
       32A: Val Dte/Curr/Interbnk Settld Amt
            Date           : 02 June 2014
            Currency       : NGN (NAIRA)
            Amount         :            #16,244,915.00#
       50K: Ordering Customer-Name & Address
            /0011095171
            PURIFICATION TECH
       53A: Sender's Correspondent - FI BIC
            /D/3000025911
            NAMENGLA
            STERLING BANK PLC
            LAGOS  NG
       57A: Account With Institution - FI BIC
            /3000024921
            GTBINGLA
            GUARANTY TRUST BANK PLC
            LAGOS  NG
        59: Beneficiary Customer-Name & Addr
            /0012135582
            SOFUNDE OSAKWE OGUN. AND AMP BELGO
            RE
       71A: Details of Charges
            OUR
        72: Sender to Receiver Information
            /CODTYPTR/001
            /BNF/BNG RTGS TO GTB IFO SOFUNDE,OS
            //AKWE,OGUNDIPE-BELGORE (REF: AS PE
            //R TERMS OF SETTLEMENT/SUIT LD/268
            ///2008)
	--------------------------- Message Trailer ------------------------	
       {CHK:0379E138299E}
       PKI Signature: MAC & PAC-Equivalent
