


13/08/14-15:13:28	            RtgsAck-8001-002300 	 1
_______________________________________________________________________________
	---------------------  Instance Type and Transmission --------------	
       Notification (Transmission) of Original sent to SWIFT (ACK)
       Network Delivery Status   : Network Ack 
       Priority/Delivery         : Normal
       Message Input Reference   : 1510 140813NAMENGLAAXXX3307426289
	--------------------------- Message Header -------------------------	
       Swift Input                   : FIN 103 Single Customer Credt Transfer
       Sender   : NAMENGLAXXX 
                  STERLING BANK PLC
                  LAGOS NG
       Receiver : SPRGNGLAXXX
                  ENTERPRISE BANK LIMITED
                  LAGOS NG
       FIN Copy Service : NGR
	--------------------------- Message Text ---------------------------	
        20: Sender's Reference
            SRS1320148573750
       23B: Bank Operation Code
            CRED
       23E: Instruction Code
            SDVA
       26T: Transaction Type Code
            001
       32A: Val Dte/Curr/Interbnk Settld Amt
            Date           : 13 August 2014
            Currency       : NGN (NAIRA)
            Amount         :            #40,000,000.00#
       50K: Ordering Customer-Name & Address
            /0010049665
            KD.ST.LGC JOINT STATUTORY ACC
       53A: Sender's Correspondent - FI BIC
            /D/3000025911
            NAMENGLA
            STERLING BANK PLC
            LAGOS  NG
       57A: Account With Institution - FI BIC
            /3000024945
            SPRGNGLA
            ENTERPRISE BANK LIMITED
            LAGOS  NG
        59: Beneficiary Customer-Name & Addr
            /1400040566
            JEMA A LOCAL GOVERNMENT 2014 MDG AC
            COUNT
       71A: Details of Charges
            OUR
        72: Sender to Receiver Information
            /CODTYPTR/001
            /BNF/TRF IFO JAMAA LGOVT. 2014 MDG-
            //ENTERPRISE BANK PLC-BOO MINISTRY 
            //OF FINANCE, KADUNA STATE
	--------------------------- Message Trailer ------------------------	
       {CHK:70D5FC1F55E9}
       PKI Signature: MAC & PAC-Equivalent
