


22/08/14-12:46:22	            RtgsAck-8176-002475 	 1
_______________________________________________________________________________
	---------------------  Instance Type and Transmission --------------	
       Notification (Transmission) of Original sent to SWIFT (ACK)
       Network Delivery Status   : Network Ack 
       Priority/Delivery         : Normal
       Message Input Reference   : 1243 140822NAMENGLAAXXX3308428805
	--------------------------- Message Header -------------------------	
       Swift Input                   : FIN 103 Single Customer Credt Transfer
       Sender   : NAMENGLAXXX 
                  STERLING BANK PLC
                  LAGOS NG
       Receiver : FBNINGLAXXX
                  FIRST BANK OF NIGERIA PLC
                  LAGOS NG
       FIN Copy Service : NGR
	--------------------------- Message Text ---------------------------	
        20: Sender's Reference
            SRS2220148185920
       23B: Bank Operation Code
            CRED
       23E: Instruction Code
            SDVA
       26T: Transaction Type Code
            001
       32A: Val Dte/Curr/Interbnk Settld Amt
            Date           : 22 August 2014
            Currency       : NGN (NAIRA)
            Amount         :            #30,000,000.00#
       50K: Ordering Customer-Name & Address
            /0010997508
            PRIZE DESTRUCTIONERS NIG LTD.
       53A: Sender's Correspondent - FI BIC
            /D/3000025911
            NAMENGLA
            STERLING BANK PLC
            LAGOS  NG
       57A: Account With Institution - FI BIC
            /3000024749
            FBNINGLA
            FIRST BANK OF NIGERIA PLC
            LAGOS  NG
        59: Beneficiary Customer-Name & Addr
            /2005626632
            EKULO INDUSTRIES LIMITED
       71A: Details of Charges
            OUR
        72: Sender to Receiver Information
            /CODTYPTR/001
            /BNF/BNG RTGS TRF TO FIRST BANK IFO
            // EKULO INDUSTRIES LTD BOO PRIZE D
            //ESTRUCTIONERS
	--------------------------- Message Trailer ------------------------	
       {CHK:E189AD9FE25A}
       PKI Signature: MAC & PAC-Equivalent
