


21/05/14-13:33:56	            RtgsAck-0689-000699 	 1
_______________________________________________________________________________
	---------------------  Instance Type and Transmission --------------	
       Notification (Transmission) of Original sent to SWIFT (ACK)
       Network Delivery Status   : Network Ack 
       Priority/Delivery         : Normal
       Message Input Reference   : 1329 140521NAMENGLAAXXX3292406405
	--------------------------- Message Header -------------------------	
       Swift Input                   : FIN 103 Single Customer Credt Transfer
       Sender   : NAMENGLAXXX 
                  STERLING BANK PLC
                  LAGOS NG
       Receiver : DBLNNGLAXXX
                  DIAMOND BANK PLC
                  LAGOS NG
       FIN Copy Service : NGR
	--------------------------- Message Text ---------------------------	
        20: Sender's Reference
            SRS2120145112047
       23B: Bank Operation Code
            CRED
       23E: Instruction Code
            SDVA
       26T: Transaction Type Code
            001
       32A: Val Dte/Curr/Interbnk Settld Amt
            Date           : 21 May 2014
            Currency       : NGN (NAIRA)
            Amount         :            #85,596,927.00#
       50K: Ordering Customer-Name & Address
            /0017487608
            NAT. AUTOMOTIVE COUNCIL
       53A: Sender's Correspondent - FI BIC
            /D/3000025911
            NAMENGLA
            STERLING BANK PLC
            LAGOS  NG
       57A: Account With Institution - FI BIC
            /3000024426
            DBLNNGLA
            DIAMOND BANK PLC
            LAGOS  NG
        59: Beneficiary Customer-Name & Addr
            /0039914823
            ANNALIX CORNERSTONE ENG SERVICES NI
            G LTD
       71A: Details of Charges
            OUR
        72: Sender to Receiver Information
            /CODTYPTR/001
            /BNF/BNG PROCUREMENT OF INDUSTRIAL 
            //COOLING UNITS FOR ENUGU LABORATOR
            //Y. TRF TO DIAMOND BANK IFO MESSRS
            // ANALIX CONERSTONE ENGINEERING SE
            //RVICE LTD (0039914823) BO NATIONA
	--------------------------- Message Trailer ------------------------	
       {CHK:D4A9F11D149F}
       PKI Signature: MAC & PAC-Equivalent
