


16/06/14-15:05:14	            RtgsAck-1191-001201 	 1
_______________________________________________________________________________
	---------------------  Instance Type and Transmission --------------	
       Notification (Transmission) of Original sent to SWIFT (ACK)
       Network Delivery Status   : Network Ack 
       Priority/Delivery         : Normal
       Message Input Reference   : 1501 140616NAMENGLAAXXX3296413047
	--------------------------- Message Header -------------------------	
       Swift Input                   : FIN 103 Single Customer Credt Transfer
       Sender   : NAMENGLAXXX 
                  STERLING BANK PLC
                  LAGOS NG
       Receiver : PRDTNGLAXXX
                  SKYE BANK PLC
                  LAGOS NG
       FIN Copy Service : NGR
	--------------------------- Message Text ---------------------------	
        20: Sender's Reference
            SRS1620146344049
       23B: Bank Operation Code
            CRED
       23E: Instruction Code
            SDVA
       26T: Transaction Type Code
            001
       32A: Val Dte/Curr/Interbnk Settld Amt
            Date           : 16 June 2014
            Currency       : NGN (NAIRA)
            Amount         :           #502,500,000.00#
       50K: Ordering Customer-Name & Address
            /0007677899
            ASO SAVINGS AND LOANS PLC
       53A: Sender's Correspondent - FI BIC
            /D/3000025911
            NAMENGLA
            STERLING BANK PLC
            LAGOS  NG
       57A: Account With Institution - FI BIC
            /3000025698
            PRDTNGLA
            SKYE BANK PLC
            LAGOS  NG
        59: Beneficiary Customer-Name & Addr
            /1771225198
            KEDARI CAPITAL LIMITED
       71A: Details of Charges
            OUR
        72: Sender to Receiver Information
            /CODTYPTR/001
            /BNF/TRF IFO KEDARI CAPITAL  FOR GL
            //OBAL HIGH PROPERTY DEVELOPMENT LI
            //MITED
	--------------------------- Message Trailer ------------------------	
       {CHK:86C61FF551D6}
       PKI Signature: MAC & PAC-Equivalent
