


28/08/14-13:48:49	            RtgsAck-8234-002533 	 1
_______________________________________________________________________________
	---------------------  Instance Type and Transmission --------------	
       Notification (Transmission) of Original sent to SWIFT (ACK)
       Network Delivery Status   : Network Ack 
       Priority/Delivery         : Normal
       Message Input Reference   : 1346 140828NAMENGLAAXXX3309430046
	--------------------------- Message Header -------------------------	
       Swift Input                   : FIN 103 Single Customer Credt Transfer
       Sender   : NAMENGLAXXX 
                  STERLING BANK PLC
                  LAGOS NG
       Receiver : SBICNGLXXXX
                  STANBIC IBTC BANK PLC
                  (HEAD OFFICE)
                  LAGOS NG
       FIN Copy Service : NGR
	--------------------------- Message Text ---------------------------	
        20: Sender's Reference
            SRS2820148415021
       23B: Bank Operation Code
            CRED
       23E: Instruction Code
            SDVA
       26T: Transaction Type Code
            001
       32A: Val Dte/Curr/Interbnk Settld Amt
            Date           : 28 August 2014
            Currency       : NGN (NAIRA)
            Amount         :           #300,000,000.00#
       50K: Ordering Customer-Name & Address
            /0010875514
            ZTE NIGERIA LIMITED
       53A: Sender's Correspondent - FI BIC
            /D/3000025911
            NAMENGLA
            STERLING BANK PLC
            LAGOS  NG
       57A: Account With Institution - FI BIC
            /3000025296
            SBICNGLX
            STANBIC IBTC BANK PLC
            (HEAD OFFICE)
            LAGOS  NG
        59: Beneficiary Customer-Name & Addr
            /0000153154
            ZTE NIGERIA LIMITED
       71A: Details of Charges
            OUR
        72: Sender to Receiver Information
            /CODTYPTR/001
            /BNF/TRF ZTE NIG LTD -STANBIC IBTC 
            //BANK
	--------------------------- Message Trailer ------------------------	
       {CHK:4D4E9F7AEE76}
       PKI Signature: MAC & PAC-Equivalent
