


04/08/14-15:14:08	            RtgsAck-2128-002140 	 1
_______________________________________________________________________________
	---------------------  Instance Type and Transmission --------------	
       Notification (Transmission) of Original sent to SWIFT (ACK)
       Network Delivery Status   : Network Ack 
       Priority/Delivery         : Normal
       Message Input Reference   : 1511 140804NAMENGLAAXXX3301423827
	--------------------------- Message Header -------------------------	
       Swift Input                   : FIN 103 Single Customer Credt Transfer
       Sender   : NAMENGLAXXX 
                  STERLING BANK PLC
                  LAGOS NG
       Receiver : UNAFNGLAXXX
                  UNITED BANK FOR AFRICA PLC
                  LAGOS NG
       FIN Copy Service : NGR
	--------------------------- Message Text ---------------------------	
        20: Sender's Reference
            SRS42014823671
       23B: Bank Operation Code
            CRED
       23E: Instruction Code
            SDVA
       26T: Transaction Type Code
            001
       32A: Val Dte/Curr/Interbnk Settld Amt
            Date           : 04 August 2014
            Currency       : NGN (NAIRA)
            Amount         :            #25,000,000.00#
       50K: Ordering Customer-Name & Address
            /0027516451
            KTSG DEPT OF SUBSIDY RE-INV PR
       53A: Sender's Correspondent - FI BIC
            /D/3000025911
            NAMENGLA
            STERLING BANK PLC
            LAGOS  NG
       57A: Account With Institution - FI BIC
            /3000026413
            UNAFNGLA
            UNITED BANK FOR AFRICA PLC
            LAGOS  NG
        59: Beneficiary Customer-Name & Addr
            /1018237161
            NATIONAL POWER SECTOR APPRENTICESHI
            P SCHEME
       71A: Details of Charges
            OUR
        72: Sender to Receiver Information
            /CODTYPTR/001
            /BNF/BEING TRF IFO NATIONAL POWER S
            //ECTOR APPRENTICESHIP
	--------------------------- Message Trailer ------------------------	
       {CHK:50CE083A3A66}
       PKI Signature: MAC & PAC-Equivalent
