


08/07/14-13:39:33	            RtgsAck-1671-001681 	 1
_______________________________________________________________________________
	---------------------  Instance Type and Transmission --------------	
       Notification (Transmission) of Original sent to SWIFT (ACK)
       Network Delivery Status   : Network Ack 
       Priority/Delivery         : Normal
       Message Input Reference   : 1336 140708NAMENGLAAXXX3297418233
	--------------------------- Message Header -------------------------	
       Swift Input                   : FIN 103 Single Customer Credt Transfer
       Sender   : NAMENGLAXXX 
                  STERLING BANK PLC
                  LAGOS NG
       Receiver : PRDTNGLAXXX
                  SKYE BANK PLC
                  LAGOS NG
       FIN Copy Service : NGR
	--------------------------- Message Text ---------------------------	
        20: Sender's Reference
            SRS820147224227
       23B: Bank Operation Code
            CRED
       23E: Instruction Code
            SDVA
       26T: Transaction Type Code
            001
       32A: Val Dte/Curr/Interbnk Settld Amt
            Date           : 08 July 2014
            Currency       : NGN (NAIRA)
            Amount         :            #12,000,000.00#
       50K: Ordering Customer-Name & Address
            /0000780475
            SAFETRUST MORTGAGE BANK LTD
       53A: Sender's Correspondent - FI BIC
            /D/3000025911
            NAMENGLA
            STERLING BANK PLC
            LAGOS  NG
       57A: Account With Institution - FI BIC
            /3000025698
            PRDTNGLA
            SKYE BANK PLC
            LAGOS  NG
        59: Beneficiary Customer-Name & Addr
            /4010002394
            VIBROFLOTATION  AND AMP GEOTECHNIC
            AL NIG.L
       71A: Details of Charges
            OUR
        72: Sender to Receiver Information
            /CODTYPTR/001
            /BNF/TRFR TO SKYE BNK VIBROFLOTAION
            // - GEOTECHNICAL NIGERIA LTD BO SA
            //FETRUST MORTGAGE BANK LTD (401000
            //2394)
	--------------------------- Message Trailer ------------------------	
       {CHK:E91F9DC970C2}
       PKI Signature: MAC & PAC-Equivalent
