


08/08/14-13:16:24	            RtgsAck-7918-002217 	 1
_______________________________________________________________________________
	---------------------  Instance Type and Transmission --------------	
       Notification (Transmission) of Original sent to SWIFT (ACK)
       Network Delivery Status   : Network Ack 
       Priority/Delivery         : Normal
       Message Input Reference   : 1313 140808NAMENGLAAXXX3305425193
	--------------------------- Message Header -------------------------	
       Swift Input                   : FIN 103 Single Customer Credt Transfer
       Sender   : NAMENGLAXXX 
                  STERLING BANK PLC
                  LAGOS NG
       Receiver : ABNGNGLAXXX
                  ACCESS BANK PLC
                  LAGOS NG
       FIN Copy Service : NGR
	--------------------------- Message Text ---------------------------	
        20: Sender's Reference
            SRS820148245431
       23B: Bank Operation Code
            CRED
       23E: Instruction Code
            SDVA
       26T: Transaction Type Code
            001
       32A: Val Dte/Curr/Interbnk Settld Amt
            Date           : 08 August 2014
            Currency       : NGN (NAIRA)
            Amount         :            #45,000,000.00#
       50K: Ordering Customer-Name & Address
            /0000814642
            SAFETRUST MORTGAGE BANK LTD
       53A: Sender's Correspondent - FI BIC
            /D/3000025911
            NAMENGLA
            STERLING BANK PLC
            LAGOS  NG
       57A: Account With Institution - FI BIC
            /3000023539
            ABNGNGLA
            ACCESS BANK PLC
            LAGOS  NG
        59: Beneficiary Customer-Name & Addr
            /0000826086
            SKYMIT LIMITED
       71A: Details of Charges
            OUR
        72: Sender to Receiver Information
            /CODTYPTR/001
            /BNF/TRFR TO ACCESS BNK SKYMIT LIMI
            //TED BO SAFETRUST MORTGAGE BANK LT
            //D (0000826086)
	--------------------------- Message Trailer ------------------------	
       {CHK:4F58736CABDC}
       PKI Signature: MAC & PAC-Equivalent
