


26/05/14-11:58:01	            RtgsAck-0727-000737 	 1
_______________________________________________________________________________
	---------------------  Instance Type and Transmission --------------	
       Notification (Transmission) of Original sent to SWIFT (ACK)
       Network Delivery Status   : Network Ack 
       Priority/Delivery         : Normal
       Message Input Reference   : 1153 140526NAMENGLAAXXX3293407492
	--------------------------- Message Header -------------------------	
       Swift Input                   : FIN 103 Single Customer Credt Transfer
       Sender   : NAMENGLAXXX 
                  STERLING BANK PLC
                  LAGOS NG
       Receiver : UBNINGLAXXX
                  UNION BANK OF NIGERIA PLC
                  LAGOS NG
       FIN Copy Service : NGR
	--------------------------- Message Text ---------------------------	
        20: Sender's Reference
            SRS262014544475
       23B: Bank Operation Code
            CRED
       23E: Instruction Code
            SDVA
       26T: Transaction Type Code
            001
       32A: Val Dte/Curr/Interbnk Settld Amt
            Date           : 26 May 2014
            Currency       : NGN (NAIRA)
            Amount         :            #22,208,815.00#
       50K: Ordering Customer-Name & Address
            /0009958266
            SHEHU DALHATU
       53A: Sender's Correspondent - FI BIC
            /D/3000025911
            NAMENGLA
            STERLING BANK PLC
            LAGOS  NG
       57A: Account With Institution - FI BIC
            /3000026389
            UBNINGLA
            UNION BANK OF NIGERIA PLC
            LAGOS  NG
        59: Beneficiary Customer-Name & Addr
            /0023774752
            MUSA M UBA
       71A: Details of Charges
            OUR
        72: Sender to Receiver Information
            /CODTYPTR/001
            /BNF/RTGS-BOO SHEHU DALHATU
	--------------------------- Message Trailer ------------------------	
       {CHK:0ACC23DBDD6D}
       PKI Signature: MAC & PAC-Equivalent
