


28/04/14-15:22:16	            RtgsAck-0310-000311 	 1
_______________________________________________________________________________
	---------------------  Instance Type and Transmission --------------	
       Notification (Transmission) of Original sent to SWIFT (ACK)
       Network Delivery Status   : Network Ack 
       Priority/Delivery         : Normal
       Message Input Reference   : 1536 140428NAMENGLAAXXX3283399942
	--------------------------- Message Header -------------------------	
       Swift Input                   : FIN 103 Single Customer Credt Transfer
       Sender   : NAMENGLAXXX 
                  STERLING BANK PLC
                  LAGOS NG
       Receiver : WEMANGLAXXX
                  WEMA BANK PLC
                  LAGOS NG
       FIN Copy Service : NGR
	--------------------------- Message Text ---------------------------	
        20: Sender's Reference
            SRS2820144353410
       23B: Bank Operation Code
            CRED
       23E: Instruction Code
            SDVA
       26T: Transaction Type Code
            001
       32A: Val Dte/Curr/Interbnk Settld Amt
            Date           : 28 April 2014
            Currency       : NGN (NAIRA)
            Amount         :            #28,047,461.53#
       50K: Ordering Customer-Name & Address
            /0016375339
            KWARA STATE L/GOVT VAT ACCT
       53A: Sender's Correspondent - FI BIC
            /D/3000025911
            NAMENGLA
            STERLING BANK PLC
            LAGOS  NG
       57A: Account With Institution - FI BIC
            /3000026499
            WEMANGLA
            WEMA BANK PLC
            LAGOS  NG
        59: Beneficiary Customer-Name & Addr
            /0122295834
            ISIN LOCAL GOVERNMENT(JAAC ACCOUNT)
       71A: Details of Charges
            OUR
        72: Sender to Receiver Information
            /CODTYPTR/001
            /BNF/TRANSFER TO WEMA BANK IFO ISIN
            // LG BOO KW ST L/GOVT VAT ACCT
	--------------------------- Message Trailer ------------------------	
       {CHK:A0EF6265B2F9}
       PKI Signature: MAC & PAC-Equivalent
	---------------------------- Interventions -------------------------	
       Category      : Network Report
       Creation Time : 28/04/14 15:21:59
       Application   : SWIFT Interface
       Operator      : SYSTEM
       Text
       {1:F21NAMENGLAAXXX3283399942}{4:{177:1404281536}{451:0}}
