


24/06/14-12:26:07	            RtgsAck-1314-001324 	 1
_______________________________________________________________________________
	---------------------  Instance Type and Transmission --------------	
       Notification (Transmission) of Original sent to SWIFT (ACK)
       Network Delivery Status   : Network Ack 
       Priority/Delivery         : Normal
       Message Input Reference   : 1222 140624NAMENGLAAXXX3297414897
	--------------------------- Message Header -------------------------	
       Swift Input                   : FIN 103 Single Customer Credt Transfer
       Sender   : NAMENGLAXXX 
                  STERLING BANK PLC
                  LAGOS NG
       Receiver : ZEIBNGLAXXX
                  ZENITH BANK PLC
                  LAGOS NG
       FIN Copy Service : NGR
	--------------------------- Message Text ---------------------------	
        20: Sender's Reference
            SRS2420146401359
       23B: Bank Operation Code
            CRED
       23E: Instruction Code
            SDVA
       26T: Transaction Type Code
            001
       32A: Val Dte/Curr/Interbnk Settld Amt
            Date           : 24 June 2014
            Currency       : NGN (NAIRA)
            Amount         :           #118,743,890.73#
       50K: Ordering Customer-Name & Address
            /0009990275
            SUB-TREASURER RETENTION
       53A: Sender's Correspondent - FI BIC
            /D/3000025911
            NAMENGLA
            STERLING BANK PLC
            LAGOS  NG
       57A: Account With Institution - FI BIC
            /3000026523
            ZEIBNGLA
            ZENITH BANK PLC
            LAGOS  NG
        59: Beneficiary Customer-Name & Addr
            /1010545044
            MOTHERCAT LTD FEDERAL PROJECT - MAI
            N
       71A: Details of Charges
            OUR
        72: Sender to Receiver Information
            /CODTYPTR/001
            /BNF/BNG TRF BO KATSINA SUB TREASUR
            //Y IFO MOTHERCAT NIG LTD
	--------------------------- Message Trailer ------------------------	
       {CHK:6976581CA2D0}
       PKI Signature: MAC & PAC-Equivalent
