


21/07/14-11:04:13	            RtgsAck-1829-001839 	 1
_______________________________________________________________________________
	---------------------  Instance Type and Transmission --------------	
       Notification (Transmission) of Original sent to SWIFT (ACK)
       Network Delivery Status   : Network Ack 
       Priority/Delivery         : Normal
       Message Input Reference   : 1100 140721NAMENGLAAXXX3299421094
	--------------------------- Message Header -------------------------	
       Swift Input                   : FIN 103 Single Customer Credt Transfer
       Sender   : NAMENGLAXXX 
                  STERLING BANK PLC
                  LAGOS NG
       Receiver : ZEIBNGLAXXX
                  ZENITH BANK PLC
                  LAGOS NG
       FIN Copy Service : NGR
	--------------------------- Message Text ---------------------------	
        20: Sender's Reference
            SRS2120147182520
       23B: Bank Operation Code
            CRED
       23E: Instruction Code
            SDVA
       26T: Transaction Type Code
            001
       32A: Val Dte/Curr/Interbnk Settld Amt
            Date           : 21 July 2014
            Currency       : NGN (NAIRA)
            Amount         :            #17,182,500.00#
       50K: Ordering Customer-Name & Address
            /0023041416
            ABIA STATE GOVT(FUND RECOV)ACC
       53A: Sender's Correspondent - FI BIC
            /D/3000025911
            NAMENGLA
            STERLING BANK PLC
            LAGOS  NG
       57A: Account With Institution - FI BIC
            /3000026523
            ZEIBNGLA
            ZENITH BANK PLC
            LAGOS  NG
        59: Beneficiary Customer-Name & Addr
            /1012874924
            LAW ALLIANCE PROJECT ACCOUNT
       71A: Details of Charges
            OUR
        72: Sender to Receiver Information
            /CODTYPTR/001
            /BNF/FUNDS TRANSFER BOO ABIA STATE 
            //GOVT(FUND RECOV)ACCT.IFO LAW ALLI
            //ANCE
	--------------------------- Message Trailer ------------------------	
       {CHK:DF9F838E7745}
       PKI Signature: MAC & PAC-Equivalent
