


24/04/14-14:16:55	            RtgsAck-0248-000249 	 1
_______________________________________________________________________________
	---------------------  Instance Type and Transmission --------------	
       Notification (Transmission) of Original sent to SWIFT (ACK)
       Network Delivery Status   : Network Ack 
       Priority/Delivery         : Normal
       Message Input Reference   : 1431 140424NAMENGLAAXXX3282399160
	--------------------------- Message Header -------------------------	
       Swift Input                   : FIN 103 Single Customer Credt Transfer
       Sender   : NAMENGLAXXX 
                  STERLING BANK PLC
                  LAGOS NG
       Receiver : WEMANGLAXXX
                  WEMA BANK PLC
                  LAGOS NG
       FIN Copy Service : NGR
	--------------------------- Message Text ---------------------------	
        20: Sender's Reference
            SRS2420144583712
       23B: Bank Operation Code
            CRED
       23E: Instruction Code
            SDVA
       26T: Transaction Type Code
            001
       32A: Val Dte/Curr/Interbnk Settld Amt
            Date           : 24 April 2014
            Currency       : NGN (NAIRA)
            Amount         :            #30,000,000.00#
       50K: Ordering Customer-Name & Address
            /0011759873
            LAGOS STATE HOUSE OF ASSEMBLY
       53A: Sender's Correspondent - FI BIC
            /D/3000025911
            NAMENGLA
            STERLING BANK PLC
            LAGOS  NG
       57A: Account With Institution - FI BIC
            /3000026499
            WEMANGLA
            WEMA BANK PLC
            LAGOS  NG
        59: Beneficiary Customer-Name & Addr
            /0121694131
            TAIWO MUSIBAU KOLAWOLE
       71A: Details of Charges
            OUR
        72: Sender to Receiver Information
            /CODTYPTR/001
            /BNF/BNG TRANSFER FROM LAGOS STATE 
            //HOUSE OF ASSEMBLY TO KOLAWOLE TAI
            //WO
	--------------------------- Message Trailer ------------------------	
       {CHK:39116E8EE1CA}
       PKI Signature: MAC & PAC-Equivalent
	---------------------------- Interventions -------------------------	
       Category      : Network Report
       Creation Time : 24/04/14 14:16:35
       Application   : SWIFT Interface
       Operator      : SYSTEM
       Text
       {1:F21NAMENGLAAXXX3282399160}{4:{177:1404241431}{451:0}}
