


19/08/14-11:17:33	            RtgsAck-8087-002386 	 1
_______________________________________________________________________________
	---------------------  Instance Type and Transmission --------------	
       Notification (Transmission) of Original sent to SWIFT (ACK)
       Network Delivery Status   : Network Ack 
       Priority/Delivery         : Normal
       Message Input Reference   : 1114 140819NAMENGLAAXXX3308427800
	--------------------------- Message Header -------------------------	
       Swift Input                   : FIN 103 Single Customer Credt Transfer
       Sender   : NAMENGLAXXX 
                  STERLING BANK PLC
                  LAGOS NG
       Receiver : ECOCNGLAXXX
                  ECOBANK NIGERIA PLC
                  LAGOS NG
       FIN Copy Service : NGR
	--------------------------- Message Text ---------------------------	
        20: Sender's Reference
            SRS192014856788
       23B: Bank Operation Code
            CRED
       23E: Instruction Code
            SDVA
       26T: Transaction Type Code
            001
       32A: Val Dte/Curr/Interbnk Settld Amt
            Date           : 19 August 2014
            Currency       : NGN (NAIRA)
            Amount         :           #205,064,285.70#
       50K: Ordering Customer-Name & Address
            /0017862735
            AZARE-JERE IRR SCH PHASE1
       53A: Sender's Correspondent - FI BIC
            /D/3000025911
            NAMENGLA
            STERLING BANK PLC
            LAGOS  NG
       57A: Account With Institution - FI BIC
            /3000024495
            ECOCNGLA
            ECOBANK NIGERIA PLC
            LAGOS  NG
        59: Beneficiary Customer-Name & Addr
            /3642016861
            BOLIV LIMITED ACCOUNT 2
       71A: Details of Charges
            OUR
        72: Sender to Receiver Information
            /CODTYPTR/001
            /BNF/TRF TO ECOBANK IFO BOLIV NIGER
            //IA LTD BOO FED MON OF WATER RESOU
            //RCES
	--------------------------- Message Trailer ------------------------	
       {CHK:0708C4736729}
       PKI Signature: MAC & PAC-Equivalent
