


23/07/14-10:22:44	            RtgsAck-1877-001888 	 1
_______________________________________________________________________________
	---------------------  Instance Type and Transmission --------------	
       Notification (Transmission) of Original sent to SWIFT (ACK)
       Network Delivery Status   : Network Ack 
       Priority/Delivery         : Normal
       Message Input Reference   : 1019 140723NAMENGLAAXXX3299421684
	--------------------------- Message Header -------------------------	
       Swift Input                   : FIN 103 Single Customer Credt Transfer
       Sender   : NAMENGLAXXX 
                  STERLING BANK PLC
                  LAGOS NG
       Receiver : FBNINGLAXXX
                  FIRST BANK OF NIGERIA PLC
                  LAGOS NG
       FIN Copy Service : NGR
	--------------------------- Message Text ---------------------------	
        20: Sender's Reference
            SRS232014784082
       23B: Bank Operation Code
            CRED
       23E: Instruction Code
            SDVA
       26T: Transaction Type Code
            001
       32A: Val Dte/Curr/Interbnk Settld Amt
            Date           : 23 July 2014
            Currency       : NGN (NAIRA)
            Amount         :            #51,000,000.00#
       50K: Ordering Customer-Name & Address
            /0010064231
            KLUNZ INVESTMENT LIMITED
       53A: Sender's Correspondent - FI BIC
            /D/3000025911
            NAMENGLA
            STERLING BANK PLC
            LAGOS  NG
       57A: Account With Institution - FI BIC
            /3000024749
            FBNINGLA
            FIRST BANK OF NIGERIA PLC
            LAGOS  NG
        59: Beneficiary Customer-Name & Addr
            /1000035333
            OSHUN OLANREWAJU MOSHOOD
       71A: Details of Charges
            OUR
        72: Sender to Receiver Information
            /CODTYPTR/001
            /BNF/FT TO FBN IFO OSHUN OLANREWAJU
            // B/O KLUNZ INVESTMENT LTD A/C 100
            //0035333
	--------------------------- Message Trailer ------------------------	
       {CHK:F5C9C96BA2DD}
       PKI Signature: MAC & PAC-Equivalent
