


25/06/14-14:18:30	            RtgsAck-1339-001349 	 1
_______________________________________________________________________________
	---------------------  Instance Type and Transmission --------------	
       Notification (Transmission) of Original sent to SWIFT (ACK)
       Network Delivery Status   : Network Ack 
       Priority/Delivery         : Normal
       Message Input Reference   : 1415 140625NAMENGLAAXXX3297415267
	--------------------------- Message Header -------------------------	
       Swift Input                   : FIN 103 Single Customer Credt Transfer
       Sender   : NAMENGLAXXX 
                  STERLING BANK PLC
                  LAGOS NG
       Receiver : FCMBNGLAXXX
                  FIRST CITY MONUMENT BANK
                  LAGOS NG
       FIN Copy Service : NGR
	--------------------------- Message Text ---------------------------	
        20: Sender's Reference
            SRS2520146284438
       23B: Bank Operation Code
            CRED
       23E: Instruction Code
            SDVA
       26T: Transaction Type Code
            001
       32A: Val Dte/Curr/Interbnk Settld Amt
            Date           : 25 June 2014
            Currency       : NGN (NAIRA)
            Amount         :            #12,000,000.00#
       50K: Ordering Customer-Name & Address
            /0003518381
            ARCO PETROCHEMICAL ENG.CO.LTD
       53A: Sender's Correspondent - FI BIC
            /D/3000025911
            NAMENGLA
            STERLING BANK PLC
            LAGOS  NG
       57A: Account With Institution - FI BIC
            /3000024763
            FCMBNGLA
            FIRST CITY MONUMENT BANK
            LAGOS  NG
        59: Beneficiary Customer-Name & Addr
            /1223816013
            ARCO PETROCHEMICAL ENGINEERING COMP
            ANY LTD
       71A: Details of Charges
            OUR
        72: Sender to Receiver Information
            /CODTYPTR/001
            /BNF/RTGS TRANSFER IFO ARCO PETROCH
            //EMICAL ENGINEERING COMPANY B/O AR
            //CO PETROCHEMICAL ENGINEERING
	--------------------------- Message Trailer ------------------------	
       {CHK:AD4C1968C7D1}
       PKI Signature: MAC & PAC-Equivalent
