


18/07/14-11:48:10	            RtgsAck-1818-001828 	 1
_______________________________________________________________________________
	---------------------  Instance Type and Transmission --------------	
       Notification (Transmission) of Original sent to SWIFT (ACK)
       Network Delivery Status   : Network Ack 
       Priority/Delivery         : Normal
       Message Input Reference   : 1144 140718NAMENGLAAXXX3298420795
	--------------------------- Message Header -------------------------	
       Swift Input                   : FIN 103 Single Customer Credt Transfer
       Sender   : NAMENGLAXXX 
                  STERLING BANK PLC
                  LAGOS NG
       Receiver : DBLNNGLAXXX
                  DIAMOND BANK PLC
                  LAGOS NG
       FIN Copy Service : NGR
	--------------------------- Message Text ---------------------------	
        20: Sender's Reference
            SRS1820147452728
       23B: Bank Operation Code
            CRED
       23E: Instruction Code
            SDVA
       26T: Transaction Type Code
            001
       32A: Val Dte/Curr/Interbnk Settld Amt
            Date           : 18 July 2014
            Currency       : NGN (NAIRA)
            Amount         :            #24,917,689.41#
       50K: Ordering Customer-Name & Address
            /0000785456
            SIGNET INV.AND SEC. LTD. CLIENTS
       53A: Sender's Correspondent - FI BIC
            /D/3000025911
            NAMENGLA
            STERLING BANK PLC
            LAGOS  NG
       57A: Account With Institution - FI BIC
            /3000024426
            DBLNNGLA
            DIAMOND BANK PLC
            LAGOS  NG
        59: Beneficiary Customer-Name & Addr
            /0030524021
            HENRY IFEANYI OKONKWO
       71A: Details of Charges
            OUR
        72: Sender to Receiver Information
            /CODTYPTR/001
            /BNF/TRFR TO DIAM BNK HENRY IFEANYI
            // OKONKWO BO SIGNET INV.- SEC. LTD
            // (0030524021)
	--------------------------- Message Trailer ------------------------	
       {CHK:E84DA85F27A9}
       PKI Signature: MAC & PAC-Equivalent
