


30/05/14-13:20:40	            RtgsAck-0891-000901 	 1
_______________________________________________________________________________
	---------------------  Instance Type and Transmission --------------	
       Notification (Transmission) of Original sent to SWIFT (ACK)
       Network Delivery Status   : Network Ack 
       Priority/Delivery         : Normal
       Message Input Reference   : 1316 140530NAMENGLAAXXX3293408863
	--------------------------- Message Header -------------------------	
       Swift Input                   : FIN 103 Single Customer Credt Transfer
       Sender   : NAMENGLAXXX 
                  STERLING BANK PLC
                  LAGOS NG
       Receiver : ICITNGLAXXX
                  UNITY BANK PLC
                  LAGOS NG
       FIN Copy Service : NGR
	--------------------------- Message Text ---------------------------	
        20: Sender's Reference
            SRS3020145271476
       23B: Bank Operation Code
            CRED
       23E: Instruction Code
            SDVA
       26T: Transaction Type Code
            001
       32A: Val Dte/Curr/Interbnk Settld Amt
            Date           : 30 May 2014
            Currency       : NGN (NAIRA)
            Amount         :            #49,569,281.45#
       50K: Ordering Customer-Name & Address
            /0010049665
            KD.ST.LGC JOINT STATUTORY ACC
       53A: Sender's Correspondent - FI BIC
            /D/3000025911
            NAMENGLA
            STERLING BANK PLC
            LAGOS  NG
       57A: Account With Institution - FI BIC
            /3000025241
            ICITNGLA
            UNITY BANK PLC
            LAGOS  NG
        59: Beneficiary Customer-Name & Addr
            /0001086179
            IKARA L.G.A. MAIN ACCONT
       71A: Details of Charges
            OUR
        72: Sender to Receiver Information
            /CODTYPTR/001
            /BNF/TRF IFO IKARA LGC-UNITY BANK P
            //LC-BOO MIN OF FINANCE
	--------------------------- Message Trailer ------------------------	
       {CHK:349EDDB43B07}
       PKI Signature: MAC & PAC-Equivalent
