


16/07/14-11:07:14	            RtgsAck-1782-001792 	 1
_______________________________________________________________________________
	---------------------  Instance Type and Transmission --------------	
       Notification (Transmission) of Original sent to SWIFT (ACK)
       Network Delivery Status   : Network Ack 
       Priority/Delivery         : Normal
       Message Input Reference   : 1103 140716NAMENGLAAXXX3298420228
	--------------------------- Message Header -------------------------	
       Swift Input                   : FIN 103 Single Customer Credt Transfer
       Sender   : NAMENGLAXXX 
                  STERLING BANK PLC
                  LAGOS NG
       Receiver : ZEIBNGLAXXX
                  ZENITH BANK PLC
                  LAGOS NG
       FIN Copy Service : NGR
	--------------------------- Message Text ---------------------------	
        20: Sender's Reference
            SRS1620147574850
       23B: Bank Operation Code
            CRED
       23E: Instruction Code
            SDVA
       26T: Transaction Type Code
            001
       32A: Val Dte/Curr/Interbnk Settld Amt
            Date           : 16 July 2014
            Currency       : NGN (NAIRA)
            Amount         :           #200,000,000.00#
       50K: Ordering Customer-Name & Address
            /0009546328
            SOUTHGATE TECHNOLOGIES LIMITED
       53A: Sender's Correspondent - FI BIC
            /D/3000025911
            NAMENGLA
            STERLING BANK PLC
            LAGOS  NG
       57A: Account With Institution - FI BIC
            /3000026523
            ZEIBNGLA
            ZENITH BANK PLC
            LAGOS  NG
        59: Beneficiary Customer-Name & Addr
            /1011930151
            SOUTHGATE TECHNOLOGIES LTD
       71A: Details of Charges
            OUR
        72: Sender to Receiver Information
            /CODTYPTR/001
            /BNF/FT TO ZENITH BANK B/O SOUTHGAT
            //E TECHNOLOGIES IFO SOUTHGATE TECH
            //NOLOGIES LTD A/C NO 1011930151
	--------------------------- Message Trailer ------------------------	
       {CHK:0DC50B974FDC}
       PKI Signature: MAC & PAC-Equivalent
