


04/09/14-13:45:35	            RtgsAck-8404-002703 	 1
_______________________________________________________________________________
	---------------------  Instance Type and Transmission --------------	
       Notification (Transmission) of Original sent to SWIFT (ACK)
       Network Delivery Status   : Network Ack 
       Priority/Delivery         : Normal
       Message Input Reference   : 1343 140904NAMENGLAAXXX3310431600
	--------------------------- Message Header -------------------------	
       Swift Input                   : FIN 103 Single Customer Credt Transfer
       Sender   : NAMENGLAXXX 
                  STERLING BANK PLC
                  LAGOS NG
       Receiver : GTBINGLAXXX
                  GUARANTY TRUST BANK PLC
                  LAGOS NG
       FIN Copy Service : NGR
	--------------------------- Message Text ---------------------------	
        20: Sender's Reference
            SRS420149472532
       23B: Bank Operation Code
            CRED
       23E: Instruction Code
            SDVA
       26T: Transaction Type Code
            001
       32A: Val Dte/Curr/Interbnk Settld Amt
            Date           : 04 September 2014
            Currency       : NGN (NAIRA)
            Amount         :            #19,273,327.00#
       50K: Ordering Customer-Name & Address
            /0000814642
            SAFETRUST MORTGAGE BANK LTD
       53A: Sender's Correspondent - FI BIC
            /D/3000025911
            NAMENGLA
            STERLING BANK PLC
            LAGOS  NG
       57A: Account With Institution - FI BIC
            /3000024921
            GTBINGLA
            GUARANTY TRUST BANK PLC
            LAGOS  NG
        59: Beneficiary Customer-Name & Addr
            /0037829129
            GENESIS FOODS NIG LTD
       71A: Details of Charges
            OUR
        72: Sender to Receiver Information
            /CODTYPTR/001
            /BNF/TRFR TO GTB GENESIS FOODS NIGE
            //RIA LTD BO SAFETRUST MORTGAGE BAN
            //K LTD (0037829129)
	--------------------------- Message Trailer ------------------------	
       {CHK:0D4C6E051676}
       PKI Signature: MAC & PAC-Equivalent
