


11/06/14-18:47:14	            RtgsAck-1135-001145 	 1
_______________________________________________________________________________
	---------------------  Instance Type and Transmission --------------	
       Notification (Transmission) of Original sent to SWIFT (ACK)
       Network Delivery Status   : Network Ack 
       Priority/Delivery         : Normal
       Message Input Reference   : 1843 140611NAMENGLAAXXX3295412223
	--------------------------- Message Header -------------------------	
       Swift Input                   : FIN 103 Single Customer Credt Transfer
       Sender   : NAMENGLAXXX 
                  STERLING BANK PLC
                  LAGOS NG
       Receiver : GTBINGLAXXX
                  GUARANTY TRUST BANK PLC
                  LAGOS NG
       FIN Copy Service : NGR
	--------------------------- Message Text ---------------------------	
        20: Sender's Reference
            SRS1120146121289
       23B: Bank Operation Code
            CRED
       23E: Instruction Code
            SDVA
       26T: Transaction Type Code
            001
       32A: Val Dte/Curr/Interbnk Settld Amt
            Date           : 11 June 2014
            Currency       : NGN (NAIRA)
            Amount         :            #12,759,368.75#
       50K: Ordering Customer-Name & Address
            /0010984672
            CONOIL PLC-CORPORATE BRANCH
       53A: Sender's Correspondent - FI BIC
            /D/3000025911
            NAMENGLA
            STERLING BANK PLC
            LAGOS  NG
       57A: Account With Institution - FI BIC
            /3000024921
            GTBINGLA
            GUARANTY TRUST BANK PLC
            LAGOS  NG
        59: Beneficiary Customer-Name & Addr
            /0011393833
            FENDER CARE NIGERIA LTD
       71A: Details of Charges
            OUR
        72: Sender to Receiver Information
            /CODTYPTR/001
            /BNF/BGN RTGS TRF TO GTB IFO FENDER
            //CARE NIGERIA LTD BOO CONOIL PLC
	--------------------------- Message Trailer ------------------------	
       {CHK:F2AD71810A59}
       PKI Signature: MAC & PAC-Equivalent
