


24/04/14-15:10:17	            RtgsAck-0259-000260 	 1
_______________________________________________________________________________
	---------------------  Instance Type and Transmission --------------	
       Notification (Transmission) of Original sent to SWIFT (ACK)
       Network Delivery Status   : Network Ack 
       Priority/Delivery         : Normal
       Message Input Reference   : 1524 140424NAMENGLAAXXX3282399189
	--------------------------- Message Header -------------------------	
       Swift Input                   : FIN 103 Single Customer Credt Transfer
       Sender   : NAMENGLAXXX 
                  STERLING BANK PLC
                  LAGOS NG
       Receiver : ZEIBNGLAXXX
                  ZENITH BANK PLC
                  LAGOS NG
       FIN Copy Service : NGR
	--------------------------- Message Text ---------------------------	
        20: Sender's Reference
            SRS2420144113247
       23B: Bank Operation Code
            CRED
       23E: Instruction Code
            SDVA
       26T: Transaction Type Code
            001
       32A: Val Dte/Curr/Interbnk Settld Amt
            Date           : 24 April 2014
            Currency       : NGN (NAIRA)
            Amount         :            #76,000,000.00#
       50K: Ordering Customer-Name & Address
            /0007079314
            AZMAN OIL AND GAS LTD.
       53A: Sender's Correspondent - FI BIC
            /D/3000025911
            NAMENGLA
            STERLING BANK PLC
            LAGOS  NG
       57A: Account With Institution - FI BIC
            /3000026523
            ZEIBNGLA
            ZENITH BANK PLC
            LAGOS  NG
        59: Beneficiary Customer-Name & Addr
            /1010023333
            TOTAL  NIGERIA PLC .
       71A: Details of Charges
            OUR
        72: Sender to Receiver Information
            /CODTYPTR/001
            /BNF/TRF IFO TOTAL NIG PLC FRM AZMA
            //N OIL - GAS LTD
	--------------------------- Message Trailer ------------------------	
       {CHK:1DF95C85DBCB}
       PKI Signature: MAC & PAC-Equivalent
	---------------------------- Interventions -------------------------	
       Category      : Network Report
       Creation Time : 24/04/14 15:09:59
       Application   : SWIFT Interface
       Operator      : SYSTEM
       Text
       {1:F21NAMENGLAAXXX3282399189}{4:{177:1404241524}{451:0}}
