


24/06/14-13:55:51	            RtgsAck-1322-001332 	 1
_______________________________________________________________________________
	---------------------  Instance Type and Transmission --------------	
       Notification (Transmission) of Original sent to SWIFT (ACK)
       Network Delivery Status   : Network Ack 
       Priority/Delivery         : Normal
       Message Input Reference   : 1352 140624NAMENGLAAXXX3297414938
	--------------------------- Message Header -------------------------	
       Swift Input                   : FIN 103 Single Customer Credt Transfer
       Sender   : NAMENGLAXXX 
                  STERLING BANK PLC
                  LAGOS NG
       Receiver : FBNINGLAXXX
                  FIRST BANK OF NIGERIA PLC
                  LAGOS NG
       FIN Copy Service : NGR
	--------------------------- Message Text ---------------------------	
        20: Sender's Reference
            SRS242014635710
       23B: Bank Operation Code
            CRED
       23E: Instruction Code
            SDVA
       26T: Transaction Type Code
            001
       32A: Val Dte/Curr/Interbnk Settld Amt
            Date           : 24 June 2014
            Currency       : NGN (NAIRA)
            Amount         :            #90,567,159.22#
       50K: Ordering Customer-Name & Address
            /0026424674
            HITECH CONSTRUCTION CO. LTD
       53A: Sender's Correspondent - FI BIC
            /D/3000025911
            NAMENGLA
            STERLING BANK PLC
            LAGOS  NG
       57A: Account With Institution - FI BIC
            /3000024749
            FBNINGLA
            FIRST BANK OF NIGERIA PLC
            LAGOS  NG
        59: Beneficiary Customer-Name & Addr
            /2003854019
            HITECH CONSTR.CO.LTD - PLANT DEPT
       71A: Details of Charges
            OUR
        72: Sender to Receiver Information
            /CODTYPTR/001
            /BNF/BNG TRSF IFO HITECH CONSTRUCTI
            //ON CO. LTD /FBN BOO HITECH CONSTR
            //UCTION CO. LTD
	--------------------------- Message Trailer ------------------------	
       {CHK:3C0EF678C2C5}
       PKI Signature: MAC & PAC-Equivalent
